<?xml version="1.0" encoding="UTF-8"?>
<testsuite xmlns:xsi="http://www.w3.org/2001/XMLSchema-instance" xsi:noNamespaceSchemaLocation="https://maven.apache.org/surefire/maven-surefire-plugin/xsd/surefire-test-report-3.0.xsd" version="3.0" name="com.example.bankcards.service.BankCardsIntegrationTest" time="15.283" tests="28" errors="0" skipped="0" failures="0">
  <properties>
[...]
</properties>
  <testcase name="testRegisterAdmin_Success" classname="com.example.bankcards.service.BankCardsIntegrationTest" time="0.968">
    <system-out><![CDATA[00:36:07.696 [main] INFO org.springframework.test.context.support.AnnotationConfigContextLoaderUtils -- Could not detect default configuration classes for test class [com.example.bankcards.service.BankCardsIntegrationTest]: BankCardsIntegrationTest does not declare any static, non-private, non-final, nested classes annotated with @Configuration.
00:36:07.822 [main] INFO org.springframework.boot.test.context.SpringBootTestContextBootstrapper -- Found @SpringBootConfiguration com.example.bankcards.BankCardManagment for test class com.example.bankcards.service.BankCardsIntegrationTest

  .   ____          _            __ _ _
 /\\ / ___'_ __ _ _(_)_ __  __ _ \ \ \ \
( ( )\___ | '_ | '_| | '_ \/ _` | \ \ \ \
 \\/  ___)| |_)| | | | | || (_| |  ) ) ) )
  '  |____| .__|_| |_|_| |_\__, | / / / /
 =========|_|==============|___/=/_/_/_/
 :: Spring Boot ::                (v3.2.0)

2026-02-04T00:36:08.325+05:00  INFO 26112 --- [bank-cards] [           main] c.e.b.service.BankCardsIntegrationTest   : Starting BankCardsIntegrationTest using Java 21.0.6 with PID 26112 (started by rasal in C:\Github\TechnicallTask\Bank\bank_rest)
2026-02-04T00:36:08.327+05:00  INFO 26112 --- [bank-cards] [           main] c.e.b.service.BankCardsIntegrationTest   : The following 1 profile is active: "test"
2026-02-04T00:36:09.559+05:00  INFO 26112 --- [bank-cards] [           main] .s.d.r.c.RepositoryConfigurationDelegate : Bootstrapping Spring Data JPA repositories in DEFAULT mode.
2026-02-04T00:36:09.617+05:00  INFO 26112 --- [bank-cards] [           main] .s.d.r.c.RepositoryConfigurationDelegate : Finished Spring Data repository scanning in 49 ms. Found 3 JPA repository interfaces.
2026-02-04T00:36:10.488+05:00  INFO 26112 --- [bank-cards] [           main] o.s.b.w.embedded.tomcat.TomcatWebServer  : Tomcat initialized with port 0 (http)
2026-02-04T00:36:10.498+05:00  INFO 26112 --- [bank-cards] [           main] o.apache.catalina.core.StandardService   : Starting service [Tomcat]
2026-02-04T00:36:10.499+05:00  INFO 26112 --- [bank-cards] [           main] o.apache.catalina.core.StandardEngine    : Starting Servlet engine: [Apache Tomcat/10.1.16]
2026-02-04T00:36:10.576+05:00  INFO 26112 --- [bank-cards] [           main] o.a.c.c.C.[Tomcat].[localhost].[/]       : Initializing Spring embedded WebApplicationContext
2026-02-04T00:36:10.577+05:00  INFO 26112 --- [bank-cards] [           main] w.s.c.ServletWebServerApplicationContext : Root WebApplicationContext: initialization completed in 2227 ms
2026-02-04T00:36:10.975+05:00  INFO 26112 --- [bank-cards] [           main] o.hibernate.jpa.internal.util.LogHelper  : HHH000204: Processing PersistenceUnitInfo [name: default]
2026-02-04T00:36:11.069+05:00  INFO 26112 --- [bank-cards] [           main] org.hibernate.Version                    : HHH000412: Hibernate ORM core version 6.3.1.Final
2026-02-04T00:36:11.116+05:00  INFO 26112 --- [bank-cards] [           main] o.h.c.internal.RegionFactoryInitiator    : HHH000026: Second-level cache disabled
2026-02-04T00:36:11.368+05:00  INFO 26112 --- [bank-cards] [           main] o.s.o.j.p.SpringPersistenceUnitInfo      : No LoadTimeWeaver setup: ignoring JPA class transformer
2026-02-04T00:36:11.397+05:00  INFO 26112 --- [bank-cards] [           main] com.zaxxer.hikari.HikariDataSource       : HikariPool-1 - Starting...
2026-02-04T00:36:11.663+05:00  INFO 26112 --- [bank-cards] [           main] com.zaxxer.hikari.pool.HikariPool        : HikariPool-1 - Added connection org.postgresql.jdbc.PgConnection@5c215642
2026-02-04T00:36:11.664+05:00  INFO 26112 --- [bank-cards] [           main] com.zaxxer.hikari.HikariDataSource       : HikariPool-1 - Start completed.
2026-02-04T00:36:12.572+05:00  INFO 26112 --- [bank-cards] [           main] o.h.e.t.j.p.i.JtaPlatformInitiator       : HHH000489: No JTA platform available (set 'hibernate.transaction.jta.platform' to enable JTA platform integration)
2026-02-04T00:36:12.678+05:00  INFO 26112 --- [bank-cards] [           main] j.LocalContainerEntityManagerFactoryBean : Initialized JPA EntityManagerFactory for persistence unit 'default'
2026-02-04T00:36:13.327+05:00  INFO 26112 --- [bank-cards] [           main] o.s.d.j.r.query.QueryEnhancerFactory     : Hibernate is in classpath; If applicable, HQL parser will be used.
2026-02-04T00:36:13.959+05:00  WARN 26112 --- [bank-cards] [           main] JpaBaseConfiguration$JpaWebConfiguration : spring.jpa.open-in-view is enabled by default. Therefore, database queries may be performed during view rendering. Explicitly configure spring.jpa.open-in-view to disable this warning
2026-02-04T00:36:14.345+05:00  INFO 26112 --- [bank-cards] [           main] o.s.b.a.e.web.EndpointLinksResolver      : Exposing 1 endpoint(s) beneath base path '/actuator'
2026-02-04T00:36:14.389+05:00  INFO 26112 --- [bank-cards] [           main] o.s.s.web.DefaultSecurityFilterChain     : Will secure any request with [org.springframework.security.web.session.DisableEncodeUrlFilter@22608777, org.springframework.security.web.context.request.async.WebAsyncManagerIntegrationFilter@5d225368, org.springframework.security.web.context.SecurityContextHolderFilter@53e7dfc4, org.springframework.security.web.header.HeaderWriterFilter@67e3839b, org.springframework.web.filter.CorsFilter@48f9f1d6, org.springframework.security.web.authentication.logout.LogoutFilter@393d1a05, com.example.bankcards.security.JwtFilter@753cfae3, org.springframework.security.web.savedrequest.RequestCacheAwareFilter@74b1b98c, org.springframework.security.web.servletapi.SecurityContextHolderAwareRequestFilter@24fc815d, org.springframework.security.web.authentication.AnonymousAuthenticationFilter@4d687300, org.springframework.security.web.session.SessionManagementFilter@7c7aef90, org.springframework.security.web.access.ExceptionTranslationFilter@35a7c2cc, org.springframework.security.web.access.intercept.AuthorizationFilter@773236a7]
2026-02-04T00:36:14.853+05:00  INFO 26112 --- [bank-cards] [           main] o.a.c.c.C.[Tomcat].[localhost].[/]       : Initializing Spring TestDispatcherServlet ''
2026-02-04T00:36:14.853+05:00  INFO 26112 --- [bank-cards] [           main] o.s.t.web.servlet.TestDispatcherServlet  : Initializing Servlet ''
2026-02-04T00:36:14.853+05:00  INFO 26112 --- [bank-cards] [           main] o.s.t.web.servlet.TestDispatcherServlet  : Completed initialization in 0 ms
2026-02-04T00:36:14.940+05:00  INFO 26112 --- [bank-cards] [           main] o.s.b.w.embedded.tomcat.TomcatWebServer  : Tomcat started on port 63784 (http) with context path ''
2026-02-04T00:36:14.951+05:00  INFO 26112 --- [bank-cards] [           main] c.e.b.service.BankCardsIntegrationTest   : Started BankCardsIntegrationTest in 6.964 seconds (process running for 8.011)
Hibernate: 
    select
        t1_0.id,
        t1_0.amount,
        t1_0.created_at,
        t1_0.from_card_id,
        t1_0.to_card_id 
    from
        transactions t1_0
Hibernate: 
    select
        c1_0.id,
        c1_0.balance,
        c1_0.card_number_encrypted,
        c1_0.expiry_date,
        c1_0.last_four,
        c1_0.owner_id,
        c1_0.status 
    from
        cards c1_0
Hibernate: 
    select
        u1_0.id,
        u1_0.password,
        u1_0.phone_number,
        u1_0.role,
        u1_0.username 
    from
        users u1_0
Hibernate: 
    delete 
    from
        users 
    where
        id=?
Hibernate: 
    delete 
    from
        users 
    where
        id=?
2026-02-04T00:36:15.664+05:00  WARN 26112 --- [bank-cards] [           main] o.s.w.s.h.HandlerMappingIntrospector     : Cache miss for REQUEST dispatch to '/auth/register/admin' (previous null). Performing CorsConfiguration lookup. This is logged once only at WARN level, and every time at TRACE.
2026-02-04T00:36:15.674+05:00  WARN 26112 --- [bank-cards] [           main] o.s.w.s.h.HandlerMappingIntrospector     : Cache miss for REQUEST dispatch to '/auth/register/admin' (previous null). Performing MatchableHandlerMapping lookup. This is logged once only at WARN level, and every time at TRACE.
Hibernate: 
    select
        u1_0.id 
    from
        users u1_0 
    where
        u1_0.username=? 
    fetch
        first ? rows only
Hibernate: 
    select
        u1_0.id 
    from
        users u1_0 
    where
        u1_0.phone_number=? 
    fetch
        first ? rows only
Hibernate: 
    insert 
    into
        users
        (password, phone_number, role, username) 
    values
        (?, ?, ?, ?)
Hibernate: 
    select
        u1_0.id,
        u1_0.password,
        u1_0.phone_number,
        u1_0.role,
        u1_0.username 
    from
        users u1_0 
    where
        u1_0.username=?
]]></system-out>
    <system-err><![CDATA[WARNING: A Java agent has been loaded dynamically (C:\Users\rasal\.m2\repository\net\bytebuddy\byte-buddy-agent\1.14.10\byte-buddy-agent-1.14.10.jar)
WARNING: If a serviceability tool is in use, please run with -XX:+EnableDynamicAgentLoading to hide this warning
WARNING: If a serviceability tool is not in use, please run with -Djdk.instrument.traceUsage for more information
WARNING: Dynamic loading of agents will be disallowed by default in a future release
]]></system-err>
  </testcase>
  <testcase name="testRegisterAdmin_InvalidCode" classname="com.example.bankcards.service.BankCardsIntegrationTest" time="0.031">
    <system-out><![CDATA[Hibernate: 
    select
        t1_0.id,
        t1_0.amount,
        t1_0.created_at,
        t1_0.from_card_id,
        t1_0.to_card_id 
    from
        transactions t1_0
Hibernate: 
    select
        c1_0.id,
        c1_0.balance,
        c1_0.card_number_encrypted,
        c1_0.expiry_date,
        c1_0.last_four,
        c1_0.owner_id,
        c1_0.status 
    from
        cards c1_0
Hibernate: 
    select
        u1_0.id,
        u1_0.password,
        u1_0.phone_number,
        u1_0.role,
        u1_0.username 
    from
        users u1_0
Hibernate: 
    delete 
    from
        users 
    where
        id=?
Hibernate: 
    select
        u1_0.id,
        u1_0.password,
        u1_0.phone_number,
        u1_0.role,
        u1_0.username 
    from
        users u1_0 
    where
        u1_0.username=?
]]></system-out>
  </testcase>
  <testcase name="testRegisterUser_Success" classname="com.example.bankcards.service.BankCardsIntegrationTest" time="0.089">
    <system-out><![CDATA[Hibernate: 
    select
        t1_0.id,
        t1_0.amount,
        t1_0.created_at,
        t1_0.from_card_id,
        t1_0.to_card_id 
    from
        transactions t1_0
Hibernate: 
    select
        c1_0.id,
        c1_0.balance,
        c1_0.card_number_encrypted,
        c1_0.expiry_date,
        c1_0.last_four,
        c1_0.owner_id,
        c1_0.status 
    from
        cards c1_0
Hibernate: 
    select
        u1_0.id,
        u1_0.password,
        u1_0.phone_number,
        u1_0.role,
        u1_0.username 
    from
        users u1_0
Hibernate: 
    select
        u1_0.id 
    from
        users u1_0 
    where
        u1_0.username=? 
    fetch
        first ? rows only
Hibernate: 
    select
        u1_0.id 
    from
        users u1_0 
    where
        u1_0.phone_number=? 
    fetch
        first ? rows only
Hibernate: 
    insert 
    into
        users
        (password, phone_number, role, username) 
    values
        (?, ?, ?, ?)
Hibernate: 
    select
        u1_0.id,
        u1_0.password,
        u1_0.phone_number,
        u1_0.role,
        u1_0.username 
    from
        users u1_0 
    where
        u1_0.username=?
]]></system-out>
  </testcase>
  <testcase name="testRegisterUser_DuplicateUsername" classname="com.example.bankcards.service.BankCardsIntegrationTest" time="0.087">
    <system-out><![CDATA[Hibernate: 
    select
        t1_0.id,
        t1_0.amount,
        t1_0.created_at,
        t1_0.from_card_id,
        t1_0.to_card_id 
    from
        transactions t1_0
Hibernate: 
    select
        c1_0.id,
        c1_0.balance,
        c1_0.card_number_encrypted,
        c1_0.expiry_date,
        c1_0.last_four,
        c1_0.owner_id,
        c1_0.status 
    from
        cards c1_0
Hibernate: 
    select
        u1_0.id,
        u1_0.password,
        u1_0.phone_number,
        u1_0.role,
        u1_0.username 
    from
        users u1_0
Hibernate: 
    delete 
    from
        users 
    where
        id=?
Hibernate: 
    select
        u1_0.id 
    from
        users u1_0 
    where
        u1_0.username=? 
    fetch
        first ? rows only
Hibernate: 
    select
        u1_0.id 
    from
        users u1_0 
    where
        u1_0.phone_number=? 
    fetch
        first ? rows only
Hibernate: 
    insert 
    into
        users
        (password, phone_number, role, username) 
    values
        (?, ?, ?, ?)
Hibernate: 
    select
        u1_0.id 
    from
        users u1_0 
    where
        u1_0.username=? 
    fetch
        first ? rows only
]]></system-out>
  </testcase>
  <testcase name="testLoginAdmin_Success" classname="com.example.bankcards.service.BankCardsIntegrationTest" time="0.235">
    <system-out><![CDATA[Hibernate: 
    select
        t1_0.id,
        t1_0.amount,
        t1_0.created_at,
        t1_0.from_card_id,
        t1_0.to_card_id 
    from
        transactions t1_0
Hibernate: 
    select
        c1_0.id,
        c1_0.balance,
        c1_0.card_number_encrypted,
        c1_0.expiry_date,
        c1_0.last_four,
        c1_0.owner_id,
        c1_0.status 
    from
        cards c1_0
Hibernate: 
    select
        u1_0.id,
        u1_0.password,
        u1_0.phone_number,
        u1_0.role,
        u1_0.username 
    from
        users u1_0
Hibernate: 
    delete 
    from
        users 
    where
        id=?
Hibernate: 
    select
        u1_0.id 
    from
        users u1_0 
    where
        u1_0.username=? 
    fetch
        first ? rows only
Hibernate: 
    select
        u1_0.id 
    from
        users u1_0 
    where
        u1_0.phone_number=? 
    fetch
        first ? rows only
Hibernate: 
    insert 
    into
        users
        (password, phone_number, role, username) 
    values
        (?, ?, ?, ?)
Hibernate: 
    select
        u1_0.id,
        u1_0.password,
        u1_0.phone_number,
        u1_0.role,
        u1_0.username 
    from
        users u1_0 
    where
        u1_0.username=?
Hibernate: 
    select
        u1_0.id,
        u1_0.password,
        u1_0.phone_number,
        u1_0.role,
        u1_0.username 
    from
        users u1_0 
    where
        u1_0.username=?
]]></system-out>
  </testcase>
  <testcase name="testLoginUser_Success" classname="com.example.bankcards.service.BankCardsIntegrationTest" time="0.166">
    <system-out><![CDATA[Hibernate: 
    select
        t1_0.id,
        t1_0.amount,
        t1_0.created_at,
        t1_0.from_card_id,
        t1_0.to_card_id 
    from
        transactions t1_0
Hibernate: 
    select
        c1_0.id,
        c1_0.balance,
        c1_0.card_number_encrypted,
        c1_0.expiry_date,
        c1_0.last_four,
        c1_0.owner_id,
        c1_0.status 
    from
        cards c1_0
Hibernate: 
    select
        u1_0.id,
        u1_0.password,
        u1_0.phone_number,
        u1_0.role,
        u1_0.username 
    from
        users u1_0
Hibernate: 
    delete 
    from
        users 
    where
        id=?
Hibernate: 
    select
        u1_0.id 
    from
        users u1_0 
    where
        u1_0.username=? 
    fetch
        first ? rows only
Hibernate: 
    select
        u1_0.id 
    from
        users u1_0 
    where
        u1_0.phone_number=? 
    fetch
        first ? rows only
Hibernate: 
    insert 
    into
        users
        (password, phone_number, role, username) 
    values
        (?, ?, ?, ?)
Hibernate: 
    select
        u1_0.id,
        u1_0.password,
        u1_0.phone_number,
        u1_0.role,
        u1_0.username 
    from
        users u1_0 
    where
        u1_0.username=?
Hibernate: 
    select
        u1_0.id,
        u1_0.password,
        u1_0.phone_number,
        u1_0.role,
        u1_0.username 
    from
        users u1_0 
    where
        u1_0.username=?
Hibernate: 
    select
        u1_0.id,
        u1_0.password,
        u1_0.phone_number,
        u1_0.role,
        u1_0.username 
    from
        users u1_0 
    where
        u1_0.username=?
]]></system-out>
  </testcase>
  <testcase name="testLogin_InvalidCredentials" classname="com.example.bankcards.service.BankCardsIntegrationTest" time="0.076">
    <system-out><![CDATA[Hibernate: 
    select
        t1_0.id,
        t1_0.amount,
        t1_0.created_at,
        t1_0.from_card_id,
        t1_0.to_card_id 
    from
        transactions t1_0
Hibernate: 
    select
        c1_0.id,
        c1_0.balance,
        c1_0.card_number_encrypted,
        c1_0.expiry_date,
        c1_0.last_four,
        c1_0.owner_id,
        c1_0.status 
    from
        cards c1_0
Hibernate: 
    select
        u1_0.id,
        u1_0.password,
        u1_0.phone_number,
        u1_0.role,
        u1_0.username 
    from
        users u1_0
Hibernate: 
    delete 
    from
        users 
    where
        id=?
Hibernate: 
    select
        u1_0.id,
        u1_0.password,
        u1_0.phone_number,
        u1_0.role,
        u1_0.username 
    from
        users u1_0 
    where
        u1_0.username=?
]]></system-out>
  </testcase>
  <testcase name="testAdminCreateCard_Success" classname="com.example.bankcards.service.BankCardsIntegrationTest" time="0.355">
    <system-out><![CDATA[Hibernate: 
    select
        t1_0.id,
        t1_0.amount,
        t1_0.created_at,
        t1_0.from_card_id,
        t1_0.to_card_id 
    from
        transactions t1_0
Hibernate: 
    select
        c1_0.id,
        c1_0.balance,
        c1_0.card_number_encrypted,
        c1_0.expiry_date,
        c1_0.last_four,
        c1_0.owner_id,
        c1_0.status 
    from
        cards c1_0
Hibernate: 
    select
        u1_0.id,
        u1_0.password,
        u1_0.phone_number,
        u1_0.role,
        u1_0.username 
    from
        users u1_0
Hibernate: 
    select
        u1_0.id 
    from
        users u1_0 
    where
        u1_0.username=? 
    fetch
        first ? rows only
Hibernate: 
    select
        u1_0.id 
    from
        users u1_0 
    where
        u1_0.phone_number=? 
    fetch
        first ? rows only
Hibernate: 
    insert 
    into
        users
        (password, phone_number, role, username) 
    values
        (?, ?, ?, ?)
Hibernate: 
    select
        u1_0.id,
        u1_0.password,
        u1_0.phone_number,
        u1_0.role,
        u1_0.username 
    from
        users u1_0 
    where
        u1_0.username=?
Hibernate: 
    select
        u1_0.id,
        u1_0.password,
        u1_0.phone_number,
        u1_0.role,
        u1_0.username 
    from
        users u1_0 
    where
        u1_0.username=?
Hibernate: 
    select
        u1_0.id 
    from
        users u1_0 
    where
        u1_0.username=? 
    fetch
        first ? rows only
Hibernate: 
    select
        u1_0.id 
    from
        users u1_0 
    where
        u1_0.phone_number=? 
    fetch
        first ? rows only
Hibernate: 
    insert 
    into
        users
        (password, phone_number, role, username) 
    values
        (?, ?, ?, ?)
Hibernate: 
    select
        u1_0.id,
        u1_0.password,
        u1_0.phone_number,
        u1_0.role,
        u1_0.username 
    from
        users u1_0 
    where
        u1_0.username=?
Hibernate: 
    select
        u1_0.id,
        u1_0.password,
        u1_0.phone_number,
        u1_0.role,
        u1_0.username 
    from
        users u1_0 
    where
        u1_0.username=?
Hibernate: 
    select
        u1_0.id,
        u1_0.password,
        u1_0.phone_number,
        u1_0.role,
        u1_0.username 
    from
        users u1_0 
    where
        u1_0.username=?
Hibernate: 
    select
        u1_0.id,
        u1_0.password,
        u1_0.phone_number,
        u1_0.role,
        u1_0.username 
    from
        users u1_0 
    where
        u1_0.username=?
Hibernate: 
    select
        u1_0.id,
        u1_0.password,
        u1_0.phone_number,
        u1_0.role,
        u1_0.username 
    from
        users u1_0 
    where
        u1_0.id=?
Hibernate: 
    select
        c1_0.id 
    from
        cards c1_0 
    where
        c1_0.card_number_encrypted=? 
    fetch
        first ? rows only
Hibernate: 
    insert 
    into
        cards
        (balance, card_number_encrypted, expiry_date, last_four, owner_id, status) 
    values
        (?, ?, ?, ?, ?, ?)
]]></system-out>
  </testcase>
  <testcase name="testAdminCreateSecondCard_Success" classname="com.example.bankcards.service.BankCardsIntegrationTest" time="0.3">
    <system-out><![CDATA[Hibernate: 
    select
        t1_0.id,
        t1_0.amount,
        t1_0.created_at,
        t1_0.from_card_id,
        t1_0.to_card_id 
    from
        transactions t1_0
Hibernate: 
    select
        c1_0.id,
        c1_0.balance,
        c1_0.card_number_encrypted,
        c1_0.expiry_date,
        c1_0.last_four,
        c1_0.owner_id,
        c1_0.status 
    from
        cards c1_0
Hibernate: 
    delete 
    from
        cards 
    where
        id=?
Hibernate: 
    select
        u1_0.id,
        u1_0.password,
        u1_0.phone_number,
        u1_0.role,
        u1_0.username 
    from
        users u1_0
Hibernate: 
    delete 
    from
        users 
    where
        id=?
Hibernate: 
    delete 
    from
        users 
    where
        id=?
Hibernate: 
    select
        u1_0.id 
    from
        users u1_0 
    where
        u1_0.username=? 
    fetch
        first ? rows only
Hibernate: 
    select
        u1_0.id 
    from
        users u1_0 
    where
        u1_0.phone_number=? 
    fetch
        first ? rows only
Hibernate: 
    insert 
    into
        users
        (password, phone_number, role, username) 
    values
        (?, ?, ?, ?)
Hibernate: 
    select
        u1_0.id,
        u1_0.password,
        u1_0.phone_number,
        u1_0.role,
        u1_0.username 
    from
        users u1_0 
    where
        u1_0.username=?
Hibernate: 
    select
        u1_0.id,
        u1_0.password,
        u1_0.phone_number,
        u1_0.role,
        u1_0.username 
    from
        users u1_0 
    where
        u1_0.username=?
Hibernate: 
    select
        u1_0.id 
    from
        users u1_0 
    where
        u1_0.username=? 
    fetch
        first ? rows only
Hibernate: 
    select
        u1_0.id 
    from
        users u1_0 
    where
        u1_0.phone_number=? 
    fetch
        first ? rows only
Hibernate: 
    insert 
    into
        users
        (password, phone_number, role, username) 
    values
        (?, ?, ?, ?)
Hibernate: 
    select
        u1_0.id,
        u1_0.password,
        u1_0.phone_number,
        u1_0.role,
        u1_0.username 
    from
        users u1_0 
    where
        u1_0.username=?
Hibernate: 
    select
        u1_0.id,
        u1_0.password,
        u1_0.phone_number,
        u1_0.role,
        u1_0.username 
    from
        users u1_0 
    where
        u1_0.username=?
Hibernate: 
    select
        u1_0.id,
        u1_0.password,
        u1_0.phone_number,
        u1_0.role,
        u1_0.username 
    from
        users u1_0 
    where
        u1_0.username=?
Hibernate: 
    select
        u1_0.id,
        u1_0.password,
        u1_0.phone_number,
        u1_0.role,
        u1_0.username 
    from
        users u1_0 
    where
        u1_0.username=?
Hibernate: 
    select
        u1_0.id,
        u1_0.password,
        u1_0.phone_number,
        u1_0.role,
        u1_0.username 
    from
        users u1_0 
    where
        u1_0.id=?
Hibernate: 
    select
        c1_0.id 
    from
        cards c1_0 
    where
        c1_0.card_number_encrypted=? 
    fetch
        first ? rows only
Hibernate: 
    insert 
    into
        cards
        (balance, card_number_encrypted, expiry_date, last_four, owner_id, status) 
    values
        (?, ?, ?, ?, ?, ?)
]]></system-out>
  </testcase>
  <testcase name="testUserCannotCreateCard" classname="com.example.bankcards.service.BankCardsIntegrationTest" time="0.281">
    <system-out><![CDATA[Hibernate: 
    select
        t1_0.id,
        t1_0.amount,
        t1_0.created_at,
        t1_0.from_card_id,
        t1_0.to_card_id 
    from
        transactions t1_0
Hibernate: 
    select
        c1_0.id,
        c1_0.balance,
        c1_0.card_number_encrypted,
        c1_0.expiry_date,
        c1_0.last_four,
        c1_0.owner_id,
        c1_0.status 
    from
        cards c1_0
Hibernate: 
    delete 
    from
        cards 
    where
        id=?
Hibernate: 
    select
        u1_0.id,
        u1_0.password,
        u1_0.phone_number,
        u1_0.role,
        u1_0.username 
    from
        users u1_0
Hibernate: 
    delete 
    from
        users 
    where
        id=?
Hibernate: 
    delete 
    from
        users 
    where
        id=?
Hibernate: 
    select
        u1_0.id 
    from
        users u1_0 
    where
        u1_0.username=? 
    fetch
        first ? rows only
Hibernate: 
    select
        u1_0.id 
    from
        users u1_0 
    where
        u1_0.phone_number=? 
    fetch
        first ? rows only
Hibernate: 
    insert 
    into
        users
        (password, phone_number, role, username) 
    values
        (?, ?, ?, ?)
Hibernate: 
    select
        u1_0.id,
        u1_0.password,
        u1_0.phone_number,
        u1_0.role,
        u1_0.username 
    from
        users u1_0 
    where
        u1_0.username=?
Hibernate: 
    select
        u1_0.id,
        u1_0.password,
        u1_0.phone_number,
        u1_0.role,
        u1_0.username 
    from
        users u1_0 
    where
        u1_0.username=?
Hibernate: 
    select
        u1_0.id 
    from
        users u1_0 
    where
        u1_0.username=? 
    fetch
        first ? rows only
Hibernate: 
    select
        u1_0.id 
    from
        users u1_0 
    where
        u1_0.phone_number=? 
    fetch
        first ? rows only
Hibernate: 
    insert 
    into
        users
        (password, phone_number, role, username) 
    values
        (?, ?, ?, ?)
Hibernate: 
    select
        u1_0.id,
        u1_0.password,
        u1_0.phone_number,
        u1_0.role,
        u1_0.username 
    from
        users u1_0 
    where
        u1_0.username=?
Hibernate: 
    select
        u1_0.id,
        u1_0.password,
        u1_0.phone_number,
        u1_0.role,
        u1_0.username 
    from
        users u1_0 
    where
        u1_0.username=?
Hibernate: 
    select
        u1_0.id,
        u1_0.password,
        u1_0.phone_number,
        u1_0.role,
        u1_0.username 
    from
        users u1_0 
    where
        u1_0.username=?
Hibernate: 
    select
        u1_0.id,
        u1_0.password,
        u1_0.phone_number,
        u1_0.role,
        u1_0.username 
    from
        users u1_0 
    where
        u1_0.username=?
]]></system-out>
  </testcase>
  <testcase name="testAdminTopUpCard_Success" classname="com.example.bankcards.service.BankCardsIntegrationTest" time="0.329">
    <system-out><![CDATA[Hibernate: 
    select
        t1_0.id,
        t1_0.amount,
        t1_0.created_at,
        t1_0.from_card_id,
        t1_0.to_card_id 
    from
        transactions t1_0
Hibernate: 
    select
        c1_0.id,
        c1_0.balance,
        c1_0.card_number_encrypted,
        c1_0.expiry_date,
        c1_0.last_four,
        c1_0.owner_id,
        c1_0.status 
    from
        cards c1_0
Hibernate: 
    select
        u1_0.id,
        u1_0.password,
        u1_0.phone_number,
        u1_0.role,
        u1_0.username 
    from
        users u1_0
Hibernate: 
    delete 
    from
        users 
    where
        id=?
Hibernate: 
    delete 
    from
        users 
    where
        id=?
Hibernate: 
    select
        u1_0.id 
    from
        users u1_0 
    where
        u1_0.username=? 
    fetch
        first ? rows only
Hibernate: 
    select
        u1_0.id 
    from
        users u1_0 
    where
        u1_0.phone_number=? 
    fetch
        first ? rows only
Hibernate: 
    insert 
    into
        users
        (password, phone_number, role, username) 
    values
        (?, ?, ?, ?)
Hibernate: 
    select
        u1_0.id,
        u1_0.password,
        u1_0.phone_number,
        u1_0.role,
        u1_0.username 
    from
        users u1_0 
    where
        u1_0.username=?
Hibernate: 
    select
        u1_0.id,
        u1_0.password,
        u1_0.phone_number,
        u1_0.role,
        u1_0.username 
    from
        users u1_0 
    where
        u1_0.username=?
Hibernate: 
    select
        u1_0.id 
    from
        users u1_0 
    where
        u1_0.username=? 
    fetch
        first ? rows only
Hibernate: 
    select
        u1_0.id 
    from
        users u1_0 
    where
        u1_0.phone_number=? 
    fetch
        first ? rows only
Hibernate: 
    insert 
    into
        users
        (password, phone_number, role, username) 
    values
        (?, ?, ?, ?)
Hibernate: 
    select
        u1_0.id,
        u1_0.password,
        u1_0.phone_number,
        u1_0.role,
        u1_0.username 
    from
        users u1_0 
    where
        u1_0.username=?
Hibernate: 
    select
        u1_0.id,
        u1_0.password,
        u1_0.phone_number,
        u1_0.role,
        u1_0.username 
    from
        users u1_0 
    where
        u1_0.username=?
Hibernate: 
    select
        u1_0.id,
        u1_0.password,
        u1_0.phone_number,
        u1_0.role,
        u1_0.username 
    from
        users u1_0 
    where
        u1_0.username=?
Hibernate: 
    select
        u1_0.id,
        u1_0.password,
        u1_0.phone_number,
        u1_0.role,
        u1_0.username 
    from
        users u1_0 
    where
        u1_0.username=?
Hibernate: 
    select
        u1_0.id,
        u1_0.password,
        u1_0.phone_number,
        u1_0.role,
        u1_0.username 
    from
        users u1_0 
    where
        u1_0.id=?
Hibernate: 
    select
        c1_0.id 
    from
        cards c1_0 
    where
        c1_0.card_number_encrypted=? 
    fetch
        first ? rows only
Hibernate: 
    insert 
    into
        cards
        (balance, card_number_encrypted, expiry_date, last_four, owner_id, status) 
    values
        (?, ?, ?, ?, ?, ?)
Hibernate: 
    select
        u1_0.id,
        u1_0.password,
        u1_0.phone_number,
        u1_0.role,
        u1_0.username 
    from
        users u1_0 
    where
        u1_0.username=?
Hibernate: 
    select
        u1_0.id,
        u1_0.password,
        u1_0.phone_number,
        u1_0.role,
        u1_0.username 
    from
        users u1_0 
    where
        u1_0.id=?
Hibernate: 
    select
        c1_0.id 
    from
        cards c1_0 
    where
        c1_0.card_number_encrypted=? 
    fetch
        first ? rows only
Hibernate: 
    insert 
    into
        cards
        (balance, card_number_encrypted, expiry_date, last_four, owner_id, status) 
    values
        (?, ?, ?, ?, ?, ?)
Hibernate: 
    select
        u1_0.id,
        u1_0.password,
        u1_0.phone_number,
        u1_0.role,
        u1_0.username 
    from
        users u1_0 
    where
        u1_0.username=?
Hibernate: 
    select
        c1_0.id,
        c1_0.balance,
        c1_0.card_number_encrypted,
        c1_0.expiry_date,
        c1_0.last_four,
        c1_0.owner_id,
        c1_0.status 
    from
        cards c1_0 
    where
        c1_0.id=?
Hibernate: 
    update
        cards 
    set
        balance=?,
        card_number_encrypted=?,
        expiry_date=?,
        last_four=?,
        owner_id=?,
        status=? 
    where
        id=?
Hibernate: 
    select
        c1_0.id,
        c1_0.balance,
        c1_0.card_number_encrypted,
        c1_0.expiry_date,
        c1_0.last_four,
        c1_0.owner_id,
        c1_0.status 
    from
        cards c1_0 
    where
        c1_0.id=?
]]></system-out>
  </testcase>
  <testcase name="testAdminBlockCard_Success" classname="com.example.bankcards.service.BankCardsIntegrationTest" time="0.332">
    <system-out><![CDATA[Hibernate: 
    select
        t1_0.id,
        t1_0.amount,
        t1_0.created_at,
        t1_0.from_card_id,
        t1_0.to_card_id 
    from
        transactions t1_0
Hibernate: 
    select
        c1_0.id,
        c1_0.balance,
        c1_0.card_number_encrypted,
        c1_0.expiry_date,
        c1_0.last_four,
        c1_0.owner_id,
        c1_0.status 
    from
        cards c1_0
Hibernate: 
    delete 
    from
        cards 
    where
        id=?
Hibernate: 
    delete 
    from
        cards 
    where
        id=?
Hibernate: 
    select
        u1_0.id,
        u1_0.password,
        u1_0.phone_number,
        u1_0.role,
        u1_0.username 
    from
        users u1_0
Hibernate: 
    delete 
    from
        users 
    where
        id=?
Hibernate: 
    delete 
    from
        users 
    where
        id=?
Hibernate: 
    select
        u1_0.id 
    from
        users u1_0 
    where
        u1_0.username=? 
    fetch
        first ? rows only
Hibernate: 
    select
        u1_0.id 
    from
        users u1_0 
    where
        u1_0.phone_number=? 
    fetch
        first ? rows only
Hibernate: 
    insert 
    into
        users
        (password, phone_number, role, username) 
    values
        (?, ?, ?, ?)
Hibernate: 
    select
        u1_0.id,
        u1_0.password,
        u1_0.phone_number,
        u1_0.role,
        u1_0.username 
    from
        users u1_0 
    where
        u1_0.username=?
Hibernate: 
    select
        u1_0.id,
        u1_0.password,
        u1_0.phone_number,
        u1_0.role,
        u1_0.username 
    from
        users u1_0 
    where
        u1_0.username=?
Hibernate: 
    select
        u1_0.id 
    from
        users u1_0 
    where
        u1_0.username=? 
    fetch
        first ? rows only
Hibernate: 
    select
        u1_0.id 
    from
        users u1_0 
    where
        u1_0.phone_number=? 
    fetch
        first ? rows only
Hibernate: 
    insert 
    into
        users
        (password, phone_number, role, username) 
    values
        (?, ?, ?, ?)
Hibernate: 
    select
        u1_0.id,
        u1_0.password,
        u1_0.phone_number,
        u1_0.role,
        u1_0.username 
    from
        users u1_0 
    where
        u1_0.username=?
Hibernate: 
    select
        u1_0.id,
        u1_0.password,
        u1_0.phone_number,
        u1_0.role,
        u1_0.username 
    from
        users u1_0 
    where
        u1_0.username=?
Hibernate: 
    select
        u1_0.id,
        u1_0.password,
        u1_0.phone_number,
        u1_0.role,
        u1_0.username 
    from
        users u1_0 
    where
        u1_0.username=?
Hibernate: 
    select
        u1_0.id,
        u1_0.password,
        u1_0.phone_number,
        u1_0.role,
        u1_0.username 
    from
        users u1_0 
    where
        u1_0.username=?
Hibernate: 
    select
        u1_0.id,
        u1_0.password,
        u1_0.phone_number,
        u1_0.role,
        u1_0.username 
    from
        users u1_0 
    where
        u1_0.id=?
Hibernate: 
    select
        c1_0.id 
    from
        cards c1_0 
    where
        c1_0.card_number_encrypted=? 
    fetch
        first ? rows only
Hibernate: 
    insert 
    into
        cards
        (balance, card_number_encrypted, expiry_date, last_four, owner_id, status) 
    values
        (?, ?, ?, ?, ?, ?)
Hibernate: 
    select
        u1_0.id,
        u1_0.password,
        u1_0.phone_number,
        u1_0.role,
        u1_0.username 
    from
        users u1_0 
    where
        u1_0.username=?
Hibernate: 
    select
        u1_0.id,
        u1_0.password,
        u1_0.phone_number,
        u1_0.role,
        u1_0.username 
    from
        users u1_0 
    where
        u1_0.id=?
Hibernate: 
    select
        c1_0.id 
    from
        cards c1_0 
    where
        c1_0.card_number_encrypted=? 
    fetch
        first ? rows only
Hibernate: 
    insert 
    into
        cards
        (balance, card_number_encrypted, expiry_date, last_four, owner_id, status) 
    values
        (?, ?, ?, ?, ?, ?)
Hibernate: 
    select
        u1_0.id,
        u1_0.password,
        u1_0.phone_number,
        u1_0.role,
        u1_0.username 
    from
        users u1_0 
    where
        u1_0.username=?
Hibernate: 
    select
        c1_0.id,
        c1_0.balance,
        c1_0.card_number_encrypted,
        c1_0.expiry_date,
        c1_0.last_four,
        c1_0.owner_id,
        c1_0.status 
    from
        cards c1_0 
    where
        c1_0.id=?
Hibernate: 
    select
        u1_0.id,
        u1_0.password,
        u1_0.phone_number,
        u1_0.role,
        u1_0.username 
    from
        users u1_0 
    where
        u1_0.id=?
Hibernate: 
    update
        cards 
    set
        balance=?,
        card_number_encrypted=?,
        expiry_date=?,
        last_four=?,
        owner_id=?,
        status=? 
    where
        id=?
Hibernate: 
    select
        c1_0.id,
        c1_0.balance,
        c1_0.card_number_encrypted,
        c1_0.expiry_date,
        c1_0.last_four,
        c1_0.owner_id,
        c1_0.status 
    from
        cards c1_0 
    where
        c1_0.id=?
]]></system-out>
  </testcase>
  <testcase name="testAdminActivateCard_Success" classname="com.example.bankcards.service.BankCardsIntegrationTest" time="0.323">
    <system-out><![CDATA[Hibernate: 
    select
        t1_0.id,
        t1_0.amount,
        t1_0.created_at,
        t1_0.from_card_id,
        t1_0.to_card_id 
    from
        transactions t1_0
Hibernate: 
    select
        c1_0.id,
        c1_0.balance,
        c1_0.card_number_encrypted,
        c1_0.expiry_date,
        c1_0.last_four,
        c1_0.owner_id,
        c1_0.status 
    from
        cards c1_0
Hibernate: 
    delete 
    from
        cards 
    where
        id=?
Hibernate: 
    delete 
    from
        cards 
    where
        id=?
Hibernate: 
    select
        u1_0.id,
        u1_0.password,
        u1_0.phone_number,
        u1_0.role,
        u1_0.username 
    from
        users u1_0
Hibernate: 
    delete 
    from
        users 
    where
        id=?
Hibernate: 
    delete 
    from
        users 
    where
        id=?
Hibernate: 
    select
        u1_0.id 
    from
        users u1_0 
    where
        u1_0.username=? 
    fetch
        first ? rows only
Hibernate: 
    select
        u1_0.id 
    from
        users u1_0 
    where
        u1_0.phone_number=? 
    fetch
        first ? rows only
Hibernate: 
    insert 
    into
        users
        (password, phone_number, role, username) 
    values
        (?, ?, ?, ?)
Hibernate: 
    select
        u1_0.id,
        u1_0.password,
        u1_0.phone_number,
        u1_0.role,
        u1_0.username 
    from
        users u1_0 
    where
        u1_0.username=?
Hibernate: 
    select
        u1_0.id,
        u1_0.password,
        u1_0.phone_number,
        u1_0.role,
        u1_0.username 
    from
        users u1_0 
    where
        u1_0.username=?
Hibernate: 
    select
        u1_0.id 
    from
        users u1_0 
    where
        u1_0.username=? 
    fetch
        first ? rows only
Hibernate: 
    select
        u1_0.id 
    from
        users u1_0 
    where
        u1_0.phone_number=? 
    fetch
        first ? rows only
Hibernate: 
    insert 
    into
        users
        (password, phone_number, role, username) 
    values
        (?, ?, ?, ?)
Hibernate: 
    select
        u1_0.id,
        u1_0.password,
        u1_0.phone_number,
        u1_0.role,
        u1_0.username 
    from
        users u1_0 
    where
        u1_0.username=?
Hibernate: 
    select
        u1_0.id,
        u1_0.password,
        u1_0.phone_number,
        u1_0.role,
        u1_0.username 
    from
        users u1_0 
    where
        u1_0.username=?
Hibernate: 
    select
        u1_0.id,
        u1_0.password,
        u1_0.phone_number,
        u1_0.role,
        u1_0.username 
    from
        users u1_0 
    where
        u1_0.username=?
Hibernate: 
    select
        u1_0.id,
        u1_0.password,
        u1_0.phone_number,
        u1_0.role,
        u1_0.username 
    from
        users u1_0 
    where
        u1_0.username=?
Hibernate: 
    select
        u1_0.id,
        u1_0.password,
        u1_0.phone_number,
        u1_0.role,
        u1_0.username 
    from
        users u1_0 
    where
        u1_0.id=?
Hibernate: 
    select
        c1_0.id 
    from
        cards c1_0 
    where
        c1_0.card_number_encrypted=? 
    fetch
        first ? rows only
Hibernate: 
    insert 
    into
        cards
        (balance, card_number_encrypted, expiry_date, last_four, owner_id, status) 
    values
        (?, ?, ?, ?, ?, ?)
Hibernate: 
    select
        u1_0.id,
        u1_0.password,
        u1_0.phone_number,
        u1_0.role,
        u1_0.username 
    from
        users u1_0 
    where
        u1_0.username=?
Hibernate: 
    select
        u1_0.id,
        u1_0.password,
        u1_0.phone_number,
        u1_0.role,
        u1_0.username 
    from
        users u1_0 
    where
        u1_0.id=?
Hibernate: 
    select
        c1_0.id 
    from
        cards c1_0 
    where
        c1_0.card_number_encrypted=? 
    fetch
        first ? rows only
Hibernate: 
    insert 
    into
        cards
        (balance, card_number_encrypted, expiry_date, last_four, owner_id, status) 
    values
        (?, ?, ?, ?, ?, ?)
Hibernate: 
    select
        u1_0.id,
        u1_0.password,
        u1_0.phone_number,
        u1_0.role,
        u1_0.username 
    from
        users u1_0 
    where
        u1_0.username=?
Hibernate: 
    select
        c1_0.id,
        c1_0.balance,
        c1_0.card_number_encrypted,
        c1_0.expiry_date,
        c1_0.last_four,
        c1_0.owner_id,
        c1_0.status 
    from
        cards c1_0 
    where
        c1_0.id=?
Hibernate: 
    select
        u1_0.id,
        u1_0.password,
        u1_0.phone_number,
        u1_0.role,
        u1_0.username 
    from
        users u1_0 
    where
        u1_0.id=?
Hibernate: 
    update
        cards 
    set
        balance=?,
        card_number_encrypted=?,
        expiry_date=?,
        last_four=?,
        owner_id=?,
        status=? 
    where
        id=?
Hibernate: 
    select
        u1_0.id,
        u1_0.password,
        u1_0.phone_number,
        u1_0.role,
        u1_0.username 
    from
        users u1_0 
    where
        u1_0.username=?
Hibernate: 
    select
        c1_0.id,
        c1_0.balance,
        c1_0.card_number_encrypted,
        c1_0.expiry_date,
        c1_0.last_four,
        c1_0.owner_id,
        c1_0.status 
    from
        cards c1_0 
    where
        c1_0.id=?
Hibernate: 
    select
        u1_0.id,
        u1_0.password,
        u1_0.phone_number,
        u1_0.role,
        u1_0.username 
    from
        users u1_0 
    where
        u1_0.id=?
Hibernate: 
    update
        cards 
    set
        balance=?,
        card_number_encrypted=?,
        expiry_date=?,
        last_four=?,
        owner_id=?,
        status=? 
    where
        id=?
Hibernate: 
    select
        c1_0.id,
        c1_0.balance,
        c1_0.card_number_encrypted,
        c1_0.expiry_date,
        c1_0.last_four,
        c1_0.owner_id,
        c1_0.status 
    from
        cards c1_0 
    where
        c1_0.id=?
]]></system-out>
  </testcase>
  <testcase name="testAdminDeleteCard_Success" classname="com.example.bankcards.service.BankCardsIntegrationTest" time="0.319">
    <system-out><![CDATA[Hibernate: 
    select
        t1_0.id,
        t1_0.amount,
        t1_0.created_at,
        t1_0.from_card_id,
        t1_0.to_card_id 
    from
        transactions t1_0
Hibernate: 
    select
        c1_0.id,
        c1_0.balance,
        c1_0.card_number_encrypted,
        c1_0.expiry_date,
        c1_0.last_four,
        c1_0.owner_id,
        c1_0.status 
    from
        cards c1_0
Hibernate: 
    delete 
    from
        cards 
    where
        id=?
Hibernate: 
    delete 
    from
        cards 
    where
        id=?
Hibernate: 
    select
        u1_0.id,
        u1_0.password,
        u1_0.phone_number,
        u1_0.role,
        u1_0.username 
    from
        users u1_0
Hibernate: 
    delete 
    from
        users 
    where
        id=?
Hibernate: 
    delete 
    from
        users 
    where
        id=?
Hibernate: 
    select
        u1_0.id 
    from
        users u1_0 
    where
        u1_0.username=? 
    fetch
        first ? rows only
Hibernate: 
    select
        u1_0.id 
    from
        users u1_0 
    where
        u1_0.phone_number=? 
    fetch
        first ? rows only
Hibernate: 
    insert 
    into
        users
        (password, phone_number, role, username) 
    values
        (?, ?, ?, ?)
Hibernate: 
    select
        u1_0.id,
        u1_0.password,
        u1_0.phone_number,
        u1_0.role,
        u1_0.username 
    from
        users u1_0 
    where
        u1_0.username=?
Hibernate: 
    select
        u1_0.id,
        u1_0.password,
        u1_0.phone_number,
        u1_0.role,
        u1_0.username 
    from
        users u1_0 
    where
        u1_0.username=?
Hibernate: 
    select
        u1_0.id 
    from
        users u1_0 
    where
        u1_0.username=? 
    fetch
        first ? rows only
Hibernate: 
    select
        u1_0.id 
    from
        users u1_0 
    where
        u1_0.phone_number=? 
    fetch
        first ? rows only
Hibernate: 
    insert 
    into
        users
        (password, phone_number, role, username) 
    values
        (?, ?, ?, ?)
Hibernate: 
    select
        u1_0.id,
        u1_0.password,
        u1_0.phone_number,
        u1_0.role,
        u1_0.username 
    from
        users u1_0 
    where
        u1_0.username=?
Hibernate: 
    select
        u1_0.id,
        u1_0.password,
        u1_0.phone_number,
        u1_0.role,
        u1_0.username 
    from
        users u1_0 
    where
        u1_0.username=?
Hibernate: 
    select
        u1_0.id,
        u1_0.password,
        u1_0.phone_number,
        u1_0.role,
        u1_0.username 
    from
        users u1_0 
    where
        u1_0.username=?
Hibernate: 
    select
        u1_0.id,
        u1_0.password,
        u1_0.phone_number,
        u1_0.role,
        u1_0.username 
    from
        users u1_0 
    where
        u1_0.username=?
Hibernate: 
    select
        u1_0.id,
        u1_0.password,
        u1_0.phone_number,
        u1_0.role,
        u1_0.username 
    from
        users u1_0 
    where
        u1_0.id=?
Hibernate: 
    select
        c1_0.id 
    from
        cards c1_0 
    where
        c1_0.card_number_encrypted=? 
    fetch
        first ? rows only
Hibernate: 
    insert 
    into
        cards
        (balance, card_number_encrypted, expiry_date, last_four, owner_id, status) 
    values
        (?, ?, ?, ?, ?, ?)
Hibernate: 
    select
        u1_0.id,
        u1_0.password,
        u1_0.phone_number,
        u1_0.role,
        u1_0.username 
    from
        users u1_0 
    where
        u1_0.username=?
Hibernate: 
    select
        u1_0.id,
        u1_0.password,
        u1_0.phone_number,
        u1_0.role,
        u1_0.username 
    from
        users u1_0 
    where
        u1_0.id=?
Hibernate: 
    select
        c1_0.id 
    from
        cards c1_0 
    where
        c1_0.card_number_encrypted=? 
    fetch
        first ? rows only
Hibernate: 
    insert 
    into
        cards
        (balance, card_number_encrypted, expiry_date, last_four, owner_id, status) 
    values
        (?, ?, ?, ?, ?, ?)
Hibernate: 
    select
        u1_0.id,
        u1_0.password,
        u1_0.phone_number,
        u1_0.role,
        u1_0.username 
    from
        users u1_0 
    where
        u1_0.username=?
Hibernate: 
    select
        c1_0.id,
        c1_0.balance,
        c1_0.card_number_encrypted,
        c1_0.expiry_date,
        c1_0.last_four,
        c1_0.owner_id,
        c1_0.status 
    from
        cards c1_0 
    where
        c1_0.id=?
Hibernate: 
    update
        cards 
    set
        balance=?,
        card_number_encrypted=?,
        expiry_date=?,
        last_four=?,
        owner_id=?,
        status=? 
    where
        id=?
Hibernate: 
    select
        c1_0.id,
        c1_0.balance,
        c1_0.card_number_encrypted,
        c1_0.expiry_date,
        c1_0.last_four,
        c1_0.owner_id,
        c1_0.status 
    from
        cards c1_0 
    where
        c1_0.id=?
]]></system-out>
  </testcase>
  <testcase name="testAdminGetAllCards_Success" classname="com.example.bankcards.service.BankCardsIntegrationTest" time="0.334">
    <system-out><![CDATA[Hibernate: 
    select
        t1_0.id,
        t1_0.amount,
        t1_0.created_at,
        t1_0.from_card_id,
        t1_0.to_card_id 
    from
        transactions t1_0
Hibernate: 
    select
        c1_0.id,
        c1_0.balance,
        c1_0.card_number_encrypted,
        c1_0.expiry_date,
        c1_0.last_four,
        c1_0.owner_id,
        c1_0.status 
    from
        cards c1_0
Hibernate: 
    delete 
    from
        cards 
    where
        id=?
Hibernate: 
    delete 
    from
        cards 
    where
        id=?
Hibernate: 
    select
        u1_0.id,
        u1_0.password,
        u1_0.phone_number,
        u1_0.role,
        u1_0.username 
    from
        users u1_0
Hibernate: 
    delete 
    from
        users 
    where
        id=?
Hibernate: 
    delete 
    from
        users 
    where
        id=?
Hibernate: 
    select
        u1_0.id 
    from
        users u1_0 
    where
        u1_0.username=? 
    fetch
        first ? rows only
Hibernate: 
    select
        u1_0.id 
    from
        users u1_0 
    where
        u1_0.phone_number=? 
    fetch
        first ? rows only
Hibernate: 
    insert 
    into
        users
        (password, phone_number, role, username) 
    values
        (?, ?, ?, ?)
Hibernate: 
    select
        u1_0.id,
        u1_0.password,
        u1_0.phone_number,
        u1_0.role,
        u1_0.username 
    from
        users u1_0 
    where
        u1_0.username=?
Hibernate: 
    select
        u1_0.id,
        u1_0.password,
        u1_0.phone_number,
        u1_0.role,
        u1_0.username 
    from
        users u1_0 
    where
        u1_0.username=?
Hibernate: 
    select
        u1_0.id 
    from
        users u1_0 
    where
        u1_0.username=? 
    fetch
        first ? rows only
Hibernate: 
    select
        u1_0.id 
    from
        users u1_0 
    where
        u1_0.phone_number=? 
    fetch
        first ? rows only
Hibernate: 
    insert 
    into
        users
        (password, phone_number, role, username) 
    values
        (?, ?, ?, ?)
Hibernate: 
    select
        u1_0.id,
        u1_0.password,
        u1_0.phone_number,
        u1_0.role,
        u1_0.username 
    from
        users u1_0 
    where
        u1_0.username=?
Hibernate: 
    select
        u1_0.id,
        u1_0.password,
        u1_0.phone_number,
        u1_0.role,
        u1_0.username 
    from
        users u1_0 
    where
        u1_0.username=?
Hibernate: 
    select
        u1_0.id,
        u1_0.password,
        u1_0.phone_number,
        u1_0.role,
        u1_0.username 
    from
        users u1_0 
    where
        u1_0.username=?
Hibernate: 
    select
        u1_0.id,
        u1_0.password,
        u1_0.phone_number,
        u1_0.role,
        u1_0.username 
    from
        users u1_0 
    where
        u1_0.username=?
Hibernate: 
    select
        u1_0.id,
        u1_0.password,
        u1_0.phone_number,
        u1_0.role,
        u1_0.username 
    from
        users u1_0 
    where
        u1_0.id=?
Hibernate: 
    select
        c1_0.id 
    from
        cards c1_0 
    where
        c1_0.card_number_encrypted=? 
    fetch
        first ? rows only
Hibernate: 
    insert 
    into
        cards
        (balance, card_number_encrypted, expiry_date, last_four, owner_id, status) 
    values
        (?, ?, ?, ?, ?, ?)
Hibernate: 
    select
        u1_0.id,
        u1_0.password,
        u1_0.phone_number,
        u1_0.role,
        u1_0.username 
    from
        users u1_0 
    where
        u1_0.username=?
Hibernate: 
    select
        u1_0.id,
        u1_0.password,
        u1_0.phone_number,
        u1_0.role,
        u1_0.username 
    from
        users u1_0 
    where
        u1_0.id=?
Hibernate: 
    select
        c1_0.id 
    from
        cards c1_0 
    where
        c1_0.card_number_encrypted=? 
    fetch
        first ? rows only
Hibernate: 
    insert 
    into
        cards
        (balance, card_number_encrypted, expiry_date, last_four, owner_id, status) 
    values
        (?, ?, ?, ?, ?, ?)
Hibernate: 
    select
        u1_0.id,
        u1_0.password,
        u1_0.phone_number,
        u1_0.role,
        u1_0.username 
    from
        users u1_0 
    where
        u1_0.username=?
Hibernate: 
    select
        c1_0.id,
        c1_0.balance,
        c1_0.card_number_encrypted,
        c1_0.expiry_date,
        c1_0.last_four,
        c1_0.owner_id,
        c1_0.status 
    from
        cards c1_0 
    order by
        c1_0.id desc 
    offset
        ? rows 
    fetch
        first ? rows only
Hibernate: 
    select
        u1_0.id,
        u1_0.password,
        u1_0.phone_number,
        u1_0.role,
        u1_0.username 
    from
        users u1_0 
    where
        u1_0.id=?
]]></system-out>
  </testcase>
  <testcase name="testUserGetMyCards_Success" classname="com.example.bankcards.service.BankCardsIntegrationTest" time="0.32">
    <system-out><![CDATA[Hibernate: 
    select
        t1_0.id,
        t1_0.amount,
        t1_0.created_at,
        t1_0.from_card_id,
        t1_0.to_card_id 
    from
        transactions t1_0
Hibernate: 
    select
        c1_0.id,
        c1_0.balance,
        c1_0.card_number_encrypted,
        c1_0.expiry_date,
        c1_0.last_four,
        c1_0.owner_id,
        c1_0.status 
    from
        cards c1_0
Hibernate: 
    delete 
    from
        cards 
    where
        id=?
Hibernate: 
    delete 
    from
        cards 
    where
        id=?
Hibernate: 
    select
        u1_0.id,
        u1_0.password,
        u1_0.phone_number,
        u1_0.role,
        u1_0.username 
    from
        users u1_0
Hibernate: 
    delete 
    from
        users 
    where
        id=?
Hibernate: 
    delete 
    from
        users 
    where
        id=?
Hibernate: 
    select
        u1_0.id 
    from
        users u1_0 
    where
        u1_0.username=? 
    fetch
        first ? rows only
Hibernate: 
    select
        u1_0.id 
    from
        users u1_0 
    where
        u1_0.phone_number=? 
    fetch
        first ? rows only
Hibernate: 
    insert 
    into
        users
        (password, phone_number, role, username) 
    values
        (?, ?, ?, ?)
Hibernate: 
    select
        u1_0.id,
        u1_0.password,
        u1_0.phone_number,
        u1_0.role,
        u1_0.username 
    from
        users u1_0 
    where
        u1_0.username=?
Hibernate: 
    select
        u1_0.id,
        u1_0.password,
        u1_0.phone_number,
        u1_0.role,
        u1_0.username 
    from
        users u1_0 
    where
        u1_0.username=?
Hibernate: 
    select
        u1_0.id 
    from
        users u1_0 
    where
        u1_0.username=? 
    fetch
        first ? rows only
Hibernate: 
    select
        u1_0.id 
    from
        users u1_0 
    where
        u1_0.phone_number=? 
    fetch
        first ? rows only
Hibernate: 
    insert 
    into
        users
        (password, phone_number, role, username) 
    values
        (?, ?, ?, ?)
Hibernate: 
    select
        u1_0.id,
        u1_0.password,
        u1_0.phone_number,
        u1_0.role,
        u1_0.username 
    from
        users u1_0 
    where
        u1_0.username=?
Hibernate: 
    select
        u1_0.id,
        u1_0.password,
        u1_0.phone_number,
        u1_0.role,
        u1_0.username 
    from
        users u1_0 
    where
        u1_0.username=?
Hibernate: 
    select
        u1_0.id,
        u1_0.password,
        u1_0.phone_number,
        u1_0.role,
        u1_0.username 
    from
        users u1_0 
    where
        u1_0.username=?
Hibernate: 
    select
        u1_0.id,
        u1_0.password,
        u1_0.phone_number,
        u1_0.role,
        u1_0.username 
    from
        users u1_0 
    where
        u1_0.username=?
Hibernate: 
    select
        u1_0.id,
        u1_0.password,
        u1_0.phone_number,
        u1_0.role,
        u1_0.username 
    from
        users u1_0 
    where
        u1_0.id=?
Hibernate: 
    select
        c1_0.id 
    from
        cards c1_0 
    where
        c1_0.card_number_encrypted=? 
    fetch
        first ? rows only
Hibernate: 
    insert 
    into
        cards
        (balance, card_number_encrypted, expiry_date, last_four, owner_id, status) 
    values
        (?, ?, ?, ?, ?, ?)
Hibernate: 
    select
        u1_0.id,
        u1_0.password,
        u1_0.phone_number,
        u1_0.role,
        u1_0.username 
    from
        users u1_0 
    where
        u1_0.username=?
Hibernate: 
    select
        u1_0.id,
        u1_0.password,
        u1_0.phone_number,
        u1_0.role,
        u1_0.username 
    from
        users u1_0 
    where
        u1_0.id=?
Hibernate: 
    select
        c1_0.id 
    from
        cards c1_0 
    where
        c1_0.card_number_encrypted=? 
    fetch
        first ? rows only
Hibernate: 
    insert 
    into
        cards
        (balance, card_number_encrypted, expiry_date, last_four, owner_id, status) 
    values
        (?, ?, ?, ?, ?, ?)
Hibernate: 
    select
        u1_0.id,
        u1_0.password,
        u1_0.phone_number,
        u1_0.role,
        u1_0.username 
    from
        users u1_0 
    where
        u1_0.username=?
Hibernate: 
    select
        u1_0.id,
        u1_0.password,
        u1_0.phone_number,
        u1_0.role,
        u1_0.username 
    from
        users u1_0 
    where
        u1_0.username=?
Hibernate: 
    select
        c1_0.id,
        c1_0.balance,
        c1_0.card_number_encrypted,
        c1_0.expiry_date,
        c1_0.last_four,
        c1_0.owner_id,
        c1_0.status 
    from
        cards c1_0 
    where
        c1_0.owner_id=? 
    order by
        c1_0.id desc 
    offset
        ? rows 
    fetch
        first ? rows only
]]></system-out>
  </testcase>
  <testcase name="testUserGetCardBalance_Success" classname="com.example.bankcards.service.BankCardsIntegrationTest" time="0.322">
    <system-out><![CDATA[Hibernate: 
    select
        t1_0.id,
        t1_0.amount,
        t1_0.created_at,
        t1_0.from_card_id,
        t1_0.to_card_id 
    from
        transactions t1_0
Hibernate: 
    select
        c1_0.id,
        c1_0.balance,
        c1_0.card_number_encrypted,
        c1_0.expiry_date,
        c1_0.last_four,
        c1_0.owner_id,
        c1_0.status 
    from
        cards c1_0
Hibernate: 
    delete 
    from
        cards 
    where
        id=?
Hibernate: 
    delete 
    from
        cards 
    where
        id=?
Hibernate: 
    select
        u1_0.id,
        u1_0.password,
        u1_0.phone_number,
        u1_0.role,
        u1_0.username 
    from
        users u1_0
Hibernate: 
    delete 
    from
        users 
    where
        id=?
Hibernate: 
    delete 
    from
        users 
    where
        id=?
Hibernate: 
    select
        u1_0.id 
    from
        users u1_0 
    where
        u1_0.username=? 
    fetch
        first ? rows only
Hibernate: 
    select
        u1_0.id 
    from
        users u1_0 
    where
        u1_0.phone_number=? 
    fetch
        first ? rows only
Hibernate: 
    insert 
    into
        users
        (password, phone_number, role, username) 
    values
        (?, ?, ?, ?)
Hibernate: 
    select
        u1_0.id,
        u1_0.password,
        u1_0.phone_number,
        u1_0.role,
        u1_0.username 
    from
        users u1_0 
    where
        u1_0.username=?
Hibernate: 
    select
        u1_0.id,
        u1_0.password,
        u1_0.phone_number,
        u1_0.role,
        u1_0.username 
    from
        users u1_0 
    where
        u1_0.username=?
Hibernate: 
    select
        u1_0.id 
    from
        users u1_0 
    where
        u1_0.username=? 
    fetch
        first ? rows only
Hibernate: 
    select
        u1_0.id 
    from
        users u1_0 
    where
        u1_0.phone_number=? 
    fetch
        first ? rows only
Hibernate: 
    insert 
    into
        users
        (password, phone_number, role, username) 
    values
        (?, ?, ?, ?)
Hibernate: 
    select
        u1_0.id,
        u1_0.password,
        u1_0.phone_number,
        u1_0.role,
        u1_0.username 
    from
        users u1_0 
    where
        u1_0.username=?
Hibernate: 
    select
        u1_0.id,
        u1_0.password,
        u1_0.phone_number,
        u1_0.role,
        u1_0.username 
    from
        users u1_0 
    where
        u1_0.username=?
Hibernate: 
    select
        u1_0.id,
        u1_0.password,
        u1_0.phone_number,
        u1_0.role,
        u1_0.username 
    from
        users u1_0 
    where
        u1_0.username=?
Hibernate: 
    select
        u1_0.id,
        u1_0.password,
        u1_0.phone_number,
        u1_0.role,
        u1_0.username 
    from
        users u1_0 
    where
        u1_0.username=?
Hibernate: 
    select
        u1_0.id,
        u1_0.password,
        u1_0.phone_number,
        u1_0.role,
        u1_0.username 
    from
        users u1_0 
    where
        u1_0.id=?
Hibernate: 
    select
        c1_0.id 
    from
        cards c1_0 
    where
        c1_0.card_number_encrypted=? 
    fetch
        first ? rows only
Hibernate: 
    insert 
    into
        cards
        (balance, card_number_encrypted, expiry_date, last_four, owner_id, status) 
    values
        (?, ?, ?, ?, ?, ?)
Hibernate: 
    select
        u1_0.id,
        u1_0.password,
        u1_0.phone_number,
        u1_0.role,
        u1_0.username 
    from
        users u1_0 
    where
        u1_0.username=?
Hibernate: 
    select
        u1_0.id,
        u1_0.password,
        u1_0.phone_number,
        u1_0.role,
        u1_0.username 
    from
        users u1_0 
    where
        u1_0.id=?
Hibernate: 
    select
        c1_0.id 
    from
        cards c1_0 
    where
        c1_0.card_number_encrypted=? 
    fetch
        first ? rows only
Hibernate: 
    insert 
    into
        cards
        (balance, card_number_encrypted, expiry_date, last_four, owner_id, status) 
    values
        (?, ?, ?, ?, ?, ?)
Hibernate: 
    select
        u1_0.id,
        u1_0.password,
        u1_0.phone_number,
        u1_0.role,
        u1_0.username 
    from
        users u1_0 
    where
        u1_0.username=?
Hibernate: 
    select
        c1_0.id,
        c1_0.balance,
        c1_0.card_number_encrypted,
        c1_0.expiry_date,
        c1_0.last_four,
        c1_0.owner_id,
        c1_0.status 
    from
        cards c1_0 
    where
        c1_0.id=?
Hibernate: 
    update
        cards 
    set
        balance=?,
        card_number_encrypted=?,
        expiry_date=?,
        last_four=?,
        owner_id=?,
        status=? 
    where
        id=?
Hibernate: 
    select
        u1_0.id,
        u1_0.password,
        u1_0.phone_number,
        u1_0.role,
        u1_0.username 
    from
        users u1_0 
    where
        u1_0.username=?
Hibernate: 
    select
        u1_0.id,
        u1_0.password,
        u1_0.phone_number,
        u1_0.role,
        u1_0.username 
    from
        users u1_0 
    where
        u1_0.username=?
Hibernate: 
    select
        c1_0.id,
        c1_0.balance,
        c1_0.card_number_encrypted,
        c1_0.expiry_date,
        c1_0.last_four,
        c1_0.owner_id,
        c1_0.status 
    from
        cards c1_0 
    where
        c1_0.id=? 
        and c1_0.owner_id=?
]]></system-out>
  </testcase>
  <testcase name="testUserBlockOwnCard_Success" classname="com.example.bankcards.service.BankCardsIntegrationTest" time="0.315">
    <system-out><![CDATA[Hibernate: 
    select
        t1_0.id,
        t1_0.amount,
        t1_0.created_at,
        t1_0.from_card_id,
        t1_0.to_card_id 
    from
        transactions t1_0
Hibernate: 
    select
        c1_0.id,
        c1_0.balance,
        c1_0.card_number_encrypted,
        c1_0.expiry_date,
        c1_0.last_four,
        c1_0.owner_id,
        c1_0.status 
    from
        cards c1_0
Hibernate: 
    delete 
    from
        cards 
    where
        id=?
Hibernate: 
    delete 
    from
        cards 
    where
        id=?
Hibernate: 
    select
        u1_0.id,
        u1_0.password,
        u1_0.phone_number,
        u1_0.role,
        u1_0.username 
    from
        users u1_0
Hibernate: 
    delete 
    from
        users 
    where
        id=?
Hibernate: 
    delete 
    from
        users 
    where
        id=?
Hibernate: 
    select
        u1_0.id 
    from
        users u1_0 
    where
        u1_0.username=? 
    fetch
        first ? rows only
Hibernate: 
    select
        u1_0.id 
    from
        users u1_0 
    where
        u1_0.phone_number=? 
    fetch
        first ? rows only
Hibernate: 
    insert 
    into
        users
        (password, phone_number, role, username) 
    values
        (?, ?, ?, ?)
Hibernate: 
    select
        u1_0.id,
        u1_0.password,
        u1_0.phone_number,
        u1_0.role,
        u1_0.username 
    from
        users u1_0 
    where
        u1_0.username=?
Hibernate: 
    select
        u1_0.id,
        u1_0.password,
        u1_0.phone_number,
        u1_0.role,
        u1_0.username 
    from
        users u1_0 
    where
        u1_0.username=?
Hibernate: 
    select
        u1_0.id 
    from
        users u1_0 
    where
        u1_0.username=? 
    fetch
        first ? rows only
Hibernate: 
    select
        u1_0.id 
    from
        users u1_0 
    where
        u1_0.phone_number=? 
    fetch
        first ? rows only
Hibernate: 
    insert 
    into
        users
        (password, phone_number, role, username) 
    values
        (?, ?, ?, ?)
Hibernate: 
    select
        u1_0.id,
        u1_0.password,
        u1_0.phone_number,
        u1_0.role,
        u1_0.username 
    from
        users u1_0 
    where
        u1_0.username=?
Hibernate: 
    select
        u1_0.id,
        u1_0.password,
        u1_0.phone_number,
        u1_0.role,
        u1_0.username 
    from
        users u1_0 
    where
        u1_0.username=?
Hibernate: 
    select
        u1_0.id,
        u1_0.password,
        u1_0.phone_number,
        u1_0.role,
        u1_0.username 
    from
        users u1_0 
    where
        u1_0.username=?
Hibernate: 
    select
        u1_0.id,
        u1_0.password,
        u1_0.phone_number,
        u1_0.role,
        u1_0.username 
    from
        users u1_0 
    where
        u1_0.username=?
Hibernate: 
    select
        u1_0.id,
        u1_0.password,
        u1_0.phone_number,
        u1_0.role,
        u1_0.username 
    from
        users u1_0 
    where
        u1_0.id=?
Hibernate: 
    select
        c1_0.id 
    from
        cards c1_0 
    where
        c1_0.card_number_encrypted=? 
    fetch
        first ? rows only
Hibernate: 
    insert 
    into
        cards
        (balance, card_number_encrypted, expiry_date, last_four, owner_id, status) 
    values
        (?, ?, ?, ?, ?, ?)
Hibernate: 
    select
        u1_0.id,
        u1_0.password,
        u1_0.phone_number,
        u1_0.role,
        u1_0.username 
    from
        users u1_0 
    where
        u1_0.username=?
Hibernate: 
    select
        u1_0.id,
        u1_0.password,
        u1_0.phone_number,
        u1_0.role,
        u1_0.username 
    from
        users u1_0 
    where
        u1_0.id=?
Hibernate: 
    select
        c1_0.id 
    from
        cards c1_0 
    where
        c1_0.card_number_encrypted=? 
    fetch
        first ? rows only
Hibernate: 
    insert 
    into
        cards
        (balance, card_number_encrypted, expiry_date, last_four, owner_id, status) 
    values
        (?, ?, ?, ?, ?, ?)
Hibernate: 
    select
        u1_0.id,
        u1_0.password,
        u1_0.phone_number,
        u1_0.role,
        u1_0.username 
    from
        users u1_0 
    where
        u1_0.username=?
Hibernate: 
    select
        u1_0.id,
        u1_0.password,
        u1_0.phone_number,
        u1_0.role,
        u1_0.username 
    from
        users u1_0 
    where
        u1_0.username=?
Hibernate: 
    select
        c1_0.id,
        c1_0.balance,
        c1_0.card_number_encrypted,
        c1_0.expiry_date,
        c1_0.last_four,
        c1_0.owner_id,
        c1_0.status 
    from
        cards c1_0 
    where
        c1_0.id=? 
        and c1_0.owner_id=?
Hibernate: 
    update
        cards 
    set
        balance=?,
        card_number_encrypted=?,
        expiry_date=?,
        last_four=?,
        owner_id=?,
        status=? 
    where
        id=?
]]></system-out>
  </testcase>
  <testcase name="testUserSearchCards_Success" classname="com.example.bankcards.service.BankCardsIntegrationTest" time="0.311">
    <system-out><![CDATA[Hibernate: 
    select
        t1_0.id,
        t1_0.amount,
        t1_0.created_at,
        t1_0.from_card_id,
        t1_0.to_card_id 
    from
        transactions t1_0
Hibernate: 
    select
        c1_0.id,
        c1_0.balance,
        c1_0.card_number_encrypted,
        c1_0.expiry_date,
        c1_0.last_four,
        c1_0.owner_id,
        c1_0.status 
    from
        cards c1_0
Hibernate: 
    delete 
    from
        cards 
    where
        id=?
Hibernate: 
    delete 
    from
        cards 
    where
        id=?
Hibernate: 
    select
        u1_0.id,
        u1_0.password,
        u1_0.phone_number,
        u1_0.role,
        u1_0.username 
    from
        users u1_0
Hibernate: 
    delete 
    from
        users 
    where
        id=?
Hibernate: 
    delete 
    from
        users 
    where
        id=?
Hibernate: 
    select
        u1_0.id 
    from
        users u1_0 
    where
        u1_0.username=? 
    fetch
        first ? rows only
Hibernate: 
    select
        u1_0.id 
    from
        users u1_0 
    where
        u1_0.phone_number=? 
    fetch
        first ? rows only
Hibernate: 
    insert 
    into
        users
        (password, phone_number, role, username) 
    values
        (?, ?, ?, ?)
Hibernate: 
    select
        u1_0.id,
        u1_0.password,
        u1_0.phone_number,
        u1_0.role,
        u1_0.username 
    from
        users u1_0 
    where
        u1_0.username=?
Hibernate: 
    select
        u1_0.id,
        u1_0.password,
        u1_0.phone_number,
        u1_0.role,
        u1_0.username 
    from
        users u1_0 
    where
        u1_0.username=?
Hibernate: 
    select
        u1_0.id 
    from
        users u1_0 
    where
        u1_0.username=? 
    fetch
        first ? rows only
Hibernate: 
    select
        u1_0.id 
    from
        users u1_0 
    where
        u1_0.phone_number=? 
    fetch
        first ? rows only
Hibernate: 
    insert 
    into
        users
        (password, phone_number, role, username) 
    values
        (?, ?, ?, ?)
Hibernate: 
    select
        u1_0.id,
        u1_0.password,
        u1_0.phone_number,
        u1_0.role,
        u1_0.username 
    from
        users u1_0 
    where
        u1_0.username=?
Hibernate: 
    select
        u1_0.id,
        u1_0.password,
        u1_0.phone_number,
        u1_0.role,
        u1_0.username 
    from
        users u1_0 
    where
        u1_0.username=?
Hibernate: 
    select
        u1_0.id,
        u1_0.password,
        u1_0.phone_number,
        u1_0.role,
        u1_0.username 
    from
        users u1_0 
    where
        u1_0.username=?
Hibernate: 
    select
        u1_0.id,
        u1_0.password,
        u1_0.phone_number,
        u1_0.role,
        u1_0.username 
    from
        users u1_0 
    where
        u1_0.username=?
Hibernate: 
    select
        u1_0.id,
        u1_0.password,
        u1_0.phone_number,
        u1_0.role,
        u1_0.username 
    from
        users u1_0 
    where
        u1_0.id=?
Hibernate: 
    select
        c1_0.id 
    from
        cards c1_0 
    where
        c1_0.card_number_encrypted=? 
    fetch
        first ? rows only
Hibernate: 
    insert 
    into
        cards
        (balance, card_number_encrypted, expiry_date, last_four, owner_id, status) 
    values
        (?, ?, ?, ?, ?, ?)
Hibernate: 
    select
        u1_0.id,
        u1_0.password,
        u1_0.phone_number,
        u1_0.role,
        u1_0.username 
    from
        users u1_0 
    where
        u1_0.username=?
Hibernate: 
    select
        u1_0.id,
        u1_0.password,
        u1_0.phone_number,
        u1_0.role,
        u1_0.username 
    from
        users u1_0 
    where
        u1_0.id=?
Hibernate: 
    select
        c1_0.id 
    from
        cards c1_0 
    where
        c1_0.card_number_encrypted=? 
    fetch
        first ? rows only
Hibernate: 
    insert 
    into
        cards
        (balance, card_number_encrypted, expiry_date, last_four, owner_id, status) 
    values
        (?, ?, ?, ?, ?, ?)
Hibernate: 
    select
        c1_0.id,
        c1_0.balance,
        c1_0.card_number_encrypted,
        c1_0.expiry_date,
        c1_0.last_four,
        c1_0.owner_id,
        c1_0.status 
    from
        cards c1_0 
    where
        c1_0.id=?
Hibernate: 
    select
        u1_0.id,
        u1_0.password,
        u1_0.phone_number,
        u1_0.role,
        u1_0.username 
    from
        users u1_0 
    where
        u1_0.username=?
Hibernate: 
    select
        u1_0.id,
        u1_0.password,
        u1_0.phone_number,
        u1_0.role,
        u1_0.username 
    from
        users u1_0 
    where
        u1_0.username=?
Hibernate: 
    select
        c1_0.id,
        c1_0.balance,
        c1_0.card_number_encrypted,
        c1_0.expiry_date,
        c1_0.last_four,
        c1_0.owner_id,
        c1_0.status 
    from
        cards c1_0 
    where
        c1_0.owner_id=? 
        and c1_0.last_four like ? escape '\' 
    offset
        ? rows 
    fetch
        first ? rows only
]]></system-out>
  </testcase>
  <testcase name="testUserTransferBetweenOwnCards_Success" classname="com.example.bankcards.service.BankCardsIntegrationTest" time="0.353">
    <system-out><![CDATA[Hibernate: 
    select
        t1_0.id,
        t1_0.amount,
        t1_0.created_at,
        t1_0.from_card_id,
        t1_0.to_card_id 
    from
        transactions t1_0
Hibernate: 
    select
        c1_0.id,
        c1_0.balance,
        c1_0.card_number_encrypted,
        c1_0.expiry_date,
        c1_0.last_four,
        c1_0.owner_id,
        c1_0.status 
    from
        cards c1_0
Hibernate: 
    delete 
    from
        cards 
    where
        id=?
Hibernate: 
    delete 
    from
        cards 
    where
        id=?
Hibernate: 
    select
        u1_0.id,
        u1_0.password,
        u1_0.phone_number,
        u1_0.role,
        u1_0.username 
    from
        users u1_0
Hibernate: 
    delete 
    from
        users 
    where
        id=?
Hibernate: 
    delete 
    from
        users 
    where
        id=?
Hibernate: 
    select
        u1_0.id 
    from
        users u1_0 
    where
        u1_0.username=? 
    fetch
        first ? rows only
Hibernate: 
    select
        u1_0.id 
    from
        users u1_0 
    where
        u1_0.phone_number=? 
    fetch
        first ? rows only
Hibernate: 
    insert 
    into
        users
        (password, phone_number, role, username) 
    values
        (?, ?, ?, ?)
Hibernate: 
    select
        u1_0.id,
        u1_0.password,
        u1_0.phone_number,
        u1_0.role,
        u1_0.username 
    from
        users u1_0 
    where
        u1_0.username=?
Hibernate: 
    select
        u1_0.id,
        u1_0.password,
        u1_0.phone_number,
        u1_0.role,
        u1_0.username 
    from
        users u1_0 
    where
        u1_0.username=?
Hibernate: 
    select
        u1_0.id 
    from
        users u1_0 
    where
        u1_0.username=? 
    fetch
        first ? rows only
Hibernate: 
    select
        u1_0.id 
    from
        users u1_0 
    where
        u1_0.phone_number=? 
    fetch
        first ? rows only
Hibernate: 
    insert 
    into
        users
        (password, phone_number, role, username) 
    values
        (?, ?, ?, ?)
Hibernate: 
    select
        u1_0.id,
        u1_0.password,
        u1_0.phone_number,
        u1_0.role,
        u1_0.username 
    from
        users u1_0 
    where
        u1_0.username=?
Hibernate: 
    select
        u1_0.id,
        u1_0.password,
        u1_0.phone_number,
        u1_0.role,
        u1_0.username 
    from
        users u1_0 
    where
        u1_0.username=?
Hibernate: 
    select
        u1_0.id,
        u1_0.password,
        u1_0.phone_number,
        u1_0.role,
        u1_0.username 
    from
        users u1_0 
    where
        u1_0.username=?
Hibernate: 
    select
        u1_0.id,
        u1_0.password,
        u1_0.phone_number,
        u1_0.role,
        u1_0.username 
    from
        users u1_0 
    where
        u1_0.username=?
Hibernate: 
    select
        u1_0.id,
        u1_0.password,
        u1_0.phone_number,
        u1_0.role,
        u1_0.username 
    from
        users u1_0 
    where
        u1_0.id=?
Hibernate: 
    select
        c1_0.id 
    from
        cards c1_0 
    where
        c1_0.card_number_encrypted=? 
    fetch
        first ? rows only
Hibernate: 
    insert 
    into
        cards
        (balance, card_number_encrypted, expiry_date, last_four, owner_id, status) 
    values
        (?, ?, ?, ?, ?, ?)
Hibernate: 
    select
        u1_0.id,
        u1_0.password,
        u1_0.phone_number,
        u1_0.role,
        u1_0.username 
    from
        users u1_0 
    where
        u1_0.username=?
Hibernate: 
    select
        u1_0.id,
        u1_0.password,
        u1_0.phone_number,
        u1_0.role,
        u1_0.username 
    from
        users u1_0 
    where
        u1_0.id=?
Hibernate: 
    select
        c1_0.id 
    from
        cards c1_0 
    where
        c1_0.card_number_encrypted=? 
    fetch
        first ? rows only
Hibernate: 
    insert 
    into
        cards
        (balance, card_number_encrypted, expiry_date, last_four, owner_id, status) 
    values
        (?, ?, ?, ?, ?, ?)
Hibernate: 
    select
        u1_0.id,
        u1_0.password,
        u1_0.phone_number,
        u1_0.role,
        u1_0.username 
    from
        users u1_0 
    where
        u1_0.username=?
Hibernate: 
    select
        c1_0.id,
        c1_0.balance,
        c1_0.card_number_encrypted,
        c1_0.expiry_date,
        c1_0.last_four,
        c1_0.owner_id,
        c1_0.status 
    from
        cards c1_0 
    where
        c1_0.id=?
Hibernate: 
    update
        cards 
    set
        balance=?,
        card_number_encrypted=?,
        expiry_date=?,
        last_four=?,
        owner_id=?,
        status=? 
    where
        id=?
Hibernate: 
    select
        u1_0.id,
        u1_0.password,
        u1_0.phone_number,
        u1_0.role,
        u1_0.username 
    from
        users u1_0 
    where
        u1_0.username=?
Hibernate: 
    select
[...]
        u1_0.role,
        u1_0.username 
    from
        users u1_0 
    where
        u1_0.id=?
Hibernate: 
    select
        c1_0.id 
    from
        cards c1_0 
    where
        c1_0.card_number_encrypted=? 
    fetch
        first ? rows only
Hibernate: 
    insert 
    into
        cards
        (balance, card_number_encrypted, expiry_date, last_four, owner_id, status) 
    values
        (?, ?, ?, ?, ?, ?)
Hibernate: 
    select
        u1_0.id,
        u1_0.password,
        u1_0.phone_number,
        u1_0.role,
        u1_0.username 
    from
        users u1_0 
    where
        u1_0.username=?
Hibernate: 
    select
        c1_0.id,
        c1_0.balance,
        c1_0.card_number_encrypted,
        c1_0.expiry_date,
        c1_0.last_four,
        c1_0.owner_id,
        c1_0.status 
    from
        cards c1_0 
    where
        c1_0.id=?
Hibernate: 
    update
        cards 
    set
        balance=?,
        card_number_encrypted=?,
        expiry_date=?,
        last_four=?,
        owner_id=?,
        status=? 
    where
        id=?
Hibernate: 
    select
        u1_0.id,
        u1_0.password,
        u1_0.phone_number,
        u1_0.role,
        u1_0.username 
    from
        users u1_0 
    where
        u1_0.username=?
Hibernate: 
    select
        u1_0.id,
        u1_0.password,
        u1_0.phone_number,
        u1_0.role,
        u1_0.username 
    from
        users u1_0 
    where
        u1_0.username=?
Hibernate: 
    select
        c1_0.id,
        c1_0.balance,
        c1_0.card_number_encrypted,
        c1_0.expiry_date,
        c1_0.last_four,
        c1_0.owner_id,
        c1_0.status 
    from
        cards c1_0 
    where
        c1_0.id=? for no key update
Hibernate: 
    select
        c1_0.id,
        c1_0.balance,
        c1_0.card_number_encrypted,
        c1_0.expiry_date,
        c1_0.last_four,
        c1_0.owner_id,
        c1_0.status 
    from
        cards c1_0 
    where
        c1_0.id=? for no key update
Hibernate: 
    insert 
    into
        transactions
        (amount, created_at, from_card_id, to_card_id, id) 
    values
        (?, ?, ?, ?, ?)
Hibernate: 
    update
        cards 
    set
        balance=?,
        card_number_encrypted=?,
        expiry_date=?,
        last_four=?,
        owner_id=?,
        status=? 
    where
        id=?
Hibernate: 
    update
        cards 
    set
        balance=?,
        card_number_encrypted=?,
        expiry_date=?,
        last_four=?,
        owner_id=?,
        status=? 
    where
        id=?
Hibernate: 
    select
        u1_0.id,
        u1_0.password,
        u1_0.phone_number,
        u1_0.role,
        u1_0.username 
    from
        users u1_0 
    where
        u1_0.username=?
Hibernate: 
    select
        u1_0.id,
        u1_0.password,
        u1_0.phone_number,
        u1_0.role,
        u1_0.username 
    from
        users u1_0 
    where
        u1_0.username=?
Hibernate: 
    select
        t1_0.id,
        t1_0.amount,
        t1_0.created_at,
        t1_0.from_card_id,
        t1_0.to_card_id 
    from
        transactions t1_0 
    join
        cards fc1_0 
            on fc1_0.id=t1_0.from_card_id 
    join
        cards tc1_0 
            on tc1_0.id=t1_0.to_card_id 
    where
        fc1_0.owner_id=? 
        or tc1_0.owner_id=? 
    order by
        t1_0.created_at desc 
    offset
        ? rows 
    fetch
        first ? rows only
Hibernate: 
    select
        c1_0.id,
        c1_0.balance,
        c1_0.card_number_encrypted,
        c1_0.expiry_date,
        c1_0.last_four,
        c1_0.owner_id,
        c1_0.status 
    from
        cards c1_0 
    where
        c1_0.id=?
Hibernate: 
    select
        c1_0.id,
        c1_0.balance,
        c1_0.card_number_encrypted,
        c1_0.expiry_date,
        c1_0.last_four,
        c1_0.owner_id,
        c1_0.status 
    from
        cards c1_0 
    where
        c1_0.id=?
]]></system-out>
  </testcase>
  <testcase name="testMultipleTransfersAndHistory_Success" classname="com.example.bankcards.service.BankCardsIntegrationTest" time="0.358">
    <system-out><![CDATA[Hibernate: 
    select
        t1_0.id,
        t1_0.amount,
        t1_0.created_at,
        t1_0.from_card_id,
        t1_0.to_card_id 
    from
        transactions t1_0
Hibernate: 
    delete 
    from
        transactions 
    where
        id=?
Hibernate: 
    select
        c1_0.id,
        c1_0.balance,
        c1_0.card_number_encrypted,
        c1_0.expiry_date,
        c1_0.last_four,
        c1_0.owner_id,
        c1_0.status 
    from
        cards c1_0
Hibernate: 
    delete 
    from
        cards 
    where
        id=?
Hibernate: 
    delete 
    from
        cards 
    where
        id=?
Hibernate: 
    select
        u1_0.id,
        u1_0.password,
        u1_0.phone_number,
        u1_0.role,
        u1_0.username 
    from
        users u1_0
Hibernate: 
    delete 
    from
        users 
    where
        id=?
Hibernate: 
    delete 
    from
        users 
    where
        id=?
Hibernate: 
    select
        u1_0.id 
    from
        users u1_0 
    where
        u1_0.username=? 
    fetch
        first ? rows only
Hibernate: 
    select
        u1_0.id 
    from
        users u1_0 
    where
        u1_0.phone_number=? 
    fetch
        first ? rows only
Hibernate: 
    insert 
    into
        users
        (password, phone_number, role, username) 
    values
        (?, ?, ?, ?)
Hibernate: 
    select
        u1_0.id,
        u1_0.password,
        u1_0.phone_number,
        u1_0.role,
        u1_0.username 
    from
        users u1_0 
    where
        u1_0.username=?
Hibernate: 
    select
        u1_0.id,
        u1_0.password,
        u1_0.phone_number,
        u1_0.role,
        u1_0.username 
    from
        users u1_0 
    where
        u1_0.username=?
Hibernate: 
    select
        u1_0.id 
    from
        users u1_0 
    where
        u1_0.username=? 
    fetch
        first ? rows only
Hibernate: 
    select
        u1_0.id 
    from
        users u1_0 
    where
        u1_0.phone_number=? 
    fetch
        first ? rows only
Hibernate: 
    insert 
    into
        users
        (password, phone_number, role, username) 
    values
        (?, ?, ?, ?)
Hibernate: 
    select
        u1_0.id,
        u1_0.password,
        u1_0.phone_number,
        u1_0.role,
        u1_0.username 
    from
        users u1_0 
    where
        u1_0.username=?
Hibernate: 
    select
        u1_0.id,
        u1_0.password,
        u1_0.phone_number,
        u1_0.role,
        u1_0.username 
    from
        users u1_0 
    where
        u1_0.username=?
Hibernate: 
    select
        u1_0.id,
        u1_0.password,
        u1_0.phone_number,
        u1_0.role,
        u1_0.username 
    from
        users u1_0 
    where
        u1_0.username=?
Hibernate: 
    select
        u1_0.id,
        u1_0.password,
        u1_0.phone_number,
        u1_0.role,
        u1_0.username 
    from
        users u1_0 
    where
        u1_0.username=?
Hibernate: 
    select
        u1_0.id,
        u1_0.password,
        u1_0.phone_number,
        u1_0.role,
        u1_0.username 
    from
        users u1_0 
    where
        u1_0.id=?
Hibernate: 
    select
        c1_0.id 
    from
        cards c1_0 
    where
        c1_0.card_number_encrypted=? 
    fetch
        first ? rows only
Hibernate: 
    insert 
    into
        cards
        (balance, card_number_encrypted, expiry_date, last_four, owner_id, status) 
    values
        (?, ?, ?, ?, ?, ?)
Hibernate: 
    select
        u1_0.id,
        u1_0.password,
        u1_0.phone_number,
        u1_0.role,
        u1_0.username 
    from
        users u1_0 
    where
        u1_0.username=?
Hibernate: 
    select
        u1_0.id,
        u1_0.password,
        u1_0.phone_number,
        u1_0.role,
        u1_0.username 
    from
        users u1_0 
    where
        u1_0.id=?
Hibernate: 
    select
        c1_0.id 
    from
        cards c1_0 
    where
        c1_0.card_number_encrypted=? 
    fetch
        first ? rows only
Hibernate: 
    insert 
    into
        cards
        (balance, card_number_encrypted, expiry_date, last_four, owner_id, status) 
    values
        (?, ?, ?, ?, ?, ?)
Hibernate: 
    select
        u1_0.id,
        u1_0.password,
        u1_0.phone_number,
        u1_0.role,
        u1_0.username 
    from
        users u1_0 
    where
        u1_0.username=?
Hibernate: 
    select
        c1_0.id,
        c1_0.balance,
        c1_0.card_number_encrypted,
        c1_0.expiry_date,
        c1_0.last_four,
        c1_0.owner_id,
        c1_0.status 
    from
        cards c1_0 
    where
        c1_0.id=?
Hibernate: 
    update
        cards 
    set
        balance=?,
        card_number_encrypted=?,
        expiry_date=?,
        last_four=?,
        owner_id=?,
        status=? 
    where
        id=?
Hibernate: 
    select
        u1_0.id,
        u1_0.password,
        u1_0.phone_number,
        u1_0.role,
        u1_0.username 
    from
        users u1_0 
    where
        u1_0.username=?
Hibernate: 
    select
        u1_0.id,
        u1_0.password,
        u1_0.phone_number,
        u1_0.role,
        u1_0.username 
    from
        users u1_0 
    where
        u1_0.username=?
Hibernate: 
    select
        c1_0.id,
        c1_0.balance,
        c1_0.card_number_encrypted,
        c1_0.expiry_date,
        c1_0.last_four,
        c1_0.owner_id,
        c1_0.status 
    from
        cards c1_0 
    where
        c1_0.id=? for no key update
Hibernate: 
    select
        c1_0.id,
        c1_0.balance,
        c1_0.card_number_encrypted,
        c1_0.expiry_date,
        c1_0.last_four,
        c1_0.owner_id,
        c1_0.status 
    from
        cards c1_0 
    where
        c1_0.id=? for no key update
Hibernate: 
    insert 
    into
        transactions
        (amount, created_at, from_card_id, to_card_id, id) 
    values
        (?, ?, ?, ?, ?)
Hibernate: 
    update
        cards 
    set
        balance=?,
        card_number_encrypted=?,
        expiry_date=?,
        last_four=?,
        owner_id=?,
        status=? 
    where
        id=?
Hibernate: 
    update
        cards 
    set
        balance=?,
        card_number_encrypted=?,
        expiry_date=?,
        last_four=?,
        owner_id=?,
        status=? 
    where
        id=?
Hibernate: 
    select
        u1_0.id,
        u1_0.password,
        u1_0.phone_number,
        u1_0.role,
        u1_0.username 
    from
        users u1_0 
    where
        u1_0.username=?
Hibernate: 
    select
        u1_0.id,
        u1_0.password,
        u1_0.phone_number,
        u1_0.role,
        u1_0.username 
    from
        users u1_0 
    where
        u1_0.username=?
Hibernate: 
    select
        c1_0.id,
        c1_0.balance,
        c1_0.card_number_encrypted,
        c1_0.expiry_date,
        c1_0.last_four,
        c1_0.owner_id,
        c1_0.status 
    from
        cards c1_0 
    where
        c1_0.id=? for no key update
Hibernate: 
    select
        c1_0.id,
        c1_0.balance,
        c1_0.card_number_encrypted,
        c1_0.expiry_date,
        c1_0.last_four,
        c1_0.owner_id,
        c1_0.status 
    from
        cards c1_0 
    where
        c1_0.id=? for no key update
Hibernate: 
    insert 
    into
        transactions
        (amount, created_at, from_card_id, to_card_id, id) 
    values
        (?, ?, ?, ?, ?)
Hibernate: 
    update
        cards 
    set
        balance=?,
        card_number_encrypted=?,
        expiry_date=?,
        last_four=?,
        owner_id=?,
        status=? 
    where
        id=?
Hibernate: 
    update
        cards 
    set
        balance=?,
        card_number_encrypted=?,
        expiry_date=?,
        last_four=?,
        owner_id=?,
        status=? 
    where
        id=?
Hibernate: 
    select
        u1_0.id,
        u1_0.password,
        u1_0.phone_number,
        u1_0.role,
        u1_0.username 
    from
        users u1_0 
    where
        u1_0.username=?
Hibernate: 
    select
        u1_0.id,
        u1_0.password,
        u1_0.phone_number,
        u1_0.role,
        u1_0.username 
    from
        users u1_0 
    where
        u1_0.username=?
Hibernate: 
    select
        c1_0.id,
        c1_0.balance,
        c1_0.card_number_encrypted,
        c1_0.expiry_date,
        c1_0.last_four,
        c1_0.owner_id,
        c1_0.status 
    from
        cards c1_0 
    where
        c1_0.id=? for no key update
Hibernate: 
    select
        c1_0.id,
        c1_0.balance,
        c1_0.card_number_encrypted,
        c1_0.expiry_date,
        c1_0.last_four,
        c1_0.owner_id,
        c1_0.status 
    from
        cards c1_0 
    where
        c1_0.id=? for no key update
Hibernate: 
    insert 
    into
        transactions
        (amount, created_at, from_card_id, to_card_id, id) 
    values
        (?, ?, ?, ?, ?)
Hibernate: 
    update
        cards 
    set
        balance=?,
        card_number_encrypted=?,
        expiry_date=?,
        last_four=?,
        owner_id=?,
        status=? 
    where
        id=?
Hibernate: 
    update
        cards 
    set
        balance=?,
        card_number_encrypted=?,
        expiry_date=?,
        last_four=?,
        owner_id=?,
        status=? 
    where
        id=?
Hibernate: 
    select
        u1_0.id,
        u1_0.password,
        u1_0.phone_number,
        u1_0.role,
        u1_0.username 
    from
        users u1_0 
    where
        u1_0.username=?
Hibernate: 
    select
        u1_0.id,
        u1_0.password,
        u1_0.phone_number,
        u1_0.role,
        u1_0.username 
    from
        users u1_0 
    where
        u1_0.username=?
Hibernate: 
    select
        t1_0.id,
        t1_0.amount,
        t1_0.created_at,
        t1_0.from_card_id,
        t1_0.to_card_id 
    from
        transactions t1_0 
    join
        cards fc1_0 
            on fc1_0.id=t1_0.from_card_id 
    join
        cards tc1_0 
            on tc1_0.id=t1_0.to_card_id 
    where
        fc1_0.owner_id=? 
        or tc1_0.owner_id=? 
    order by
        t1_0.created_at desc 
    offset
        ? rows 
    fetch
        first ? rows only
Hibernate: 
    select
        c1_0.id,
        c1_0.balance,
        c1_0.card_number_encrypted,
        c1_0.expiry_date,
        c1_0.last_four,
        c1_0.owner_id,
        c1_0.status 
    from
        cards c1_0 
    where
        c1_0.id=?
Hibernate: 
    select
        c1_0.id,
        c1_0.balance,
        c1_0.card_number_encrypted,
        c1_0.expiry_date,
        c1_0.last_four,
        c1_0.owner_id,
        c1_0.status 
    from
        cards c1_0 
    where
        c1_0.id=?
Hibernate: 
    select
        c1_0.id,
        c1_0.balance,
        c1_0.card_number_encrypted,
        c1_0.expiry_date,
        c1_0.last_four,
        c1_0.owner_id,
        c1_0.status 
    from
        cards c1_0 
    where
        c1_0.id=?
Hibernate: 
    select
        c1_0.id,
        c1_0.balance,
        c1_0.card_number_encrypted,
        c1_0.expiry_date,
        c1_0.last_four,
        c1_0.owner_id,
        c1_0.status 
    from
        cards c1_0 
    where
        c1_0.id=?
]]></system-out>
  </testcase>
  <testcase name="testAccessWithoutToken_Fails" classname="com.example.bankcards.service.BankCardsIntegrationTest" time="0.013">
    <system-out><![CDATA[Hibernate: 
    select
        t1_0.id,
        t1_0.amount,
        t1_0.created_at,
        t1_0.from_card_id,
        t1_0.to_card_id 
    from
        transactions t1_0
Hibernate: 
    delete 
    from
        transactions 
    where
        id=?
Hibernate: 
    delete 
    from
        transactions 
    where
        id=?
Hibernate: 
    delete 
    from
        transactions 
    where
        id=?
Hibernate: 
    select
        c1_0.id,
        c1_0.balance,
        c1_0.card_number_encrypted,
        c1_0.expiry_date,
        c1_0.last_four,
        c1_0.owner_id,
        c1_0.status 
    from
        cards c1_0
Hibernate: 
    delete 
    from
        cards 
    where
        id=?
Hibernate: 
    delete 
    from
        cards 
    where
        id=?
Hibernate: 
    select
        u1_0.id,
        u1_0.password,
        u1_0.phone_number,
        u1_0.role,
        u1_0.username 
    from
        users u1_0
Hibernate: 
    delete 
    from
        users 
    where
        id=?
Hibernate: 
    delete 
    from
        users 
    where
        id=?
]]></system-out>
  </testcase>
  <testcase name="testAccessWithInvalidToken_Fails" classname="com.example.bankcards.service.BankCardsIntegrationTest" time="0.006">
    <system-out><![CDATA[Hibernate: 
    select
        t1_0.id,
        t1_0.amount,
        t1_0.created_at,
        t1_0.from_card_id,
        t1_0.to_card_id 
    from
        transactions t1_0
Hibernate: 
    select
        c1_0.id,
        c1_0.balance,
        c1_0.card_number_encrypted,
        c1_0.expiry_date,
        c1_0.last_four,
        c1_0.owner_id,
        c1_0.status 
    from
        cards c1_0
Hibernate: 
    select
        u1_0.id,
        u1_0.password,
        u1_0.phone_number,
        u1_0.role,
        u1_0.username 
    from
        users u1_0
]]></system-out>
  </testcase>
  <testcase name="testUserAccessAdminEndpoint_Fails" classname="com.example.bankcards.service.BankCardsIntegrationTest" time="0.259">
    <system-out><![CDATA[Hibernate: 
    select
        t1_0.id,
        t1_0.amount,
        t1_0.created_at,
        t1_0.from_card_id,
        t1_0.to_card_id 
    from
        transactions t1_0
Hibernate: 
    select
        c1_0.id,
        c1_0.balance,
        c1_0.card_number_encrypted,
        c1_0.expiry_date,
        c1_0.last_four,
        c1_0.owner_id,
        c1_0.status 
    from
        cards c1_0
Hibernate: 
    select
        u1_0.id,
        u1_0.password,
        u1_0.phone_number,
        u1_0.role,
        u1_0.username 
    from
        users u1_0
Hibernate: 
    select
        u1_0.id 
    from
        users u1_0 
    where
        u1_0.username=? 
    fetch
        first ? rows only
Hibernate: 
    select
        u1_0.id 
    from
        users u1_0 
    where
        u1_0.phone_number=? 
    fetch
        first ? rows only
Hibernate: 
    insert 
    into
        users
        (password, phone_number, role, username) 
    values
        (?, ?, ?, ?)
Hibernate: 
    select
        u1_0.id,
        u1_0.password,
        u1_0.phone_number,
        u1_0.role,
        u1_0.username 
    from
        users u1_0 
    where
        u1_0.username=?
Hibernate: 
    select
        u1_0.id,
        u1_0.password,
        u1_0.phone_number,
        u1_0.role,
        u1_0.username 
    from
        users u1_0 
    where
        u1_0.username=?
Hibernate: 
    select
        u1_0.id 
    from
        users u1_0 
    where
        u1_0.username=? 
    fetch
        first ? rows only
Hibernate: 
    select
        u1_0.id 
    from
        users u1_0 
    where
        u1_0.phone_number=? 
    fetch
        first ? rows only
Hibernate: 
    insert 
    into
        users
        (password, phone_number, role, username) 
    values
        (?, ?, ?, ?)
Hibernate: 
    select
        u1_0.id,
        u1_0.password,
        u1_0.phone_number,
        u1_0.role,
        u1_0.username 
    from
        users u1_0 
    where
        u1_0.username=?
Hibernate: 
    select
        u1_0.id,
        u1_0.password,
        u1_0.phone_number,
        u1_0.role,
        u1_0.username 
    from
        users u1_0 
    where
        u1_0.username=?
Hibernate: 
    select
        u1_0.id,
        u1_0.password,
        u1_0.phone_number,
        u1_0.role,
        u1_0.username 
    from
        users u1_0 
    where
        u1_0.username=?
Hibernate: 
    select
        u1_0.id,
        u1_0.password,
        u1_0.phone_number,
        u1_0.role,
        u1_0.username 
    from
        users u1_0 
    where
        u1_0.username=?
]]></system-out>
  </testcase>
</testsuite>