<?xml version="1.0" encoding="UTF-8"?>
<testsuite xmlns:xsi="http://www.w3.org/2001/XMLSchema-instance" xsi:noNamespaceSchemaLocation="https://maven.apache.org/surefire/maven-surefire-plugin/xsd/surefire-test-report-3.0.xsd" version="3.0" name="com.example.bankcards.service.BankCardsIntegrationTest" time="14.148" tests="28" errors="0" skipped="0" failures="0">
  <properties>
[...]
</properties>
  <testcase name="testRegisterAdmin_Success" classname="com.example.bankcards.service.BankCardsIntegrationTest" time="0.94">
    <system-out><![CDATA[01:14:05.613 [main] INFO org.springframework.test.context.support.AnnotationConfigContextLoaderUtils -- Could not detect default configuration classes for test class [com.example.bankcards.service.BankCardsIntegrationTest]: BankCardsIntegrationTest does not declare any static, non-private, non-final, nested classes annotated with @Configuration.
01:14:05.712 [main] INFO org.springframework.boot.test.context.SpringBootTestContextBootstrapper -- Found @SpringBootConfiguration com.example.bankcards.BankCardManagment for test class com.example.bankcards.service.BankCardsIntegrationTest

  .   ____          _            __ _ _
 /\\ / ___'_ __ _ _(_)_ __  __ _ \ \ \ \
( ( )\___ | '_ | '_| | '_ \/ _` | \ \ \ \
 \\/  ___)| |_)| | | | | || (_| |  ) ) ) )
  '  |____| .__|_| |_|_| |_\__, | / / / /
 =========|_|==============|___/=/_/_/_/
 :: Spring Boot ::                (v3.2.0)

2026-02-04T01:14:06.101+05:00  INFO 12012 --- [bank-cards] [           main] c.e.b.service.BankCardsIntegrationTest   : Starting BankCardsIntegrationTest using Java 21.0.6 with PID 12012 (started by rasal in C:\Github\TechnicallTask\Bank\bank_rest)
2026-02-04T01:14:06.101+05:00 DEBUG 12012 --- [bank-cards] [           main] c.e.b.service.BankCardsIntegrationTest   : Running with Spring Boot v3.2.0, Spring v6.1.1
2026-02-04T01:14:06.102+05:00  INFO 12012 --- [bank-cards] [           main] c.e.b.service.BankCardsIntegrationTest   : The following 1 profile is active: "test"
2026-02-04T01:14:06.970+05:00  INFO 12012 --- [bank-cards] [           main] .s.d.r.c.RepositoryConfigurationDelegate : Bootstrapping Spring Data JPA repositories in DEFAULT mode.
2026-02-04T01:14:07.037+05:00  INFO 12012 --- [bank-cards] [           main] .s.d.r.c.RepositoryConfigurationDelegate : Finished Spring Data repository scanning in 60 ms. Found 3 JPA repository interfaces.
2026-02-04T01:14:07.857+05:00  INFO 12012 --- [bank-cards] [           main] o.s.b.w.embedded.tomcat.TomcatWebServer  : Tomcat initialized with port 0 (http)
2026-02-04T01:14:07.876+05:00  INFO 12012 --- [bank-cards] [           main] o.apache.catalina.core.StandardService   : Starting service [Tomcat]
2026-02-04T01:14:07.877+05:00  INFO 12012 --- [bank-cards] [           main] o.apache.catalina.core.StandardEngine    : Starting Servlet engine: [Apache Tomcat/10.1.16]
2026-02-04T01:14:07.939+05:00  INFO 12012 --- [bank-cards] [           main] o.a.c.c.C.[Tomcat].[localhost].[/]       : Initializing Spring embedded WebApplicationContext
2026-02-04T01:14:07.940+05:00  INFO 12012 --- [bank-cards] [           main] w.s.c.ServletWebServerApplicationContext : Root WebApplicationContext: initialization completed in 1822 ms
2026-02-04T01:14:08.247+05:00  INFO 12012 --- [bank-cards] [           main] o.hibernate.jpa.internal.util.LogHelper  : HHH000204: Processing PersistenceUnitInfo [name: default]
2026-02-04T01:14:08.299+05:00  INFO 12012 --- [bank-cards] [           main] org.hibernate.Version                    : HHH000412: Hibernate ORM core version 6.3.1.Final
2026-02-04T01:14:08.332+05:00  INFO 12012 --- [bank-cards] [           main] o.h.c.internal.RegionFactoryInitiator    : HHH000026: Second-level cache disabled
2026-02-04T01:14:08.516+05:00  INFO 12012 --- [bank-cards] [           main] o.s.o.j.p.SpringPersistenceUnitInfo      : No LoadTimeWeaver setup: ignoring JPA class transformer
2026-02-04T01:14:08.540+05:00  INFO 12012 --- [bank-cards] [           main] com.zaxxer.hikari.HikariDataSource       : HikariPool-1 - Starting...
2026-02-04T01:14:08.695+05:00  INFO 12012 --- [bank-cards] [           main] com.zaxxer.hikari.pool.HikariPool        : HikariPool-1 - Added connection conn0: url=jdbc:h2:mem:bank_test user=SA
2026-02-04T01:14:08.696+05:00  INFO 12012 --- [bank-cards] [           main] com.zaxxer.hikari.HikariDataSource       : HikariPool-1 - Start completed.
2026-02-04T01:14:08.721+05:00  WARN 12012 --- [bank-cards] [           main] org.hibernate.orm.deprecation            : HHH90000025: H2Dialect does not need to be specified explicitly using 'hibernate.dialect' (remove the property setting and it will be selected by default)
2026-02-04T01:14:09.365+05:00  INFO 12012 --- [bank-cards] [           main] o.h.e.t.j.p.i.JtaPlatformInitiator       : HHH000489: No JTA platform available (set 'hibernate.transaction.jta.platform' to enable JTA platform integration)
2026-02-04T01:14:09.377+05:00 DEBUG 12012 --- [bank-cards] [           main] org.hibernate.SQL                        : 
    drop table if exists cards cascade 
Hibernate: 
    drop table if exists cards cascade 
2026-02-04T01:14:09.380+05:00 DEBUG 12012 --- [bank-cards] [           main] org.hibernate.SQL                        : 
    drop table if exists transactions cascade 
Hibernate: 
    drop table if exists transactions cascade 
2026-02-04T01:14:09.380+05:00 DEBUG 12012 --- [bank-cards] [           main] org.hibernate.SQL                        : 
    drop table if exists users cascade 
Hibernate: 
    drop table if exists users cascade 
2026-02-04T01:14:09.383+05:00 DEBUG 12012 --- [bank-cards] [           main] org.hibernate.SQL                        : 
    create table cards (
        balance numeric(38,2) not null,
        last_four varchar(4) not null,
        id bigint generated by default as identity,
        owner_id bigint not null,
        card_number_encrypted varchar(512) not null unique,
        expiry_date varbinary(255) not null,
        status varchar(255) not null check (status in ('ACTIVE','BLOCKED','EXPIRED','DELETED')),
        primary key (id)
    )
Hibernate: 
    create table cards (
        balance numeric(38,2) not null,
        last_four varchar(4) not null,
        id bigint generated by default as identity,
        owner_id bigint not null,
        card_number_encrypted varchar(512) not null unique,
        expiry_date varbinary(255) not null,
        status varchar(255) not null check (status in ('ACTIVE','BLOCKED','EXPIRED','DELETED')),
        primary key (id)
    )
2026-02-04T01:14:09.392+05:00 DEBUG 12012 --- [bank-cards] [           main] org.hibernate.SQL                        : 
    create table transactions (
        amount numeric(38,2) not null,
        created_at timestamp(6) with time zone not null,
        from_card_id bigint not null,
        to_card_id bigint not null,
        id uuid not null,
        primary key (id)
    )
Hibernate: 
    create table transactions (
        amount numeric(38,2) not null,
        created_at timestamp(6) with time zone not null,
        from_card_id bigint not null,
        to_card_id bigint not null,
        id uuid not null,
        primary key (id)
    )
2026-02-04T01:14:09.394+05:00 DEBUG 12012 --- [bank-cards] [           main] org.hibernate.SQL                        : 
    create table users (
        id bigint generated by default as identity,
        password varchar(255) not null,
        phone_number varchar(255) not null unique,
        role varchar(255) check (role in ('USER','ADMIN')),
        username varchar(255) not null unique,
        primary key (id)
    )
Hibernate: 
    create table users (
        id bigint generated by default as identity,
        password varchar(255) not null,
        phone_number varchar(255) not null unique,
        role varchar(255) check (role in ('USER','ADMIN')),
        username varchar(255) not null unique,
        primary key (id)
    )
2026-02-04T01:14:09.396+05:00 DEBUG 12012 --- [bank-cards] [           main] org.hibernate.SQL                        : 
    alter table if exists cards 
       add constraint FKngyusa2xehxe90oim767h2h4a 
       foreign key (owner_id) 
       references users
Hibernate: 
    alter table if exists cards 
       add constraint FKngyusa2xehxe90oim767h2h4a 
       foreign key (owner_id) 
       references users
2026-02-04T01:14:09.406+05:00 DEBUG 12012 --- [bank-cards] [           main] org.hibernate.SQL                        : 
    alter table if exists transactions 
       add constraint FK2rjf7q3aokek0bc3817l80p77 
       foreign key (from_card_id) 
       references cards
Hibernate: 
    alter table if exists transactions 
       add constraint FK2rjf7q3aokek0bc3817l80p77 
       foreign key (from_card_id) 
       references cards
2026-02-04T01:14:09.406+05:00 DEBUG 12012 --- [bank-cards] [           main] org.hibernate.SQL                        : 
    alter table if exists transactions 
       add constraint FKrjipfg1tkqdhun7vvoe5m6rca 
       foreign key (to_card_id) 
       references cards
Hibernate: 
    alter table if exists transactions 
       add constraint FKrjipfg1tkqdhun7vvoe5m6rca 
       foreign key (to_card_id) 
       references cards
2026-02-04T01:14:09.411+05:00  INFO 12012 --- [bank-cards] [           main] j.LocalContainerEntityManagerFactoryBean : Initialized JPA EntityManagerFactory for persistence unit 'default'
2026-02-04T01:14:09.854+05:00 DEBUG 12012 --- [bank-cards] [           main] c.example.bankcards.security.JwtFilter   : Filter 'jwtFilter' configured for use
2026-02-04T01:14:09.999+05:00  INFO 12012 --- [bank-cards] [           main] o.s.d.j.r.query.QueryEnhancerFactory     : Hibernate is in classpath; If applicable, HQL parser will be used.
2026-02-04T01:14:10.644+05:00  WARN 12012 --- [bank-cards] [           main] JpaBaseConfiguration$JpaWebConfiguration : spring.jpa.open-in-view is enabled by default. Therefore, database queries may be performed during view rendering. Explicitly configure spring.jpa.open-in-view to disable this warning
2026-02-04T01:14:11.052+05:00  INFO 12012 --- [bank-cards] [           main] o.s.b.a.e.web.EndpointLinksResolver      : Exposing 1 endpoint(s) beneath base path '/actuator'
2026-02-04T01:14:11.116+05:00  INFO 12012 --- [bank-cards] [           main] o.s.s.web.DefaultSecurityFilterChain     : Will secure any request with [org.springframework.security.web.session.DisableEncodeUrlFilter@54398386, org.springframework.security.web.context.request.async.WebAsyncManagerIntegrationFilter@1f334ce0, org.springframework.security.web.context.SecurityContextHolderFilter@5aad32b3, org.springframework.security.web.header.HeaderWriterFilter@1ae2b0d0, org.springframework.web.filter.CorsFilter@2b7e2212, org.springframework.security.web.authentication.logout.LogoutFilter@1a325aa, com.example.bankcards.security.JwtFilter@3f808ad9, org.springframework.security.web.savedrequest.RequestCacheAwareFilter@160ecb8f, org.springframework.security.web.servletapi.SecurityContextHolderAwareRequestFilter@29726180, org.springframework.security.web.authentication.AnonymousAuthenticationFilter@7b9866c6, org.springframework.security.web.session.SessionManagementFilter@54ce2da8, org.springframework.security.web.access.ExceptionTranslationFilter@2ed16651, org.springframework.security.web.access.intercept.AuthorizationFilter@7fcbb24b]
2026-02-04T01:14:11.589+05:00 DEBUG 12012 --- [bank-cards] [           main] c.example.bankcards.security.JwtFilter   : Filter 'jwtFilter' configured for use
2026-02-04T01:14:11.590+05:00  INFO 12012 --- [bank-cards] [           main] o.a.c.c.C.[Tomcat].[localhost].[/]       : Initializing Spring TestDispatcherServlet ''
2026-02-04T01:14:11.591+05:00  INFO 12012 --- [bank-cards] [           main] o.s.t.web.servlet.TestDispatcherServlet  : Initializing Servlet ''
2026-02-04T01:14:11.592+05:00  INFO 12012 --- [bank-cards] [           main] o.s.t.web.servlet.TestDispatcherServlet  : Completed initialization in 1 ms
2026-02-04T01:14:11.684+05:00  INFO 12012 --- [bank-cards] [           main] o.s.b.w.embedded.tomcat.TomcatWebServer  : Tomcat started on port 51852 (http) with context path ''
2026-02-04T01:14:11.694+05:00  INFO 12012 --- [bank-cards] [           main] c.e.b.service.BankCardsIntegrationTest   : Started BankCardsIntegrationTest in 5.864 seconds (process running for 6.704)
2026-02-04T01:14:12.263+05:00 DEBUG 12012 --- [bank-cards] [           main] org.hibernate.SQL                        : 
    select
        t1_0.id,
        t1_0.amount,
        t1_0.created_at,
        t1_0.from_card_id,
        t1_0.to_card_id 
    from
        transactions t1_0
Hibernate: 
    select
        t1_0.id,
        t1_0.amount,
        t1_0.created_at,
        t1_0.from_card_id,
        t1_0.to_card_id 
    from
        transactions t1_0
2026-02-04T01:14:12.281+05:00 DEBUG 12012 --- [bank-cards] [           main] org.hibernate.SQL                        : 
    select
        c1_0.id,
        c1_0.balance,
        c1_0.card_number_encrypted,
        c1_0.expiry_date,
        c1_0.last_four,
        c1_0.owner_id,
        c1_0.status 
    from
        cards c1_0
Hibernate: 
    select
        c1_0.id,
        c1_0.balance,
        c1_0.card_number_encrypted,
        c1_0.expiry_date,
        c1_0.last_four,
        c1_0.owner_id,
        c1_0.status 
    from
        cards c1_0
2026-02-04T01:14:12.282+05:00 DEBUG 12012 --- [bank-cards] [           main] org.hibernate.SQL                        : 
    select
        u1_0.id,
        u1_0.password,
        u1_0.phone_number,
        u1_0.role,
        u1_0.username 
    from
        users u1_0
Hibernate: 
    select
        u1_0.id,
        u1_0.password,
        u1_0.phone_number,
        u1_0.role,
        u1_0.username 
    from
        users u1_0
2026-02-04T01:14:12.333+05:00 DEBUG 12012 --- [bank-cards] [           main] o.s.security.web.FilterChainProxy        : Securing POST /auth/register/admin
2026-02-04T01:14:12.342+05:00 DEBUG 12012 --- [bank-cards] [           main] o.s.s.w.a.AnonymousAuthenticationFilter  : Set SecurityContextHolder to anonymous SecurityContext
2026-02-04T01:14:12.343+05:00  WARN 12012 --- [bank-cards] [           main] o.s.w.s.h.HandlerMappingIntrospector     : Cache miss for REQUEST dispatch to '/auth/register/admin' (previous null). Performing MatchableHandlerMapping lookup. This is logged once only at WARN level, and every time at TRACE.
2026-02-04T01:14:12.350+05:00 DEBUG 12012 --- [bank-cards] [           main] o.s.security.web.FilterChainProxy        : Secured POST /auth/register/admin
2026-02-04T01:14:12.476+05:00 DEBUG 12012 --- [bank-cards] [           main] org.hibernate.SQL                        : 
    select
        u1_0.id 
    from
        users u1_0 
    where
        u1_0.username=? 
    fetch
        first ? rows only
Hibernate: 
    select
        u1_0.id 
    from
        users u1_0 
    where
        u1_0.username=? 
    fetch
        first ? rows only
2026-02-04T01:14:12.481+05:00 DEBUG 12012 --- [bank-cards] [           main] org.hibernate.SQL                        : 
    select
        u1_0.id 
    from
        users u1_0 
    where
        u1_0.phone_number=? 
    fetch
        first ? rows only
Hibernate: 
    select
        u1_0.id 
    from
        users u1_0 
    where
        u1_0.phone_number=? 
    fetch
        first ? rows only
2026-02-04T01:14:12.564+05:00 DEBUG 12012 --- [bank-cards] [           main] org.hibernate.SQL                        : 
    insert 
    into
        users
        (password, phone_number, role, username, id) 
    values
        (?, ?, ?, ?, default)
Hibernate: 
    insert 
    into
        users
        (password, phone_number, role, username, id) 
    values
        (?, ?, ?, ?, default)
2026-02-04T01:14:12.642+05:00 DEBUG 12012 --- [bank-cards] [           main] org.hibernate.SQL                        : 
    select
        u1_0.id,
        u1_0.password,
        u1_0.phone_number,
        u1_0.role,
        u1_0.username 
    from
        users u1_0 
    where
        u1_0.username=?
Hibernate: 
    select
        u1_0.id,
        u1_0.password,
        u1_0.phone_number,
        u1_0.role,
        u1_0.username 
    from
        users u1_0 
    where
        u1_0.username=?
]]></system-out>
    <system-err><![CDATA[WARNING: A Java agent has been loaded dynamically (C:\Users\rasal\.m2\repository\net\bytebuddy\byte-buddy-agent\1.14.10\byte-buddy-agent-1.14.10.jar)
WARNING: If a serviceability tool is in use, please run with -XX:+EnableDynamicAgentLoading to hide this warning
WARNING: If a serviceability tool is not in use, please run with -Djdk.instrument.traceUsage for more information
WARNING: Dynamic loading of agents will be disallowed by default in a future release
]]></system-err>
  </testcase>
  <testcase name="testRegisterAdmin_InvalidCode" classname="com.example.bankcards.service.BankCardsIntegrationTest" time="0.042">
    <system-out><![CDATA[2026-02-04T01:14:12.704+05:00 DEBUG 12012 --- [bank-cards] [           main] org.hibernate.SQL                        : 
    select
        t1_0.id,
        t1_0.amount,
        t1_0.created_at,
        t1_0.from_card_id,
        t1_0.to_card_id 
    from
        transactions t1_0
Hibernate: 
    select
        t1_0.id,
        t1_0.amount,
        t1_0.created_at,
        t1_0.from_card_id,
        t1_0.to_card_id 
    from
        transactions t1_0
2026-02-04T01:14:12.705+05:00 DEBUG 12012 --- [bank-cards] [           main] org.hibernate.SQL                        : 
    select
        c1_0.id,
        c1_0.balance,
        c1_0.card_number_encrypted,
        c1_0.expiry_date,
        c1_0.last_four,
        c1_0.owner_id,
        c1_0.status 
    from
        cards c1_0
Hibernate: 
    select
        c1_0.id,
        c1_0.balance,
        c1_0.card_number_encrypted,
        c1_0.expiry_date,
        c1_0.last_four,
        c1_0.owner_id,
        c1_0.status 
    from
        cards c1_0
2026-02-04T01:14:12.706+05:00 DEBUG 12012 --- [bank-cards] [           main] org.hibernate.SQL                        : 
    select
        u1_0.id,
        u1_0.password,
        u1_0.phone_number,
        u1_0.role,
        u1_0.username 
    from
        users u1_0
Hibernate: 
    select
        u1_0.id,
        u1_0.password,
        u1_0.phone_number,
        u1_0.role,
        u1_0.username 
    from
        users u1_0
2026-02-04T01:14:12.720+05:00 DEBUG 12012 --- [bank-cards] [           main] org.hibernate.SQL                        : 
    delete 
    from
        users 
    where
        id=?
Hibernate: 
    delete 
    from
        users 
    where
        id=?
2026-02-04T01:14:12.723+05:00 DEBUG 12012 --- [bank-cards] [           main] o.s.security.web.FilterChainProxy        : Securing POST /auth/register/admin
2026-02-04T01:14:12.723+05:00 DEBUG 12012 --- [bank-cards] [           main] o.s.s.w.a.AnonymousAuthenticationFilter  : Set SecurityContextHolder to anonymous SecurityContext
2026-02-04T01:14:12.724+05:00 DEBUG 12012 --- [bank-cards] [           main] o.s.security.web.FilterChainProxy        : Secured POST /auth/register/admin
2026-02-04T01:14:12.738+05:00 DEBUG 12012 --- [bank-cards] [           main] org.hibernate.SQL                        : 
    select
        u1_0.id,
        u1_0.password,
        u1_0.phone_number,
        u1_0.role,
        u1_0.username 
    from
        users u1_0 
    where
        u1_0.username=?
Hibernate: 
    select
        u1_0.id,
        u1_0.password,
        u1_0.phone_number,
        u1_0.role,
        u1_0.username 
    from
        users u1_0 
    where
        u1_0.username=?
]]></system-out>
  </testcase>
  <testcase name="testRegisterUser_Success" classname="com.example.bankcards.service.BankCardsIntegrationTest" time="0.1">
    <system-out><![CDATA[2026-02-04T01:14:12.746+05:00 DEBUG 12012 --- [bank-cards] [           main] org.hibernate.SQL                        : 
    select
        t1_0.id,
        t1_0.amount,
        t1_0.created_at,
        t1_0.from_card_id,
        t1_0.to_card_id 
    from
        transactions t1_0
Hibernate: 
    select
        t1_0.id,
        t1_0.amount,
        t1_0.created_at,
        t1_0.from_card_id,
        t1_0.to_card_id 
    from
        transactions t1_0
2026-02-04T01:14:12.748+05:00 DEBUG 12012 --- [bank-cards] [           main] org.hibernate.SQL                        : 
    select
        c1_0.id,
        c1_0.balance,
        c1_0.card_number_encrypted,
        c1_0.expiry_date,
        c1_0.last_four,
        c1_0.owner_id,
        c1_0.status 
    from
        cards c1_0
Hibernate: 
    select
        c1_0.id,
        c1_0.balance,
        c1_0.card_number_encrypted,
        c1_0.expiry_date,
        c1_0.last_four,
        c1_0.owner_id,
        c1_0.status 
    from
        cards c1_0
2026-02-04T01:14:12.749+05:00 DEBUG 12012 --- [bank-cards] [           main] org.hibernate.SQL                        : 
    select
        u1_0.id,
        u1_0.password,
        u1_0.phone_number,
        u1_0.role,
        u1_0.username 
    from
        users u1_0
Hibernate: 
    select
        u1_0.id,
        u1_0.password,
        u1_0.phone_number,
        u1_0.role,
        u1_0.username 
    from
        users u1_0
2026-02-04T01:14:12.754+05:00 DEBUG 12012 --- [bank-cards] [           main] o.s.security.web.FilterChainProxy        : Securing POST /auth/register
2026-02-04T01:14:12.755+05:00 DEBUG 12012 --- [bank-cards] [           main] o.s.s.w.a.AnonymousAuthenticationFilter  : Set SecurityContextHolder to anonymous SecurityContext
2026-02-04T01:14:12.757+05:00 DEBUG 12012 --- [bank-cards] [           main] o.s.security.web.FilterChainProxy        : Secured POST /auth/register
2026-02-04T01:14:12.772+05:00 DEBUG 12012 --- [bank-cards] [           main] org.hibernate.SQL                        : 
    select
        u1_0.id 
    from
        users u1_0 
    where
        u1_0.username=? 
    fetch
        first ? rows only
Hibernate: 
    select
        u1_0.id 
    from
        users u1_0 
    where
        u1_0.username=? 
    fetch
        first ? rows only
2026-02-04T01:14:12.774+05:00 DEBUG 12012 --- [bank-cards] [           main] org.hibernate.SQL                        : 
    select
        u1_0.id 
    from
        users u1_0 
    where
        u1_0.phone_number=? 
    fetch
        first ? rows only
Hibernate: 
    select
        u1_0.id 
    from
        users u1_0 
    where
        u1_0.phone_number=? 
    fetch
        first ? rows only
2026-02-04T01:14:12.833+05:00 DEBUG 12012 --- [bank-cards] [           main] org.hibernate.SQL                        : 
    insert 
    into
        users
        (password, phone_number, role, username, id) 
    values
        (?, ?, ?, ?, default)
Hibernate: 
    insert 
    into
        users
        (password, phone_number, role, username, id) 
    values
        (?, ?, ?, ?, default)
2026-02-04T01:14:12.837+05:00 DEBUG 12012 --- [bank-cards] [           main] org.hibernate.SQL                        : 
    select
        u1_0.id,
        u1_0.password,
        u1_0.phone_number,
        u1_0.role,
        u1_0.username 
    from
        users u1_0 
    where
        u1_0.username=?
Hibernate: 
    select
        u1_0.id,
        u1_0.password,
        u1_0.phone_number,
        u1_0.role,
        u1_0.username 
    from
        users u1_0 
    where
        u1_0.username=?
]]></system-out>
  </testcase>
  <testcase name="testRegisterUser_DuplicateUsername" classname="com.example.bankcards.service.BankCardsIntegrationTest" time="0.085">
    <system-out><![CDATA[2026-02-04T01:14:12.848+05:00 DEBUG 12012 --- [bank-cards] [           main] org.hibernate.SQL                        : 
    select
        t1_0.id,
        t1_0.amount,
        t1_0.created_at,
        t1_0.from_card_id,
        t1_0.to_card_id 
    from
        transactions t1_0
Hibernate: 
    select
        t1_0.id,
        t1_0.amount,
        t1_0.created_at,
        t1_0.from_card_id,
        t1_0.to_card_id 
    from
        transactions t1_0
2026-02-04T01:14:12.850+05:00 DEBUG 12012 --- [bank-cards] [           main] org.hibernate.SQL                        : 
    select
        c1_0.id,
        c1_0.balance,
        c1_0.card_number_encrypted,
        c1_0.expiry_date,
        c1_0.last_four,
        c1_0.owner_id,
        c1_0.status 
    from
        cards c1_0
Hibernate: 
    select
        c1_0.id,
        c1_0.balance,
        c1_0.card_number_encrypted,
        c1_0.expiry_date,
        c1_0.last_four,
        c1_0.owner_id,
        c1_0.status 
    from
        cards c1_0
2026-02-04T01:14:12.851+05:00 DEBUG 12012 --- [bank-cards] [           main] org.hibernate.SQL                        : 
    select
        u1_0.id,
        u1_0.password,
        u1_0.phone_number,
        u1_0.role,
        u1_0.username 
    from
        users u1_0
Hibernate: 
    select
        u1_0.id,
        u1_0.password,
        u1_0.phone_number,
        u1_0.role,
        u1_0.username 
    from
        users u1_0
2026-02-04T01:14:12.851+05:00 DEBUG 12012 --- [bank-cards] [           main] org.hibernate.SQL                        : 
    delete 
    from
        users 
    where
        id=?
Hibernate: 
    delete 
    from
        users 
    where
        id=?
2026-02-04T01:14:12.853+05:00 DEBUG 12012 --- [bank-cards] [           main] o.s.security.web.FilterChainProxy        : Securing POST /auth/register
2026-02-04T01:14:12.855+05:00 DEBUG 12012 --- [bank-cards] [           main] o.s.s.w.a.AnonymousAuthenticationFilter  : Set SecurityContextHolder to anonymous SecurityContext
2026-02-04T01:14:12.855+05:00 DEBUG 12012 --- [bank-cards] [           main] o.s.security.web.FilterChainProxy        : Secured POST /auth/register
2026-02-04T01:14:12.857+05:00 DEBUG 12012 --- [bank-cards] [           main] org.hibernate.SQL                        : 
    select
        u1_0.id 
    from
        users u1_0 
    where
        u1_0.username=? 
    fetch
        first ? rows only
Hibernate: 
    select
        u1_0.id 
    from
        users u1_0 
    where
        u1_0.username=? 
    fetch
        first ? rows only
2026-02-04T01:14:12.858+05:00 DEBUG 12012 --- [bank-cards] [           main] org.hibernate.SQL                        : 
    select
        u1_0.id 
    from
        users u1_0 
    where
        u1_0.phone_number=? 
    fetch
        first ? rows only
Hibernate: 
    select
        u1_0.id 
    from
        users u1_0 
    where
        u1_0.phone_number=? 
    fetch
        first ? rows only
2026-02-04T01:14:12.918+05:00 DEBUG 12012 --- [bank-cards] [           main] org.hibernate.SQL                        : 
    insert 
    into
        users
        (password, phone_number, role, username, id) 
    values
        (?, ?, ?, ?, default)
Hibernate: 
    insert 
    into
        users
        (password, phone_number, role, username, id) 
    values
        (?, ?, ?, ?, default)
2026-02-04T01:14:12.921+05:00 DEBUG 12012 --- [bank-cards] [           main] o.s.security.web.FilterChainProxy        : Securing POST /auth/register
2026-02-04T01:14:12.921+05:00 DEBUG 12012 --- [bank-cards] [           main] o.s.s.w.a.AnonymousAuthenticationFilter  : Set SecurityContextHolder to anonymous SecurityContext
2026-02-04T01:14:12.922+05:00 DEBUG 12012 --- [bank-cards] [           main] o.s.security.web.FilterChainProxy        : Secured POST /auth/register
2026-02-04T01:14:12.926+05:00 DEBUG 12012 --- [bank-cards] [           main] org.hibernate.SQL                        : 
    select
        u1_0.id 
    from
        users u1_0 
    where
        u1_0.username=? 
    fetch
        first ? rows only
Hibernate: 
    select
        u1_0.id 
    from
        users u1_0 
    where
        u1_0.username=? 
    fetch
        first ? rows only
]]></system-out>
  </testcase>
  <testcase name="testLoginAdmin_Success" classname="com.example.bankcards.service.BankCardsIntegrationTest" time="0.27">
    <system-out><![CDATA[2026-02-04T01:14:12.935+05:00 DEBUG 12012 --- [bank-cards] [           main] org.hibernate.SQL                        : 
    select
        t1_0.id,
        t1_0.amount,
        t1_0.created_at,
        t1_0.from_card_id,
        t1_0.to_card_id 
    from
        transactions t1_0
Hibernate: 
    select
        t1_0.id,
        t1_0.amount,
        t1_0.created_at,
        t1_0.from_card_id,
        t1_0.to_card_id 
    from
        transactions t1_0
2026-02-04T01:14:12.936+05:00 DEBUG 12012 --- [bank-cards] [           main] org.hibernate.SQL                        : 
    select
        c1_0.id,
        c1_0.balance,
        c1_0.card_number_encrypted,
        c1_0.expiry_date,
        c1_0.last_four,
        c1_0.owner_id,
        c1_0.status 
    from
        cards c1_0
Hibernate: 
    select
        c1_0.id,
        c1_0.balance,
        c1_0.card_number_encrypted,
        c1_0.expiry_date,
        c1_0.last_four,
        c1_0.owner_id,
        c1_0.status 
    from
        cards c1_0
2026-02-04T01:14:12.938+05:00 DEBUG 12012 --- [bank-cards] [           main] org.hibernate.SQL                        : 
    select
        u1_0.id,
        u1_0.password,
        u1_0.phone_number,
        u1_0.role,
        u1_0.username 
    from
        users u1_0
Hibernate: 
    select
        u1_0.id,
        u1_0.password,
        u1_0.phone_number,
        u1_0.role,
        u1_0.username 
    from
        users u1_0
2026-02-04T01:14:12.939+05:00 DEBUG 12012 --- [bank-cards] [           main] org.hibernate.SQL                        : 
    delete 
    from
        users 
    where
        id=?
Hibernate: 
    delete 
    from
        users 
    where
        id=?
2026-02-04T01:14:12.941+05:00 DEBUG 12012 --- [bank-cards] [           main] o.s.security.web.FilterChainProxy        : Securing POST /auth/register/admin
2026-02-04T01:14:12.941+05:00 DEBUG 12012 --- [bank-cards] [           main] o.s.s.w.a.AnonymousAuthenticationFilter  : Set SecurityContextHolder to anonymous SecurityContext
2026-02-04T01:14:12.942+05:00 DEBUG 12012 --- [bank-cards] [           main] o.s.security.web.FilterChainProxy        : Secured POST /auth/register/admin
2026-02-04T01:14:12.948+05:00 DEBUG 12012 --- [bank-cards] [           main] org.hibernate.SQL                        : 
    select
        u1_0.id 
    from
        users u1_0 
    where
        u1_0.username=? 
    fetch
        first ? rows only
Hibernate: 
    select
        u1_0.id 
    from
        users u1_0 
    where
        u1_0.username=? 
    fetch
        first ? rows only
2026-02-04T01:14:12.950+05:00 DEBUG 12012 --- [bank-cards] [           main] org.hibernate.SQL                        : 
    select
        u1_0.id 
    from
        users u1_0 
    where
        u1_0.phone_number=? 
    fetch
        first ? rows only
Hibernate: 
    select
        u1_0.id 
    from
        users u1_0 
    where
        u1_0.phone_number=? 
    fetch
        first ? rows only
2026-02-04T01:14:13.024+05:00 DEBUG 12012 --- [bank-cards] [           main] org.hibernate.SQL                        : 
    insert 
    into
        users
        (password, phone_number, role, username, id) 
    values
        (?, ?, ?, ?, default)
Hibernate: 
    insert 
    into
        users
        (password, phone_number, role, username, id) 
    values
        (?, ?, ?, ?, default)
2026-02-04T01:14:13.030+05:00 DEBUG 12012 --- [bank-cards] [           main] o.s.security.web.FilterChainProxy        : Securing POST /auth/login
2026-02-04T01:14:13.031+05:00 DEBUG 12012 --- [bank-cards] [           main] o.s.s.w.a.AnonymousAuthenticationFilter  : Set SecurityContextHolder to anonymous SecurityContext
2026-02-04T01:14:13.031+05:00 DEBUG 12012 --- [bank-cards] [           main] o.s.security.web.FilterChainProxy        : Secured POST /auth/login
2026-02-04T01:14:13.101+05:00 DEBUG 12012 --- [bank-cards] [           main] org.hibernate.SQL                        : 
    select
        u1_0.id,
        u1_0.password,
        u1_0.phone_number,
        u1_0.role,
        u1_0.username 
    from
        users u1_0 
    where
        u1_0.username=?
Hibernate: 
    select
        u1_0.id,
        u1_0.password,
        u1_0.phone_number,
        u1_0.role,
        u1_0.username 
    from
        users u1_0 
    where
        u1_0.username=?
2026-02-04T01:14:13.164+05:00 DEBUG 12012 --- [bank-cards] [           main] o.s.s.a.dao.DaoAuthenticationProvider    : Authenticated user
2026-02-04T01:14:13.165+05:00 DEBUG 12012 --- [bank-cards] [           main] org.hibernate.SQL                        : 
    select
        u1_0.id,
        u1_0.password,
        u1_0.phone_number,
        u1_0.role,
        u1_0.username 
    from
        users u1_0 
    where
        u1_0.username=?
Hibernate: 
    select
        u1_0.id,
        u1_0.password,
        u1_0.phone_number,
        u1_0.role,
        u1_0.username 
    from
        users u1_0 
    where
        u1_0.username=?
]]></system-out>
  </testcase>
  <testcase name="testLoginUser_Success" classname="com.example.bankcards.service.BankCardsIntegrationTest" time="0.145">
    <system-out><![CDATA[2026-02-04T01:14:13.207+05:00 DEBUG 12012 --- [bank-cards] [           main] org.hibernate.SQL                        : 
    select
        t1_0.id,
        t1_0.amount,
        t1_0.created_at,
        t1_0.from_card_id,
        t1_0.to_card_id 
    from
        transactions t1_0
Hibernate: 
    select
        t1_0.id,
        t1_0.amount,
        t1_0.created_at,
        t1_0.from_card_id,
        t1_0.to_card_id 
    from
        transactions t1_0
2026-02-04T01:14:13.209+05:00 DEBUG 12012 --- [bank-cards] [           main] org.hibernate.SQL                        : 
    select
        c1_0.id,
        c1_0.balance,
        c1_0.card_number_encrypted,
        c1_0.expiry_date,
        c1_0.last_four,
        c1_0.owner_id,
        c1_0.status 
    from
        cards c1_0
Hibernate: 
    select
        c1_0.id,
        c1_0.balance,
        c1_0.card_number_encrypted,
        c1_0.expiry_date,
        c1_0.last_four,
        c1_0.owner_id,
        c1_0.status 
    from
        cards c1_0
2026-02-04T01:14:13.211+05:00 DEBUG 12012 --- [bank-cards] [           main] org.hibernate.SQL                        : 
    select
        u1_0.id,
        u1_0.password,
        u1_0.phone_number,
        u1_0.role,
        u1_0.username 
    from
        users u1_0
Hibernate: 
    select
        u1_0.id,
        u1_0.password,
        u1_0.phone_number,
        u1_0.role,
        u1_0.username 
    from
        users u1_0
2026-02-04T01:14:13.212+05:00 DEBUG 12012 --- [bank-cards] [           main] org.hibernate.SQL                        : 
    delete 
    from
        users 
    where
        id=?
Hibernate: 
    delete 
    from
        users 
    where
        id=?
2026-02-04T01:14:13.213+05:00 DEBUG 12012 --- [bank-cards] [           main] o.s.security.web.FilterChainProxy        : Securing POST /auth/register
2026-02-04T01:14:13.213+05:00 DEBUG 12012 --- [bank-cards] [           main] o.s.s.w.a.AnonymousAuthenticationFilter  : Set SecurityContextHolder to anonymous SecurityContext
2026-02-04T01:14:13.213+05:00 DEBUG 12012 --- [bank-cards] [           main] o.s.security.web.FilterChainProxy        : Secured POST /auth/register
2026-02-04T01:14:13.217+05:00 DEBUG 12012 --- [bank-cards] [           main] org.hibernate.SQL                        : 
    select
        u1_0.id 
    from
        users u1_0 
    where
        u1_0.username=? 
    fetch
        first ? rows only
Hibernate: 
    select
        u1_0.id 
    from
        users u1_0 
    where
        u1_0.username=? 
    fetch
        first ? rows only
2026-02-04T01:14:13.218+05:00 DEBUG 12012 --- [bank-cards] [           main] org.hibernate.SQL                        : 
    select
        u1_0.id 
    from
        users u1_0 
    where
        u1_0.phone_number=? 
    fetch
        first ? rows only
Hibernate: 
    select
        u1_0.id 
    from
        users u1_0 
    where
        u1_0.phone_number=? 
    fetch
        first ? rows only
2026-02-04T01:14:13.277+05:00 DEBUG 12012 --- [bank-cards] [           main] org.hibernate.SQL                        : 
    insert 
    into
        users
        (password, phone_number, role, username, id) 
    values
        (?, ?, ?, ?, default)
Hibernate: 
    insert 
    into
        users
        (password, phone_number, role, username, id) 
    values
        (?, ?, ?, ?, default)
2026-02-04T01:14:13.280+05:00 DEBUG 12012 --- [bank-cards] [           main] o.s.security.web.FilterChainProxy        : Securing POST /auth/login
2026-02-04T01:14:13.280+05:00 DEBUG 12012 --- [bank-cards] [           main] o.s.s.w.a.AnonymousAuthenticationFilter  : Set SecurityContextHolder to anonymous SecurityContext
2026-02-04T01:14:13.281+05:00 DEBUG 12012 --- [bank-cards] [           main] o.s.security.web.FilterChainProxy        : Secured POST /auth/login
2026-02-04T01:14:13.283+05:00 DEBUG 12012 --- [bank-cards] [           main] org.hibernate.SQL                        : 
    select
        u1_0.id,
        u1_0.password,
        u1_0.phone_number,
        u1_0.role,
        u1_0.username 
    from
        users u1_0 
    where
        u1_0.username=?
Hibernate: 
    select
        u1_0.id,
        u1_0.password,
        u1_0.phone_number,
        u1_0.role,
        u1_0.username 
    from
        users u1_0 
    where
        u1_0.username=?
2026-02-04T01:14:13.340+05:00 DEBUG 12012 --- [bank-cards] [           main] o.s.s.a.dao.DaoAuthenticationProvider    : Authenticated user
2026-02-04T01:14:13.342+05:00 DEBUG 12012 --- [bank-cards] [           main] org.hibernate.SQL                        : 
    select
        u1_0.id,
        u1_0.password,
        u1_0.phone_number,
        u1_0.role,
        u1_0.username 
    from
        users u1_0 
    where
        u1_0.username=?
Hibernate: 
    select
        u1_0.id,
        u1_0.password,
        u1_0.phone_number,
        u1_0.role,
        u1_0.username 
    from
        users u1_0 
    where
        u1_0.username=?
2026-02-04T01:14:13.345+05:00 DEBUG 12012 --- [bank-cards] [           main] org.hibernate.SQL                        : 
    select
        u1_0.id,
        u1_0.password,
        u1_0.phone_number,
        u1_0.role,
        u1_0.username 
    from
        users u1_0 
    where
        u1_0.username=?
Hibernate: 
    select
        u1_0.id,
        u1_0.password,
        u1_0.phone_number,
        u1_0.role,
        u1_0.username 
    from
        users u1_0 
    where
        u1_0.username=?
]]></system-out>
  </testcase>
  <testcase name="testLogin_InvalidCredentials" classname="com.example.bankcards.service.BankCardsIntegrationTest" time="0.076">
    <system-out><![CDATA[2026-02-04T01:14:13.351+05:00 DEBUG 12012 --- [bank-cards] [           main] org.hibernate.SQL                        : 
    select
        t1_0.id,
        t1_0.amount,
        t1_0.created_at,
        t1_0.from_card_id,
        t1_0.to_card_id 
    from
        transactions t1_0
Hibernate: 
    select
        t1_0.id,
        t1_0.amount,
        t1_0.created_at,
        t1_0.from_card_id,
        t1_0.to_card_id 
    from
        transactions t1_0
2026-02-04T01:14:13.353+05:00 DEBUG 12012 --- [bank-cards] [           main] org.hibernate.SQL                        : 
    select
        c1_0.id,
        c1_0.balance,
        c1_0.card_number_encrypted,
        c1_0.expiry_date,
        c1_0.last_four,
        c1_0.owner_id,
        c1_0.status 
    from
        cards c1_0
Hibernate: 
    select
        c1_0.id,
        c1_0.balance,
        c1_0.card_number_encrypted,
        c1_0.expiry_date,
        c1_0.last_four,
        c1_0.owner_id,
        c1_0.status 
    from
        cards c1_0
2026-02-04T01:14:13.354+05:00 DEBUG 12012 --- [bank-cards] [           main] org.hibernate.SQL                        : 
    select
        u1_0.id,
        u1_0.password,
        u1_0.phone_number,
        u1_0.role,
        u1_0.username 
    from
        users u1_0
Hibernate: 
    select
        u1_0.id,
        u1_0.password,
        u1_0.phone_number,
        u1_0.role,
        u1_0.username 
    from
        users u1_0
2026-02-04T01:14:13.354+05:00 DEBUG 12012 --- [bank-cards] [           main] org.hibernate.SQL                        : 
    delete 
    from
        users 
    where
        id=?
Hibernate: 
    delete 
    from
        users 
    where
        id=?
2026-02-04T01:14:13.355+05:00 DEBUG 12012 --- [bank-cards] [           main] o.s.security.web.FilterChainProxy        : Securing POST /auth/login
2026-02-04T01:14:13.356+05:00 DEBUG 12012 --- [bank-cards] [           main] o.s.s.w.a.AnonymousAuthenticationFilter  : Set SecurityContextHolder to anonymous SecurityContext
2026-02-04T01:14:13.356+05:00 DEBUG 12012 --- [bank-cards] [           main] o.s.security.web.FilterChainProxy        : Secured POST /auth/login
2026-02-04T01:14:13.358+05:00 DEBUG 12012 --- [bank-cards] [           main] org.hibernate.SQL                        : 
    select
        u1_0.id,
        u1_0.password,
        u1_0.phone_number,
        u1_0.role,
        u1_0.username 
    from
        users u1_0 
    where
        u1_0.username=?
Hibernate: 
    select
        u1_0.id,
        u1_0.password,
        u1_0.phone_number,
        u1_0.role,
        u1_0.username 
    from
        users u1_0 
    where
        u1_0.username=?
2026-02-04T01:14:13.417+05:00 DEBUG 12012 --- [bank-cards] [           main] o.s.s.a.dao.DaoAuthenticationProvider    : Failed to find user 'nonexistent'
]]></system-out>
  </testcase>
  <testcase name="testAdminCreateCard_Success" classname="com.example.bankcards.service.BankCardsIntegrationTest" time="0.36">
    <system-out><![CDATA[2026-02-04T01:14:13.428+05:00 DEBUG 12012 --- [bank-cards] [           main] org.hibernate.SQL                        : 
    select
        t1_0.id,
        t1_0.amount,
        t1_0.created_at,
        t1_0.from_card_id,
        t1_0.to_card_id 
    from
        transactions t1_0
Hibernate: 
    select
        t1_0.id,
        t1_0.amount,
        t1_0.created_at,
        t1_0.from_card_id,
        t1_0.to_card_id 
    from
        transactions t1_0
2026-02-04T01:14:13.430+05:00 DEBUG 12012 --- [bank-cards] [           main] org.hibernate.SQL                        : 
    select
        c1_0.id,
        c1_0.balance,
        c1_0.card_number_encrypted,
        c1_0.expiry_date,
        c1_0.last_four,
        c1_0.owner_id,
        c1_0.status 
    from
        cards c1_0
Hibernate: 
    select
        c1_0.id,
        c1_0.balance,
        c1_0.card_number_encrypted,
        c1_0.expiry_date,
        c1_0.last_four,
        c1_0.owner_id,
        c1_0.status 
    from
        cards c1_0
2026-02-04T01:14:13.432+05:00 DEBUG 12012 --- [bank-cards] [           main] org.hibernate.SQL                        : 
    select
        u1_0.id,
        u1_0.password,
        u1_0.phone_number,
        u1_0.role,
        u1_0.username 
    from
        users u1_0
Hibernate: 
    select
        u1_0.id,
        u1_0.password,
        u1_0.phone_number,
        u1_0.role,
        u1_0.username 
    from
        users u1_0
2026-02-04T01:14:13.433+05:00 DEBUG 12012 --- [bank-cards] [           main] o.s.security.web.FilterChainProxy        : Securing POST /auth/register/admin
2026-02-04T01:14:13.433+05:00 DEBUG 12012 --- [bank-cards] [           main] o.s.s.w.a.AnonymousAuthenticationFilter  : Set SecurityContextHolder to anonymous SecurityContext
2026-02-04T01:14:13.434+05:00 DEBUG 12012 --- [bank-cards] [           main] o.s.security.web.FilterChainProxy        : Secured POST /auth/register/admin
2026-02-04T01:14:13.438+05:00 DEBUG 12012 --- [bank-cards] [           main] org.hibernate.SQL                        : 
    select
        u1_0.id 
    from
        users u1_0 
    where
        u1_0.username=? 
    fetch
        first ? rows only
Hibernate: 
    select
        u1_0.id 
    from
        users u1_0 
    where
        u1_0.username=? 
    fetch
        first ? rows only
2026-02-04T01:14:13.439+05:00 DEBUG 12012 --- [bank-cards] [           main] org.hibernate.SQL                        : 
    select
        u1_0.id 
    from
        users u1_0 
    where
        u1_0.phone_number=? 
    fetch
        first ? rows only
Hibernate: 
    select
        u1_0.id 
    from
        users u1_0 
    where
        u1_0.phone_number=? 
    fetch
        first ? rows only
2026-02-04T01:14:13.498+05:00 DEBUG 12012 --- [bank-cards] [           main] org.hibernate.SQL                        : 
    insert 
    into
        users
        (password, phone_number, role, username, id) 
    values
        (?, ?, ?, ?, default)
Hibernate: 
    insert 
    into
        users
        (password, phone_number, role, username, id) 
    values
        (?, ?, ?, ?, default)
2026-02-04T01:14:13.501+05:00 DEBUG 12012 --- [bank-cards] [           main] o.s.security.web.FilterChainProxy        : Securing POST /auth/login
2026-02-04T01:14:13.503+05:00 DEBUG 12012 --- [bank-cards] [           main] o.s.s.w.a.AnonymousAuthenticationFilter  : Set SecurityContextHolder to anonymous SecurityContext
2026-02-04T01:14:13.503+05:00 DEBUG 12012 --- [bank-cards] [           main] o.s.security.web.FilterChainProxy        : Secured POST /auth/login
2026-02-04T01:14:13.505+05:00 DEBUG 12012 --- [bank-cards] [           main] org.hibernate.SQL                        : 
    select
        u1_0.id,
        u1_0.password,
        u1_0.phone_number,
        u1_0.role,
        u1_0.username 
    from
        users u1_0 
    where
        u1_0.username=?
Hibernate: 
    select
        u1_0.id,
        u1_0.password,
        u1_0.phone_number,
        u1_0.role,
        u1_0.username 
    from
        users u1_0 
    where
        u1_0.username=?
2026-02-04T01:14:13.561+05:00 DEBUG 12012 --- [bank-cards] [           main] o.s.s.a.dao.DaoAuthenticationProvider    : Authenticated user
2026-02-04T01:14:13.563+05:00 DEBUG 12012 --- [bank-cards] [           main] org.hibernate.SQL                        : 
    select
        u1_0.id,
        u1_0.password,
        u1_0.phone_number,
        u1_0.role,
        u1_0.username 
    from
        users u1_0 
    where
        u1_0.username=?
Hibernate: 
    select
        u1_0.id,
        u1_0.password,
        u1_0.phone_number,
        u1_0.role,
        u1_0.username 
    from
        users u1_0 
    where
        u1_0.username=?
2026-02-04T01:14:13.565+05:00 DEBUG 12012 --- [bank-cards] [           main] o.s.security.web.FilterChainProxy        : Securing POST /auth/register
2026-02-04T01:14:13.565+05:00 DEBUG 12012 --- [bank-cards] [           main] o.s.s.w.a.AnonymousAuthenticationFilter  : Set SecurityContextHolder to anonymous SecurityContext
2026-02-04T01:14:13.565+05:00 DEBUG 12012 --- [bank-cards] [           main] o.s.security.web.FilterChainProxy        : Secured POST /auth/register
2026-02-04T01:14:13.567+05:00 DEBUG 12012 --- [bank-cards] [           main] org.hibernate.SQL                        : 
    select
        u1_0.id 
    from
        users u1_0 
    where
        u1_0.username=? 
    fetch
        first ? rows only
Hibernate: 
    select
        u1_0.id 
    from
        users u1_0 
    where
        u1_0.username=? 
    fetch
        first ? rows only
2026-02-04T01:14:13.568+05:00 DEBUG 12012 --- [bank-cards] [           main] org.hibernate.SQL                        : 
    select
        u1_0.id 
    from
        users u1_0 
    where
        u1_0.phone_number=? 
    fetch
        first ? rows only
Hibernate: 
    select
        u1_0.id 
    from
        users u1_0 
    where
        u1_0.phone_number=? 
    fetch
        first ? rows only
2026-02-04T01:14:13.627+05:00 DEBUG 12012 --- [bank-cards] [           main] org.hibernate.SQL                        : 
    insert 
    into
        users
        (password, phone_number, role, username, id) 
    values
        (?, ?, ?, ?, default)
Hibernate: 
    insert 
    into
        users
        (password, phone_number, role, username, id) 
    values
        (?, ?, ?, ?, default)
2026-02-04T01:14:13.636+05:00 DEBUG 12012 --- [bank-cards] [           main] o.s.security.web.FilterChainProxy        : Securing POST /auth/login
2026-02-04T01:14:13.637+05:00 DEBUG 12012 --- [bank-cards] [           main] o.s.s.w.a.AnonymousAuthenticationFilter  : Set SecurityContextHolder to anonymous SecurityContext
2026-02-04T01:14:13.637+05:00 DEBUG 12012 --- [bank-cards] [           main] o.s.security.web.FilterChainProxy        : Secured POST /auth/login
2026-02-04T01:14:13.639+05:00 DEBUG 12012 --- [bank-cards] [           main] org.hibernate.SQL                        : 
    select
        u1_0.id,
        u1_0.password,
        u1_0.phone_number,
        u1_0.role,
        u1_0.username 
    from
        users u1_0 
    where
        u1_0.username=?
Hibernate: 
    select
        u1_0.id,
        u1_0.password,
        u1_0.phone_number,
        u1_0.role,
        u1_0.username 
    from
        users u1_0 
    where
        u1_0.username=?
2026-02-04T01:14:13.697+05:00 DEBUG 12012 --- [bank-cards] [           main] o.s.s.a.dao.DaoAuthenticationProvider    : Authenticated user
2026-02-04T01:14:13.699+05:00 DEBUG 12012 --- [bank-cards] [           main] org.hibernate.SQL                        : 
    select
        u1_0.id,
        u1_0.password,
        u1_0.phone_number,
        u1_0.role,
        u1_0.username 
    from
        users u1_0 
    where
        u1_0.username=?
Hibernate: 
    select
        u1_0.id,
        u1_0.password,
        u1_0.phone_number,
        u1_0.role,
        u1_0.username 
    from
        users u1_0 
    where
        u1_0.username=?
2026-02-04T01:14:13.702+05:00 DEBUG 12012 --- [bank-cards] [           main] org.hibernate.SQL                        : 
    select
        u1_0.id,
        u1_0.password,
        u1_0.phone_number,
        u1_0.role,
        u1_0.username 
    from
        users u1_0 
    where
        u1_0.username=?
Hibernate: 
    select
        u1_0.id,
        u1_0.password,
        u1_0.phone_number,
        u1_0.role,
        u1_0.username 
    from
        users u1_0 
    where
        u1_0.username=?
2026-02-04T01:14:13.705+05:00 DEBUG 12012 --- [bank-cards] [           main] o.s.security.web.FilterChainProxy        : Securing POST /api/v1/cards/admin/create
2026-02-04T01:14:13.718+05:00 DEBUG 12012 --- [bank-cards] [           main] org.hibernate.SQL                        : 
    select
        u1_0.id,
        u1_0.password,
        u1_0.phone_number,
        u1_0.role,
        u1_0.username 
    from
        users u1_0 
    where
        u1_0.username=?
Hibernate: 
    select
        u1_0.id,
        u1_0.password,
        u1_0.phone_number,
        u1_0.role,
        u1_0.username 
    from
        users u1_0 
    where
        u1_0.username=?
2026-02-04T01:14:13.720+05:00 DEBUG 12012 --- [bank-cards] [           main] o.s.security.web.FilterChainProxy        : Secured POST /api/v1/cards/admin/create
2026-02-04T01:14:13.725+05:00 DEBUG 12012 --- [bank-cards] [           main] horizationManagerBeforeMethodInterceptor : Authorizing method invocation ReflectiveMethodInvocation: public org.springframework.http.ResponseEntity com.example.bankcards.controller.CardController.createCard(java.lang.Long); target is of class [com.example.bankcards.controller.CardController]
2026-02-04T01:14:13.734+05:00 DEBUG 12012 --- [bank-cards] [           main] horizationManagerBeforeMethodInterceptor : Authorized method invocation ReflectiveMethodInvocation: public org.springframework.http.ResponseEntity com.example.bankcards.controller.CardController.createCard(java.lang.Long); target is of class [com.example.bankcards.controller.CardController]
2026-02-04T01:14:13.747+05:00 DEBUG 12012 --- [bank-cards] [           main] org.hibernate.SQL                        : 
    select
        u1_0.id,
        u1_0.password,
        u1_0.phone_number,
        u1_0.role,
        u1_0.username 
    from
        users u1_0 
    where
        u1_0.id=?
Hibernate: 
    select
        u1_0.id,
        u1_0.password,
        u1_0.phone_number,
        u1_0.role,
        u1_0.username 
    from
        users u1_0 
    where
        u1_0.id=?
2026-02-04T01:14:13.755+05:00 DEBUG 12012 --- [bank-cards] [           main] org.hibernate.SQL                        : 
    select
        c1_0.id 
    from
        cards c1_0 
    where
        c1_0.card_number_encrypted=? 
    fetch
        first ? rows only
Hibernate: 
    select
        c1_0.id 
    from
        cards c1_0 
    where
        c1_0.card_number_encrypted=? 
    fetch
        first ? rows only
2026-02-04T01:14:13.763+05:00 DEBUG 12012 --- [bank-cards] [           main] org.hibernate.SQL                        : 
    insert 
    into
        cards
        (balance, card_number_encrypted, expiry_date, last_four, owner_id, status, id) 
    values
        (?, ?, ?, ?, ?, ?, default)
Hibernate: 
    insert 
    into
        cards
        (balance, card_number_encrypted, expiry_date, last_four, owner_id, status, id) 
    values
        (?, ?, ?, ?, ?, ?, default)
]]></system-out>
  </testcase>
  <testcase name="testAdminCreateSecondCard_Success" classname="com.example.bankcards.service.BankCardsIntegrationTest" time="0.302">
    <system-out><![CDATA[2026-02-04T01:14:13.789+05:00 DEBUG 12012 --- [bank-cards] [           main] org.hibernate.SQL                        : 
    select
        t1_0.id,
        t1_0.amount,
        t1_0.created_at,
        t1_0.from_card_id,
        t1_0.to_card_id 
    from
        transactions t1_0
Hibernate: 
    select
        t1_0.id,
        t1_0.amount,
        t1_0.created_at,
        t1_0.from_card_id,
        t1_0.to_card_id 
    from
        transactions t1_0
2026-02-04T01:14:13.790+05:00 DEBUG 12012 --- [bank-cards] [           main] org.hibernate.SQL                        : 
    select
        c1_0.id,
        c1_0.balance,
        c1_0.card_number_encrypted,
        c1_0.expiry_date,
        c1_0.last_four,
        c1_0.owner_id,
        c1_0.status 
    from
        cards c1_0
Hibernate: 
    select
        c1_0.id,
        c1_0.balance,
        c1_0.card_number_encrypted,
        c1_0.expiry_date,
        c1_0.last_four,
        c1_0.owner_id,
        c1_0.status 
    from
        cards c1_0
2026-02-04T01:14:13.796+05:00 DEBUG 12012 --- [bank-cards] [           main] org.hibernate.SQL                        : 
    delete 
    from
        cards 
    where
        id=?
Hibernate: 
    delete 
    from
        cards 
    where
        id=?
2026-02-04T01:14:13.797+05:00 DEBUG 12012 --- [bank-cards] [           main] org.hibernate.SQL                        : 
    select
        u1_0.id,
        u1_0.password,
        u1_0.phone_number,
        u1_0.role,
        u1_0.username 
    from
        users u1_0
Hibernate: 
    select
        u1_0.id,
        u1_0.password,
        u1_0.phone_number,
        u1_0.role,
        u1_0.username 
    from
        users u1_0
2026-02-04T01:14:13.798+05:00 DEBUG 12012 --- [bank-cards] [           main] org.hibernate.SQL                        : 
    delete 
    from
        users 
    where
        id=?
Hibernate: 
    delete 
    from
        users 
    where
        id=?
2026-02-04T01:14:13.798+05:00 DEBUG 12012 --- [bank-cards] [           main] org.hibernate.SQL                        : 
    delete 
    from
        users 
    where
        id=?
Hibernate: 
    delete 
    from
        users 
    where
        id=?
2026-02-04T01:14:13.799+05:00 DEBUG 12012 --- [bank-cards] [           main] o.s.security.web.FilterChainProxy        : Securing POST /auth/register/admin
2026-02-04T01:14:13.799+05:00 DEBUG 12012 --- [bank-cards] [           main] o.s.s.w.a.AnonymousAuthenticationFilter  : Set SecurityContextHolder to anonymous SecurityContext
2026-02-04T01:14:13.799+05:00 DEBUG 12012 --- [bank-cards] [           main] o.s.security.web.FilterChainProxy        : Secured POST /auth/register/admin
2026-02-04T01:14:13.802+05:00 DEBUG 12012 --- [bank-cards] [           main] org.hibernate.SQL                        : 
    select
        u1_0.id 
    from
        users u1_0 
    where
        u1_0.username=? 
    fetch
        first ? rows only
Hibernate: 
    select
        u1_0.id 
    from
        users u1_0 
    where
        u1_0.username=? 
    fetch
        first ? rows only
2026-02-04T01:14:13.803+05:00 DEBUG 12012 --- [bank-cards] [           main] org.hibernate.SQL                        : 
    select
        u1_0.id 
    from
        users u1_0 
    where
        u1_0.phone_number=? 
    fetch
        first ? rows only
Hibernate: 
    select
        u1_0.id 
    from
        users u1_0 
    where
        u1_0.phone_number=? 
    fetch
        first ? rows only
2026-02-04T01:14:13.863+05:00 DEBUG 12012 --- [bank-cards] [           main] org.hibernate.SQL                        : 
    insert 
    into
        users
        (password, phone_number, role, username, id) 
    values
        (?, ?, ?, ?, default)
Hibernate: 
    insert 
    into
        users
        (password, phone_number, role, username, id) 
    values
        (?, ?, ?, ?, default)
2026-02-04T01:14:13.866+05:00 DEBUG 12012 --- [bank-cards] [           main] o.s.security.web.FilterChainProxy        : Securing POST /auth/login
2026-02-04T01:14:13.866+05:00 DEBUG 12012 --- [bank-cards] [           main] o.s.s.w.a.AnonymousAuthenticationFilter  : Set SecurityContextHolder to anonymous SecurityContext
2026-02-04T01:14:13.867+05:00 DEBUG 12012 --- [bank-cards] [           main] o.s.security.web.FilterChainProxy        : Secured POST /auth/login
2026-02-04T01:14:13.870+05:00 DEBUG 12012 --- [bank-cards] [           main] org.hibernate.SQL                        : 
    select
        u1_0.id,
        u1_0.password,
        u1_0.phone_number,
        u1_0.role,
        u1_0.username 
    from
        users u1_0 
    where
        u1_0.username=?
Hibernate: 
    select
        u1_0.id,
        u1_0.password,
        u1_0.phone_number,
        u1_0.role,
        u1_0.username 
    from
        users u1_0 
    where
        u1_0.username=?
2026-02-04T01:14:13.928+05:00 DEBUG 12012 --- [bank-cards] [           main] o.s.s.a.dao.DaoAuthenticationProvider    : Authenticated user
2026-02-04T01:14:13.931+05:00 DEBUG 12012 --- [bank-cards] [           main] org.hibernate.SQL                        : 
    select
        u1_0.id,
        u1_0.password,
        u1_0.phone_number,
        u1_0.role,
        u1_0.username 
    from
        users u1_0 
    where
        u1_0.username=?
Hibernate: 
    select
        u1_0.id,
        u1_0.password,
        u1_0.phone_number,
        u1_0.role,
        u1_0.username 
    from
        users u1_0 
    where
        u1_0.username=?
2026-02-04T01:14:13.933+05:00 DEBUG 12012 --- [bank-cards] [           main] o.s.security.web.FilterChainProxy        : Securing POST /auth/register
2026-02-04T01:14:13.933+05:00 DEBUG 12012 --- [bank-cards] [           main] o.s.s.w.a.AnonymousAuthenticationFilter  : Set SecurityContextHolder to anonymous SecurityContext
2026-02-04T01:14:13.934+05:00 DEBUG 12012 --- [bank-cards] [           main] o.s.security.web.FilterChainProxy        : Secured POST /auth/register
2026-02-04T01:14:13.936+05:00 DEBUG 12012 --- [bank-cards] [           main] org.hibernate.SQL                        : 
    select
        u1_0.id 
    from
        users u1_0 
    where
        u1_0.username=? 
    fetch
        first ? rows only
Hibernate: 
    select
        u1_0.id 
    from
        users u1_0 
    where
        u1_0.username=? 
    fetch
        first ? rows only
2026-02-04T01:14:13.938+05:00 DEBUG 12012 --- [bank-cards] [           main] org.hibernate.SQL                        : 
    select
        u1_0.id 
    from
        users u1_0 
    where
        u1_0.phone_number=? 
    fetch
        first ? rows only
Hibernate: 
    select
        u1_0.id 
    from
        users u1_0 
    where
        u1_0.phone_number=? 
    fetch
        first ? rows only
2026-02-04T01:14:13.997+05:00 DEBUG 12012 --- [bank-cards] [           main] org.hibernate.SQL                        : 
    insert 
    into
        users
        (password, phone_number, role, username, id) 
    values
        (?, ?, ?, ?, default)
Hibernate: 
    insert 
    into
        users
        (password, phone_number, role, username, id) 
    values
        (?, ?, ?, ?, default)
2026-02-04T01:14:14.000+05:00 DEBUG 12012 --- [bank-cards] [           main] o.s.security.web.FilterChainProxy        : Securing POST /auth/login
2026-02-04T01:14:14.000+05:00 DEBUG 12012 --- [bank-cards] [           main] o.s.s.w.a.AnonymousAuthenticationFilter  : Set SecurityContextHolder to anonymous SecurityContext
2026-02-04T01:14:14.001+05:00 DEBUG 12012 --- [bank-cards] [           main] o.s.security.web.FilterChainProxy        : Secured POST /auth/login
2026-02-04T01:14:14.002+05:00 DEBUG 12012 --- [bank-cards] [           main] org.hibernate.SQL                        : 
    select
        u1_0.id,
        u1_0.password,
        u1_0.phone_number,
        u1_0.role,
        u1_0.username 
    from
        users u1_0 
    where
        u1_0.username=?
Hibernate: 
    select
        u1_0.id,
        u1_0.password,
        u1_0.phone_number,
        u1_0.role,
        u1_0.username 
    from
        users u1_0 
    where
        u1_0.username=?
2026-02-04T01:14:14.060+05:00 DEBUG 12012 --- [bank-cards] [           main] o.s.s.a.dao.DaoAuthenticationProvider    : Authenticated user
2026-02-04T01:14:14.062+05:00 DEBUG 12012 --- [bank-cards] [           main] org.hibernate.SQL                        : 
    select
        u1_0.id,
        u1_0.password,
        u1_0.phone_number,
        u1_0.role,
        u1_0.username 
    from
        users u1_0 
    where
        u1_0.username=?
Hibernate: 
    select
        u1_0.id,
        u1_0.password,
        u1_0.phone_number,
        u1_0.role,
        u1_0.username 
    from
        users u1_0 
    where
        u1_0.username=?
2026-02-04T01:14:14.069+05:00 DEBUG 12012 --- [bank-cards] [           main] org.hibernate.SQL                        : 
    select
        u1_0.id,
        u1_0.password,
        u1_0.phone_number,
        u1_0.role,
        u1_0.username 
    from
        users u1_0 
    where
        u1_0.username=?
Hibernate: 
    select
        u1_0.id,
        u1_0.password,
        u1_0.phone_number,
        u1_0.role,
        u1_0.username 
    from
        users u1_0 
    where
        u1_0.username=?
2026-02-04T01:14:14.071+05:00 DEBUG 12012 --- [bank-cards] [           main] o.s.security.web.FilterChainProxy        : Securing POST /api/v1/cards/admin/create
2026-02-04T01:14:14.074+05:00 DEBUG 12012 --- [bank-cards] [           main] org.hibernate.SQL                        : 
    select
        u1_0.id,
        u1_0.password,
        u1_0.phone_number,
        u1_0.role,
        u1_0.username 
    from
        users u1_0 
    where
        u1_0.username=?
Hibernate: 
    select
        u1_0.id,
        u1_0.password,
        u1_0.phone_number,
        u1_0.role,
        u1_0.username 
    from
        users u1_0 
    where
        u1_0.username=?
2026-02-04T01:14:14.078+05:00 DEBUG 12012 --- [bank-cards] [           main] o.s.security.web.FilterChainProxy        : Secured POST /api/v1/cards/admin/create
2026-02-04T01:14:14.079+05:00 DEBUG 12012 --- [bank-cards] [           main] horizationManagerBeforeMethodInterceptor : Authorizing method invocation ReflectiveMethodInvocation: public org.springframework.http.ResponseEntity com.example.bankcards.controller.CardController.createCard(java.lang.Long); target is of class [com.example.bankcards.controller.CardController]
2026-02-04T01:14:14.079+05:00 DEBUG 12012 --- [bank-cards] [           main] horizationManagerBeforeMethodInterceptor : Authorized method invocation ReflectiveMethodInvocation: public org.springframework.http.ResponseEntity com.example.bankcards.controller.CardController.createCard(java.lang.Long); target is of class [com.example.bankcards.controller.CardController]
2026-02-04T01:14:14.080+05:00 DEBUG 12012 --- [bank-cards] [           main] org.hibernate.SQL                        : 
    select
        u1_0.id,
        u1_0.password,
        u1_0.phone_number,
        u1_0.role,
        u1_0.username 
    from
        users u1_0 
    where
        u1_0.id=?
Hibernate: 
    select
        u1_0.id,
        u1_0.password,
        u1_0.phone_number,
        u1_0.role,
        u1_0.username 
    from
        users u1_0 
    where
        u1_0.id=?
2026-02-04T01:14:14.082+05:00 DEBUG 12012 --- [bank-cards] [           main] org.hibernate.SQL                        : 
    select
        c1_0.id 
    from
        cards c1_0 
    where
        c1_0.card_number_encrypted=? 
    fetch
        first ? rows only
Hibernate: 
    select
        c1_0.id 
    from
        cards c1_0 
    where
        c1_0.card_number_encrypted=? 
    fetch
        first ? rows only
2026-02-04T01:14:14.083+05:00 DEBUG 12012 --- [bank-cards] [           main] org.hibernate.SQL                        : 
    insert 
    into
        cards
        (balance, card_number_encrypted, expiry_date, last_four, owner_id, status, id) 
    values
        (?, ?, ?, ?, ?, ?, default)
Hibernate: 
    insert 
    into
        cards
        (balance, card_number_encrypted, expiry_date, last_four, owner_id, status, id) 
    values
        (?, ?, ?, ?, ?, ?, default)
]]></system-out>
  </testcase>
  <testcase name="testUserCannotCreateCard" classname="com.example.bankcards.service.BankCardsIntegrationTest" time="0.321">
    <system-out><![CDATA[2026-02-04T01:14:14.093+05:00 DEBUG 12012 --- [bank-cards] [           main] org.hibernate.SQL                        : 
    select
        t1_0.id,
        t1_0.amount,
        t1_0.created_at,
        t1_0.from_card_id,
        t1_0.to_card_id 
    from
        transactions t1_0
Hibernate: 
    select
        t1_0.id,
        t1_0.amount,
        t1_0.created_at,
        t1_0.from_card_id,
        t1_0.to_card_id 
    from
        transactions t1_0
2026-02-04T01:14:14.096+05:00 DEBUG 12012 --- [bank-cards] [           main] org.hibernate.SQL                        : 
    select
        c1_0.id,
        c1_0.balance,
        c1_0.card_number_encrypted,
        c1_0.expiry_date,
        c1_0.last_four,
        c1_0.owner_id,
        c1_0.status 
    from
        cards c1_0
Hibernate: 
    select
        c1_0.id,
        c1_0.balance,
        c1_0.card_number_encrypted,
        c1_0.expiry_date,
        c1_0.last_four,
        c1_0.owner_id,
        c1_0.status 
    from
        cards c1_0
2026-02-04T01:14:14.098+05:00 DEBUG 12012 --- [bank-cards] [           main] org.hibernate.SQL                        : 
    delete 
    from
        cards 
    where
        id=?
Hibernate: 
    delete 
    from
        cards 
    where
        id=?
2026-02-04T01:14:14.099+05:00 DEBUG 12012 --- [bank-cards] [           main] org.hibernate.SQL                        : 
    select
        u1_0.id,
        u1_0.password,
        u1_0.phone_number,
        u1_0.role,
        u1_0.username 
    from
        users u1_0
Hibernate: 
    select
        u1_0.id,
        u1_0.password,
        u1_0.phone_number,
        u1_0.role,
        u1_0.username 
    from
        users u1_0
2026-02-04T01:14:14.100+05:00 DEBUG 12012 --- [bank-cards] [           main] org.hibernate.SQL                        : 
    delete 
    from
        users 
    where
        id=?
Hibernate: 
    delete 
    from
        users 
    where
        id=?
2026-02-04T01:14:14.101+05:00 DEBUG 12012 --- [bank-cards] [           main] org.hibernate.SQL                        : 
    delete 
    from
        users 
    where
        id=?
Hibernate: 
    delete 
    from
        users 
    where
        id=?
2026-02-04T01:14:14.102+05:00 DEBUG 12012 --- [bank-cards] [           main] o.s.security.web.FilterChainProxy        : Securing POST /auth/register/admin
2026-02-04T01:14:14.103+05:00 DEBUG 12012 --- [bank-cards] [           main] o.s.s.w.a.AnonymousAuthenticationFilter  : Set SecurityContextHolder to anonymous SecurityContext
2026-02-04T01:14:14.103+05:00 DEBUG 12012 --- [bank-cards] [           main] o.s.security.web.FilterChainProxy        : Secured POST /auth/register/admin
2026-02-04T01:14:14.106+05:00 DEBUG 12012 --- [bank-cards] [           main] org.hibernate.SQL                        : 
    select
        u1_0.id 
    from
        users u1_0 
    where
        u1_0.username=? 
    fetch
        first ? rows only
Hibernate: 
    select
        u1_0.id 
    from
        users u1_0 
    where
        u1_0.username=? 
    fetch
        first ? rows only
2026-02-04T01:14:14.107+05:00 DEBUG 12012 --- [bank-cards] [           main] org.hibernate.SQL                        : 
    select
        u1_0.id 
    from
        users u1_0 
    where
        u1_0.phone_number=? 
    fetch
        first ? rows only
Hibernate: 
    select
        u1_0.id 
    from
        users u1_0 
    where
        u1_0.phone_number=? 
    fetch
        first ? rows only
2026-02-04T01:14:14.169+05:00 DEBUG 12012 --- [bank-cards] [           main] org.hibernate.SQL                        : 
    insert 
    into
        users
        (password, phone_number, role, username, id) 
    values
        (?, ?, ?, ?, default)
Hibernate: 
    insert 
    into
        users
        (password, phone_number, role, username, id) 
    values
        (?, ?, ?, ?, default)
2026-02-04T01:14:14.176+05:00 DEBUG 12012 --- [bank-cards] [           main] o.s.security.web.FilterChainProxy        : Securing POST /auth/login
2026-02-04T01:14:14.177+05:00 DEBUG 12012 --- [bank-cards] [           main] o.s.s.w.a.AnonymousAuthenticationFilter  : Set SecurityContextHolder to anonymous SecurityContext
2026-02-04T01:14:14.177+05:00 DEBUG 12012 --- [bank-cards] [           main] o.s.security.web.FilterChainProxy        : Secured POST /auth/login
2026-02-04T01:14:14.180+05:00 DEBUG 12012 --- [bank-cards] [           main] org.hibernate.SQL                        : 
    select
        u1_0.id,
        u1_0.password,
        u1_0.phone_number,
        u1_0.role,
        u1_0.username 
    from
        users u1_0 
    where
        u1_0.username=?
Hibernate: 
    select
        u1_0.id,
        u1_0.password,
        u1_0.phone_number,
        u1_0.role,
        u1_0.username 
    from
        users u1_0 
    where
        u1_0.username=?
2026-02-04T01:14:14.253+05:00 DEBUG 12012 --- [bank-cards] [           main] o.s.s.a.dao.DaoAuthenticationProvider    : Authenticated user
2026-02-04T01:14:14.256+05:00 DEBUG 12012 --- [bank-cards] [           main] org.hibernate.SQL                        : 
    select
        u1_0.id,
        u1_0.password,
        u1_0.phone_number,
        u1_0.role,
        u1_0.username 
    from
        users u1_0 
    where
        u1_0.username=?
Hibernate: 
    select
        u1_0.id,
        u1_0.password,
        u1_0.phone_number,
        u1_0.role,
        u1_0.username 
    from
        users u1_0 
    where
        u1_0.username=?
2026-02-04T01:14:14.259+05:00 DEBUG 12012 --- [bank-cards] [           main] o.s.security.web.FilterChainProxy        : Securing POST /auth/register
2026-02-04T01:14:14.259+05:00 DEBUG 12012 --- [bank-cards] [           main] o.s.s.w.a.AnonymousAuthenticationFilter  : Set SecurityContextHolder to anonymous SecurityContext
2026-02-04T01:14:14.260+05:00 DEBUG 12012 --- [bank-cards] [           main] o.s.security.web.FilterChainProxy        : Secured POST /auth/register
2026-02-04T01:14:14.262+05:00 DEBUG 12012 --- [bank-cards] [           main] org.hibernate.SQL                        : 
    select
        u1_0.id 
    from
        users u1_0 
    where
        u1_0.username=? 
    fetch
        first ? rows only
Hibernate: 
    select
        u1_0.id 
    from
        users u1_0 
    where
        u1_0.username=? 
    fetch
        first ? rows only
2026-02-04T01:14:14.263+05:00 DEBUG 12012 --- [bank-cards] [           main] org.hibernate.SQL                        : 
    select
        u1_0.id 
    from
        users u1_0 
    where
        u1_0.phone_number=? 
    fetch
        first ? rows only
Hibernate: 
    select
        u1_0.id 
    from
        users u1_0 
    where
        u1_0.phone_number=? 
    fetch
        first ? rows only
2026-02-04T01:14:14.337+05:00 DEBUG 12012 --- [bank-cards] [           main] org.hibernate.SQL                        : 
    insert 
    into
        users
        (password, phone_number, role, username, id) 
    values
        (?, ?, ?, ?, default)
Hibernate: 
    insert 
    into
        users
        (password, phone_number, role, username, id) 
    values
        (?, ?, ?, ?, default)
2026-02-04T01:14:14.340+05:00 DEBUG 12012 --- [bank-cards] [           main] o.s.security.web.FilterChainProxy        : Securing POST /auth/login
2026-02-04T01:14:14.340+05:00 DEBUG 12012 --- [bank-cards] [           main] o.s.s.w.a.AnonymousAuthenticationFilter  : Set SecurityContextHolder to anonymous SecurityContext
2026-02-04T01:14:14.341+05:00 DEBUG 12012 --- [bank-cards] [           main] o.s.security.web.FilterChainProxy        : Secured POST /auth/login
2026-02-04T01:14:14.343+05:00 DEBUG 12012 --- [bank-cards] [           main] org.hibernate.SQL                        : 
    select
        u1_0.id,
        u1_0.password,
        u1_0.phone_number,
        u1_0.role,
        u1_0.username 
    from
        users u1_0 
    where
        u1_0.username=?
Hibernate: 
    select
        u1_0.id,
        u1_0.password,
        u1_0.phone_number,
        u1_0.role,
        u1_0.username 
    from
        users u1_0 
    where
        u1_0.username=?
2026-02-04T01:14:14.399+05:00 DEBUG 12012 --- [bank-cards] [           main] o.s.s.a.dao.DaoAuthenticationProvider    : Authenticated user
2026-02-04T01:14:14.400+05:00 DEBUG 12012 --- [bank-cards] [           main] org.hibernate.SQL                        : 
    select
        u1_0.id,
        u1_0.password,
        u1_0.phone_number,
        u1_0.role,
        u1_0.username 
    from
        users u1_0 
    where
        u1_0.username=?
Hibernate: 
    select
        u1_0.id,
        u1_0.password,
        u1_0.phone_number,
        u1_0.role,
        u1_0.username 
    from
        users u1_0 
    where
        u1_0.username=?
2026-02-04T01:14:14.405+05:00 DEBUG 12012 --- [bank-cards] [           main] org.hibernate.SQL                        : 
    select
        u1_0.id,
        u1_0.password,
        u1_0.phone_number,
        u1_0.role,
        u1_0.username 
    from
        users u1_0 
    where
        u1_0.username=?
Hibernate: 
    select
        u1_0.id,
        u1_0.password,
        u1_0.phone_number,
        u1_0.role,
        u1_0.username 
    from
        users u1_0 
    where
        u1_0.username=?
2026-02-04T01:14:14.406+05:00 DEBUG 12012 --- [bank-cards] [           main] o.s.security.web.FilterChainProxy        : Securing POST /api/v1/cards/admin/create
2026-02-04T01:14:14.408+05:00 DEBUG 12012 --- [bank-cards] [           main] org.hibernate.SQL                        : 
    select
        u1_0.id,
        u1_0.password,
        u1_0.phone_number,
        u1_0.role,
        u1_0.username 
    from
        users u1_0 
    where
        u1_0.username=?
Hibernate: 
    select
        u1_0.id,
        u1_0.password,
        u1_0.phone_number,
        u1_0.role,
        u1_0.username 
    from
        users u1_0 
    where
        u1_0.username=?
2026-02-04T01:14:14.410+05:00 DEBUG 12012 --- [bank-cards] [           main] o.s.security.web.FilterChainProxy        : Secured POST /api/v1/cards/admin/create
2026-02-04T01:14:14.410+05:00 DEBUG 12012 --- [bank-cards] [           main] horizationManagerBeforeMethodInterceptor : Authorizing method invocation ReflectiveMethodInvocation: public org.springframework.http.ResponseEntity com.example.bankcards.controller.CardController.createCard(java.lang.Long); target is of class [com.example.bankcards.controller.CardController]
2026-02-04T01:14:14.411+05:00 DEBUG 12012 --- [bank-cards] [           main] horizationManagerBeforeMethodInterceptor : Failed to authorize ReflectiveMethodInvocation: public org.springframework.http.ResponseEntity com.example.bankcards.controller.CardController.createCard(java.lang.Long); target is of class [com.example.bankcards.controller.CardController] with authorization manager org.springframework.security.config.annotation.method.configuration.DeferringObservationAuthorizationManager@384841e3 and decision ExpressionAuthorizationDecision [granted=false, expressionAttribute=hasRole('ADMIN')]
2026-02-04T01:14:14.411+05:00 DEBUG 12012 --- [bank-cards] [           main] o.s.s.w.access.AccessDeniedHandlerImpl   : Responding with 403 status code
]]></system-out>
  </testcase>
  <testcase name="testAdminTopUpCard_Success" classname="com.example.bankcards.service.BankCardsIntegrationTest" time="0.324">
    <system-out><![CDATA[2026-02-04T01:14:14.415+05:00 DEBUG 12012 --- [bank-cards] [           main] org.hibernate.SQL                        : 
    select
        t1_0.id,
        t1_0.amount,
        t1_0.created_at,
        t1_0.from_card_id,
        t1_0.to_card_id 
    from
        transactions t1_0
Hibernate: 
    select
        t1_0.id,
        t1_0.amount,
        t1_0.created_at,
        t1_0.from_card_id,
        t1_0.to_card_id 
    from
        transactions t1_0
2026-02-04T01:14:14.416+05:00 DEBUG 12012 --- [bank-cards] [           main] org.hibernate.SQL                        : 
    select
        c1_0.id,
        c1_0.balance,
        c1_0.card_number_encrypted,
        c1_0.expiry_date,
        c1_0.last_four,
        c1_0.owner_id,
        c1_0.status 
    from
        cards c1_0
Hibernate: 
    select
        c1_0.id,
        c1_0.balance,
        c1_0.card_number_encrypted,
        c1_0.expiry_date,
        c1_0.last_four,
        c1_0.owner_id,
        c1_0.status 
    from
        cards c1_0
2026-02-04T01:14:14.417+05:00 DEBUG 12012 --- [bank-cards] [           main] org.hibernate.SQL                        : 
    select
        u1_0.id,
        u1_0.password,
        u1_0.phone_number,
        u1_0.role,
        u1_0.username 
    from
        users u1_0
Hibernate: 
    select
        u1_0.id,
        u1_0.password,
        u1_0.phone_number,
        u1_0.role,
        u1_0.username 
    from
        users u1_0
2026-02-04T01:14:14.418+05:00 DEBUG 12012 --- [bank-cards] [           main] org.hibernate.SQL                        : 
    delete 
    from
        users 
    where
        id=?
Hibernate: 
    delete 
    from
        users 
    where
        id=?
2026-02-04T01:14:14.419+05:00 DEBUG 12012 --- [bank-cards] [           main] org.hibernate.SQL                        : 
    delete 
    from
        users 
    where
        id=?
Hibernate: 
    delete 
    from
        users 
    where
        id=?
2026-02-04T01:14:14.420+05:00 DEBUG 12012 --- [bank-cards] [           main] o.s.security.web.FilterChainProxy        : Securing POST /auth/register/admin
2026-02-04T01:14:14.420+05:00 DEBUG 12012 --- [bank-cards] [           main] o.s.s.w.a.AnonymousAuthenticationFilter  : Set SecurityContextHolder to anonymous SecurityContext
2026-02-04T01:14:14.421+05:00 DEBUG 12012 --- [bank-cards] [           main] o.s.security.web.FilterChainProxy        : Secured POST /auth/register/admin
2026-02-04T01:14:14.424+05:00 DEBUG 12012 --- [bank-cards] [           main] org.hibernate.SQL                        : 
    select
        u1_0.id 
    from
        users u1_0 
    where
        u1_0.username=? 
    fetch
        first ? rows only
Hibernate: 
    select
        u1_0.id 
    from
        users u1_0 
    where
        u1_0.username=? 
    fetch
        first ? rows only
2026-02-04T01:14:14.424+05:00 DEBUG 12012 --- [bank-cards] [           main] org.hibernate.SQL                        : 
    select
        u1_0.id 
    from
        users u1_0 
    where
        u1_0.phone_number=? 
    fetch
        first ? rows only
Hibernate: 
    select
[...]
        u1_0.password,
        u1_0.phone_number,
        u1_0.role,
        u1_0.username 
    from
        users u1_0 
    where
        u1_0.username=?
Hibernate: 
    select
        u1_0.id,
        u1_0.password,
        u1_0.phone_number,
        u1_0.role,
        u1_0.username 
    from
        users u1_0 
    where
        u1_0.username=?
2026-02-04T01:14:19.274+05:00 DEBUG 12012 --- [bank-cards] [           main] org.hibernate.SQL                        : 
    select
        t1_0.id,
        t1_0.amount,
        t1_0.created_at,
        t1_0.from_card_id,
        t1_0.to_card_id 
    from
        transactions t1_0 
    join
        cards fc1_0 
            on fc1_0.id=t1_0.from_card_id 
    join
        cards tc1_0 
            on tc1_0.id=t1_0.to_card_id 
    where
        fc1_0.owner_id=? 
        or tc1_0.owner_id=? 
    order by
        t1_0.created_at desc 
    offset
        ? rows 
    fetch
        first ? rows only
Hibernate: 
    select
        t1_0.id,
        t1_0.amount,
        t1_0.created_at,
        t1_0.from_card_id,
        t1_0.to_card_id 
    from
        transactions t1_0 
    join
        cards fc1_0 
            on fc1_0.id=t1_0.from_card_id 
    join
        cards tc1_0 
            on tc1_0.id=t1_0.to_card_id 
    where
        fc1_0.owner_id=? 
        or tc1_0.owner_id=? 
    order by
        t1_0.created_at desc 
    offset
        ? rows 
    fetch
        first ? rows only
2026-02-04T01:14:19.275+05:00 DEBUG 12012 --- [bank-cards] [           main] org.hibernate.SQL                        : 
    select
        c1_0.id,
        c1_0.balance,
        c1_0.card_number_encrypted,
        c1_0.expiry_date,
        c1_0.last_four,
        c1_0.owner_id,
        c1_0.status 
    from
        cards c1_0 
    where
        c1_0.id=?
Hibernate: 
    select
        c1_0.id,
        c1_0.balance,
        c1_0.card_number_encrypted,
        c1_0.expiry_date,
        c1_0.last_four,
        c1_0.owner_id,
        c1_0.status 
    from
        cards c1_0 
    where
        c1_0.id=?
2026-02-04T01:14:19.275+05:00 DEBUG 12012 --- [bank-cards] [           main] org.hibernate.SQL                        : 
    select
        c1_0.id,
        c1_0.balance,
        c1_0.card_number_encrypted,
        c1_0.expiry_date,
        c1_0.last_four,
        c1_0.owner_id,
        c1_0.status 
    from
        cards c1_0 
    where
        c1_0.id=?
Hibernate: 
    select
        c1_0.id,
        c1_0.balance,
        c1_0.card_number_encrypted,
        c1_0.expiry_date,
        c1_0.last_four,
        c1_0.owner_id,
        c1_0.status 
    from
        cards c1_0 
    where
        c1_0.id=?
2026-02-04T01:14:19.277+05:00 DEBUG 12012 --- [bank-cards] [           main] org.hibernate.SQL                        : 
    select
        c1_0.id,
        c1_0.balance,
        c1_0.card_number_encrypted,
        c1_0.expiry_date,
        c1_0.last_four,
        c1_0.owner_id,
        c1_0.status 
    from
        cards c1_0 
    where
        c1_0.id=?
Hibernate: 
    select
        c1_0.id,
        c1_0.balance,
        c1_0.card_number_encrypted,
        c1_0.expiry_date,
        c1_0.last_four,
        c1_0.owner_id,
        c1_0.status 
    from
        cards c1_0 
    where
        c1_0.id=?
2026-02-04T01:14:19.277+05:00 DEBUG 12012 --- [bank-cards] [           main] org.hibernate.SQL                        : 
    select
        c1_0.id,
        c1_0.balance,
        c1_0.card_number_encrypted,
        c1_0.expiry_date,
        c1_0.last_four,
        c1_0.owner_id,
        c1_0.status 
    from
        cards c1_0 
    where
        c1_0.id=?
Hibernate: 
    select
        c1_0.id,
        c1_0.balance,
        c1_0.card_number_encrypted,
        c1_0.expiry_date,
        c1_0.last_four,
        c1_0.owner_id,
        c1_0.status 
    from
        cards c1_0 
    where
        c1_0.id=?
]]></system-out>
  </testcase>
  <testcase name="testAccessWithoutToken_Fails" classname="com.example.bankcards.service.BankCardsIntegrationTest" time="0.031">
    <system-out><![CDATA[2026-02-04T01:14:19.299+05:00 DEBUG 12012 --- [bank-cards] [           main] org.hibernate.SQL                        : 
    select
        t1_0.id,
        t1_0.amount,
        t1_0.created_at,
        t1_0.from_card_id,
        t1_0.to_card_id 
    from
        transactions t1_0
Hibernate: 
    select
        t1_0.id,
        t1_0.amount,
        t1_0.created_at,
        t1_0.from_card_id,
        t1_0.to_card_id 
    from
        transactions t1_0
2026-02-04T01:14:19.302+05:00 DEBUG 12012 --- [bank-cards] [           main] org.hibernate.SQL                        : 
    delete 
    from
        transactions 
    where
        id=?
Hibernate: 
    delete 
    from
        transactions 
    where
        id=?
2026-02-04T01:14:19.302+05:00 DEBUG 12012 --- [bank-cards] [           main] org.hibernate.SQL                        : 
    delete 
    from
        transactions 
    where
        id=?
Hibernate: 
    delete 
    from
        transactions 
    where
        id=?
2026-02-04T01:14:19.302+05:00 DEBUG 12012 --- [bank-cards] [           main] org.hibernate.SQL                        : 
    delete 
    from
        transactions 
    where
        id=?
Hibernate: 
    delete 
    from
        transactions 
    where
        id=?
2026-02-04T01:14:19.303+05:00 DEBUG 12012 --- [bank-cards] [           main] org.hibernate.SQL                        : 
    select
        c1_0.id,
        c1_0.balance,
        c1_0.card_number_encrypted,
        c1_0.expiry_date,
        c1_0.last_four,
        c1_0.owner_id,
        c1_0.status 
    from
        cards c1_0
Hibernate: 
    select
        c1_0.id,
        c1_0.balance,
        c1_0.card_number_encrypted,
        c1_0.expiry_date,
        c1_0.last_four,
        c1_0.owner_id,
        c1_0.status 
    from
        cards c1_0
2026-02-04T01:14:19.308+05:00 DEBUG 12012 --- [bank-cards] [           main] org.hibernate.SQL                        : 
    delete 
    from
        cards 
    where
        id=?
Hibernate: 
    delete 
    from
        cards 
    where
        id=?
2026-02-04T01:14:19.308+05:00 DEBUG 12012 --- [bank-cards] [           main] org.hibernate.SQL                        : 
    delete 
    from
        cards 
    where
        id=?
Hibernate: 
    delete 
    from
        cards 
    where
        id=?
2026-02-04T01:14:19.309+05:00 DEBUG 12012 --- [bank-cards] [           main] org.hibernate.SQL                        : 
    select
        u1_0.id,
        u1_0.password,
        u1_0.phone_number,
        u1_0.role,
        u1_0.username 
    from
        users u1_0
Hibernate: 
    select
        u1_0.id,
        u1_0.password,
        u1_0.phone_number,
        u1_0.role,
        u1_0.username 
    from
        users u1_0
2026-02-04T01:14:19.310+05:00 DEBUG 12012 --- [bank-cards] [           main] org.hibernate.SQL                        : 
    delete 
    from
        users 
    where
        id=?
Hibernate: 
    delete 
    from
        users 
    where
        id=?
2026-02-04T01:14:19.310+05:00 DEBUG 12012 --- [bank-cards] [           main] org.hibernate.SQL                        : 
    delete 
    from
        users 
    where
        id=?
Hibernate: 
    delete 
    from
        users 
    where
        id=?
2026-02-04T01:14:19.311+05:00 DEBUG 12012 --- [bank-cards] [           main] o.s.security.web.FilterChainProxy        : Securing GET /api/v1/cards/my
2026-02-04T01:14:19.311+05:00 DEBUG 12012 --- [bank-cards] [           main] o.s.s.w.a.AnonymousAuthenticationFilter  : Set SecurityContextHolder to anonymous SecurityContext
]]></system-out>
  </testcase>
  <testcase name="testAccessWithInvalidToken_Fails" classname="com.example.bankcards.service.BankCardsIntegrationTest" time="0.009">
    <system-out><![CDATA[2026-02-04T01:14:19.318+05:00 DEBUG 12012 --- [bank-cards] [           main] org.hibernate.SQL                        : 
    select
        t1_0.id,
        t1_0.amount,
        t1_0.created_at,
        t1_0.from_card_id,
        t1_0.to_card_id 
    from
        transactions t1_0
Hibernate: 
    select
        t1_0.id,
        t1_0.amount,
        t1_0.created_at,
        t1_0.from_card_id,
        t1_0.to_card_id 
    from
        transactions t1_0
2026-02-04T01:14:19.319+05:00 DEBUG 12012 --- [bank-cards] [           main] org.hibernate.SQL                        : 
    select
        c1_0.id,
        c1_0.balance,
        c1_0.card_number_encrypted,
        c1_0.expiry_date,
        c1_0.last_four,
        c1_0.owner_id,
        c1_0.status 
    from
        cards c1_0
Hibernate: 
    select
        c1_0.id,
        c1_0.balance,
        c1_0.card_number_encrypted,
        c1_0.expiry_date,
        c1_0.last_four,
        c1_0.owner_id,
        c1_0.status 
    from
        cards c1_0
2026-02-04T01:14:19.321+05:00 DEBUG 12012 --- [bank-cards] [           main] org.hibernate.SQL                        : 
    select
        u1_0.id,
        u1_0.password,
        u1_0.phone_number,
        u1_0.role,
        u1_0.username 
    from
        users u1_0
Hibernate: 
    select
        u1_0.id,
        u1_0.password,
        u1_0.phone_number,
        u1_0.role,
        u1_0.username 
    from
        users u1_0
2026-02-04T01:14:19.322+05:00 DEBUG 12012 --- [bank-cards] [           main] o.s.security.web.FilterChainProxy        : Securing GET /api/v1/cards/my
]]></system-out>
  </testcase>
  <testcase name="testUserAccessAdminEndpoint_Fails" classname="com.example.bankcards.service.BankCardsIntegrationTest" time="0.265">
    <system-out><![CDATA[2026-02-04T01:14:19.330+05:00 DEBUG 12012 --- [bank-cards] [           main] org.hibernate.SQL                        : 
    select
        t1_0.id,
        t1_0.amount,
        t1_0.created_at,
        t1_0.from_card_id,
        t1_0.to_card_id 
    from
        transactions t1_0
Hibernate: 
    select
        t1_0.id,
        t1_0.amount,
        t1_0.created_at,
        t1_0.from_card_id,
        t1_0.to_card_id 
    from
        transactions t1_0
2026-02-04T01:14:19.330+05:00 DEBUG 12012 --- [bank-cards] [           main] org.hibernate.SQL                        : 
    select
        c1_0.id,
        c1_0.balance,
        c1_0.card_number_encrypted,
        c1_0.expiry_date,
        c1_0.last_four,
        c1_0.owner_id,
        c1_0.status 
    from
        cards c1_0
Hibernate: 
    select
        c1_0.id,
        c1_0.balance,
        c1_0.card_number_encrypted,
        c1_0.expiry_date,
        c1_0.last_four,
        c1_0.owner_id,
        c1_0.status 
    from
        cards c1_0
2026-02-04T01:14:19.331+05:00 DEBUG 12012 --- [bank-cards] [           main] org.hibernate.SQL                        : 
    select
        u1_0.id,
        u1_0.password,
        u1_0.phone_number,
        u1_0.role,
        u1_0.username 
    from
        users u1_0
Hibernate: 
    select
        u1_0.id,
        u1_0.password,
        u1_0.phone_number,
        u1_0.role,
        u1_0.username 
    from
        users u1_0
2026-02-04T01:14:19.331+05:00 DEBUG 12012 --- [bank-cards] [           main] o.s.security.web.FilterChainProxy        : Securing POST /auth/register/admin
2026-02-04T01:14:19.331+05:00 DEBUG 12012 --- [bank-cards] [           main] o.s.s.w.a.AnonymousAuthenticationFilter  : Set SecurityContextHolder to anonymous SecurityContext
2026-02-04T01:14:19.332+05:00 DEBUG 12012 --- [bank-cards] [           main] o.s.security.web.FilterChainProxy        : Secured POST /auth/register/admin
2026-02-04T01:14:19.334+05:00 DEBUG 12012 --- [bank-cards] [           main] org.hibernate.SQL                        : 
    select
        u1_0.id 
    from
        users u1_0 
    where
        u1_0.username=? 
    fetch
        first ? rows only
Hibernate: 
    select
        u1_0.id 
    from
        users u1_0 
    where
        u1_0.username=? 
    fetch
        first ? rows only
2026-02-04T01:14:19.335+05:00 DEBUG 12012 --- [bank-cards] [           main] org.hibernate.SQL                        : 
    select
        u1_0.id 
    from
        users u1_0 
    where
        u1_0.phone_number=? 
    fetch
        first ? rows only
Hibernate: 
    select
        u1_0.id 
    from
        users u1_0 
    where
        u1_0.phone_number=? 
    fetch
        first ? rows only
2026-02-04T01:14:19.395+05:00 DEBUG 12012 --- [bank-cards] [           main] org.hibernate.SQL                        : 
    insert 
    into
        users
        (password, phone_number, role, username, id) 
    values
        (?, ?, ?, ?, default)
Hibernate: 
    insert 
    into
        users
        (password, phone_number, role, username, id) 
    values
        (?, ?, ?, ?, default)
2026-02-04T01:14:19.396+05:00 DEBUG 12012 --- [bank-cards] [           main] o.s.security.web.FilterChainProxy        : Securing POST /auth/login
2026-02-04T01:14:19.398+05:00 DEBUG 12012 --- [bank-cards] [           main] o.s.s.w.a.AnonymousAuthenticationFilter  : Set SecurityContextHolder to anonymous SecurityContext
2026-02-04T01:14:19.398+05:00 DEBUG 12012 --- [bank-cards] [           main] o.s.security.web.FilterChainProxy        : Secured POST /auth/login
2026-02-04T01:14:19.399+05:00 DEBUG 12012 --- [bank-cards] [           main] org.hibernate.SQL                        : 
    select
        u1_0.id,
        u1_0.password,
        u1_0.phone_number,
        u1_0.role,
        u1_0.username 
    from
        users u1_0 
    where
        u1_0.username=?
Hibernate: 
    select
        u1_0.id,
        u1_0.password,
        u1_0.phone_number,
        u1_0.role,
        u1_0.username 
    from
        users u1_0 
    where
        u1_0.username=?
2026-02-04T01:14:19.454+05:00 DEBUG 12012 --- [bank-cards] [           main] o.s.s.a.dao.DaoAuthenticationProvider    : Authenticated user
2026-02-04T01:14:19.455+05:00 DEBUG 12012 --- [bank-cards] [           main] org.hibernate.SQL                        : 
    select
        u1_0.id,
        u1_0.password,
        u1_0.phone_number,
        u1_0.role,
        u1_0.username 
    from
        users u1_0 
    where
        u1_0.username=?
Hibernate: 
    select
        u1_0.id,
        u1_0.password,
        u1_0.phone_number,
        u1_0.role,
        u1_0.username 
    from
        users u1_0 
    where
        u1_0.username=?
2026-02-04T01:14:19.458+05:00 DEBUG 12012 --- [bank-cards] [           main] o.s.security.web.FilterChainProxy        : Securing POST /auth/register
2026-02-04T01:14:19.458+05:00 DEBUG 12012 --- [bank-cards] [           main] o.s.s.w.a.AnonymousAuthenticationFilter  : Set SecurityContextHolder to anonymous SecurityContext
2026-02-04T01:14:19.458+05:00 DEBUG 12012 --- [bank-cards] [           main] o.s.security.web.FilterChainProxy        : Secured POST /auth/register
2026-02-04T01:14:19.459+05:00 DEBUG 12012 --- [bank-cards] [           main] org.hibernate.SQL                        : 
    select
        u1_0.id 
    from
        users u1_0 
    where
        u1_0.username=? 
    fetch
        first ? rows only
Hibernate: 
    select
        u1_0.id 
    from
        users u1_0 
    where
        u1_0.username=? 
    fetch
        first ? rows only
2026-02-04T01:14:19.460+05:00 DEBUG 12012 --- [bank-cards] [           main] org.hibernate.SQL                        : 
    select
        u1_0.id 
    from
        users u1_0 
    where
        u1_0.phone_number=? 
    fetch
        first ? rows only
Hibernate: 
    select
        u1_0.id 
    from
        users u1_0 
    where
        u1_0.phone_number=? 
    fetch
        first ? rows only
2026-02-04T01:14:19.521+05:00 DEBUG 12012 --- [bank-cards] [           main] org.hibernate.SQL                        : 
    insert 
    into
        users
        (password, phone_number, role, username, id) 
    values
        (?, ?, ?, ?, default)
Hibernate: 
    insert 
    into
        users
        (password, phone_number, role, username, id) 
    values
        (?, ?, ?, ?, default)
2026-02-04T01:14:19.524+05:00 DEBUG 12012 --- [bank-cards] [           main] o.s.security.web.FilterChainProxy        : Securing POST /auth/login
2026-02-04T01:14:19.524+05:00 DEBUG 12012 --- [bank-cards] [           main] o.s.s.w.a.AnonymousAuthenticationFilter  : Set SecurityContextHolder to anonymous SecurityContext
2026-02-04T01:14:19.524+05:00 DEBUG 12012 --- [bank-cards] [           main] o.s.security.web.FilterChainProxy        : Secured POST /auth/login
2026-02-04T01:14:19.525+05:00 DEBUG 12012 --- [bank-cards] [           main] org.hibernate.SQL                        : 
    select
        u1_0.id,
        u1_0.password,
        u1_0.phone_number,
        u1_0.role,
        u1_0.username 
    from
        users u1_0 
    where
        u1_0.username=?
Hibernate: 
    select
        u1_0.id,
        u1_0.password,
        u1_0.phone_number,
        u1_0.role,
        u1_0.username 
    from
        users u1_0 
    where
        u1_0.username=?
2026-02-04T01:14:19.584+05:00 DEBUG 12012 --- [bank-cards] [           main] o.s.s.a.dao.DaoAuthenticationProvider    : Authenticated user
2026-02-04T01:14:19.584+05:00 DEBUG 12012 --- [bank-cards] [           main] org.hibernate.SQL                        : 
    select
        u1_0.id,
        u1_0.password,
        u1_0.phone_number,
        u1_0.role,
        u1_0.username 
    from
        users u1_0 
    where
        u1_0.username=?
Hibernate: 
    select
        u1_0.id,
        u1_0.password,
        u1_0.phone_number,
        u1_0.role,
        u1_0.username 
    from
        users u1_0 
    where
        u1_0.username=?
2026-02-04T01:14:19.587+05:00 DEBUG 12012 --- [bank-cards] [           main] org.hibernate.SQL                        : 
    select
        u1_0.id,
        u1_0.password,
        u1_0.phone_number,
        u1_0.role,
        u1_0.username 
    from
        users u1_0 
    where
        u1_0.username=?
Hibernate: 
    select
        u1_0.id,
        u1_0.password,
        u1_0.phone_number,
        u1_0.role,
        u1_0.username 
    from
        users u1_0 
    where
        u1_0.username=?
2026-02-04T01:14:19.587+05:00 DEBUG 12012 --- [bank-cards] [           main] o.s.security.web.FilterChainProxy        : Securing GET /api/v1/cards/admin/all
2026-02-04T01:14:19.590+05:00 DEBUG 12012 --- [bank-cards] [           main] org.hibernate.SQL                        : 
    select
        u1_0.id,
        u1_0.password,
        u1_0.phone_number,
        u1_0.role,
        u1_0.username 
    from
        users u1_0 
    where
        u1_0.username=?
Hibernate: 
    select
        u1_0.id,
        u1_0.password,
        u1_0.phone_number,
        u1_0.role,
        u1_0.username 
    from
        users u1_0 
    where
        u1_0.username=?
2026-02-04T01:14:19.591+05:00 DEBUG 12012 --- [bank-cards] [           main] o.s.security.web.FilterChainProxy        : Secured GET /api/v1/cards/admin/all
2026-02-04T01:14:19.592+05:00 DEBUG 12012 --- [bank-cards] [           main] horizationManagerBeforeMethodInterceptor : Authorizing method invocation ReflectiveMethodInvocation: public org.springframework.http.ResponseEntity com.example.bankcards.controller.CardController.getAllCards(int,int); target is of class [com.example.bankcards.controller.CardController]
2026-02-04T01:14:19.592+05:00 DEBUG 12012 --- [bank-cards] [           main] horizationManagerBeforeMethodInterceptor : Failed to authorize ReflectiveMethodInvocation: public org.springframework.http.ResponseEntity com.example.bankcards.controller.CardController.getAllCards(int,int); target is of class [com.example.bankcards.controller.CardController] with authorization manager org.springframework.security.config.annotation.method.configuration.DeferringObservationAuthorizationManager@384841e3 and decision ExpressionAuthorizationDecision [granted=false, expressionAttribute=hasRole('ADMIN')]
2026-02-04T01:14:19.592+05:00 DEBUG 12012 --- [bank-cards] [           main] o.s.s.w.access.AccessDeniedHandlerImpl   : Responding with 403 status code
]]></system-out>
  </testcase>
</testsuite>